here pin
INFO 01-21 15:59:32.226842.226842 pinpool.py:28] Initializing PinnedMemoryPool with 2GB total, allocating in 1024MB chunks...
INFO 01-21 15:59:32.792947.792947 pinpool.py:40] Allocated chunk 1: 536870912 elements (1024.0 MB)
INFO 01-21 15:59:33.223523.223523 pinpool.py:40] Allocated chunk 2: 536870912 elements (1024.0 MB)
INFO 01-21 15:59:33.224451.224451 pinpool.py:52] Successfully allocated 2 chunks, total 1073741824 elements (2048.0 MB) in 0.998s
Warming up 4 GPU(s)...
GPU 0 warmed up
GPU 1 warmed up
GPU 2 warmed up
GPU 3 warmed up
GPU warmup completed
Warming up 4 GPU(s)...
GPU 0 warmed up
GPU 1 warmed up
GPU 2 warmed up
GPU 3 warmed up
GPU warmup completed
Warming up 4 GPU(s)...
GPU 0 warmed up
GPU 1 warmed up
GPU 2 warmed up
GPU 3 warmed up
GPU warmup completed
here pin
INFO 01-21 15:59:38.667376.667376 pinpool.py:28] Initializing PinnedMemoryPool with 2GB total, allocating in 1024MB chunks...
INFO 01-21 15:59:39.194718.194718 pinpool.py:40] Allocated chunk 1: 536870912 elements (1024.0 MB)
INFO 01-21 15:59:39.632177.632177 pinpool.py:40] Allocated chunk 2: 536870912 elements (1024.0 MB)
INFO 01-21 15:59:39.632069.632069 pinpool.py:52] Successfully allocated 2 chunks, total 1073741824 elements (2048.0 MB) in 0.965s
generate input ids cost 0.10374855995178223 s
INFO 01-21 15:59:51.359577.359577 lmp.py:1605] prefill time: 2.5262324810028076 seconds
WARNING 01-21 15:59:51.435755.435755 cuda_memory_view.py:263] Insufficient GPU memory across all devices! Required: 29.07 GB, Available: 16.61 GB. Will try to allocate as many experts as possible to GPU, remaining experts will stay on CPU.
WARNING 01-21 15:59:51.440445.440445 cuda_memory_view.py:410] Total 2100 experts (18.46 GB) will stay on CPU due to insufficient GPU memory. Details: {17: [7, 8, 11, 14, 16, 18, 21, 23, 24, 26, 27, 28, 29, 31, 32, 33, 36, 38, 39, 41, 42, 43, 44, 45, 49, 50, 54, 55, 56, 57, 58, 59, 60, 61, 62, 67, 69, 70, 71, 74, 75, 76, 81, 82, 86, 88, 90, 91, 92, 95, 96, 98, 99, 101, 108, 110, 111, 113, 114, 115, 116, 119, 120, 125, 126, 127], 18: [0, 1, 5, 7, 9, 11, 12, 15, 17, 19, 20, 21, 22, 24, 26, 27, 28, 29, 31, 32, 34, 36, 37, 39, 40, 42, 43, 44, 45, 46, 50, 51, 57, 58, 59, 60, 64, 66, 68, 69, 70, 72, 73, 74, 76, 78, 79, 80, 81, 82, 83, 86, 87, 90, 91, 92, 95, 99, 102, 106, 109, 111, 112, 113, 114, 116, 119, 122, 125, 126], 19: [0, 4, 6, 9, 13, 14, 16, 18, 21, 22, 23, 24, 27, 29, 30, 33, 34, 36, 37, 42, 44, 54, 56, 57, 59, 62, 63, 64, 65, 66, 68, 69, 70, 71, 75, 77, 78, 79, 81, 83, 84, 85, 90, 92, 94, 95, 96, 97, 98, 101, 102, 103, 104, 105, 106, 107, 111, 112, 114, 117, 118, 120, 122, 124, 125, 126, 127], 20: [1, 4, 7, 8, 11, 16, 19, 21, 22, 24, 26, 31, 32, 33, 34, 36, 41, 42, 43, 45, 46, 47, 49, 50, 52, 53, 55, 58, 59, 60, 62, 63, 65, 71, 72, 73, 77, 78, 79, 80, 81, 82, 83, 86, 87, 88, 89, 90, 92, 93, 94, 97, 98, 99, 100, 102, 106, 107, 109, 111, 112, 113, 114, 117, 118, 119, 120, 124, 126, 127], 21: [0, 3, 5, 6, 7, 8, 12, 14, 15, 16, 17, 19, 27, 28, 29, 30, 31, 33, 36, 37, 39, 42, 43, 44, 47, 49, 54, 55, 56, 57, 59, 61, 63, 64, 65, 66, 67, 68, 72, 74, 75, 78, 82, 83, 86, 87, 89, 92, 93, 97, 100, 102, 104, 106, 107, 111, 112, 113, 114, 116, 117, 118, 119, 120, 121, 122, 123, 125, 126], 22: [0, 3, 4, 8, 9, 11, 12, 14, 15, 16, 17, 20, 21, 23, 24, 27, 30, 31, 33, 36, 37, 43, 44, 45, 47, 48, 49, 55, 56, 58, 59, 62, 63, 65, 66, 68, 71, 72, 73, 74, 75, 76, 77, 78, 79, 81, 82, 85, 86, 87, 88, 91, 92, 93, 94, 96, 98, 101, 104, 106, 109, 111, 115, 116, 117, 118, 122, 123, 125], 23: [0, 5, 6, 7, 9, 10, 11, 14, 15, 17, 22, 23, 25, 26, 27, 30, 33, 34, 35, 39, 41, 43, 44, 45, 48, 49, 50, 51, 52, 55, 56, 57, 58, 61, 63, 64, 65, 66, 68, 70, 71, 72, 74, 75, 77, 78, 80, 81, 82, 87, 88, 91, 93, 95, 96, 100, 103, 106, 108, 109, 112, 113, 114, 118, 119, 121, 123, 125, 126, 127], 24: [2, 3, 5, 6, 7, 9, 13, 15, 17, 19, 20, 23, 27, 29, 31, 33, 34, 35, 36, 37, 39, 41, 44, 46, 47, 48, 54, 56, 57, 59, 60, 64, 65, 66, 69, 72, 76, 77, 81, 82, 83, 84, 86, 88, 90, 91, 93, 94, 96, 97, 100, 102, 106, 107, 110, 112, 114, 116, 117, 118, 119, 120, 121, 122, 123, 126, 127], 25: [3, 4, 5, 6, 7, 8, 9, 10, 19, 22, 23, 26, 27, 28, 30, 33, 34, 36, 38, 39, 43, 46, 47, 48, 49, 51, 52, 53, 54, 56, 60, 61, 66, 67, 69, 70, 71, 73, 74, 80, 81, 83, 88, 89, 90, 93, 94, 96, 97, 98, 99, 100, 102, 103, 105, 106, 111, 112, 113, 114, 115, 117, 118, 119, 120, 121, 122, 124, 126, 127], 26: [0, 1, 3, 6, 8, 12, 15, 21, 22, 24, 25, 26, 30, 31, 32, 33, 36, 38, 41, 43, 45, 46, 48, 49, 50, 51, 52, 53, 54, 56, 64, 65, 66, 67, 68, 70, 72, 75, 76, 77, 78, 79, 84, 88, 89, 90, 92, 93, 96, 100, 101, 102, 104, 105, 106, 108, 109, 110, 112, 119, 120, 122, 123, 124, 125, 126, 127], 27: [5, 7, 8, 10, 12, 13, 14, 22, 25, 26, 27, 28, 29, 30, 34, 35, 37, 39, 40, 41, 42, 43, 45, 46, 47, 48, 49, 51, 52, 53, 55, 56, 57, 58, 62, 65, 66, 67, 68, 70, 71, 74, 75, 76, 78, 80, 81, 82, 85, 86, 89, 92, 93, 96, 97, 99, 100, 103, 104, 105, 106, 108, 110, 112, 113, 114, 115, 116, 120, 123, 124, 125, 127], 28: [0, 2, 3, 5, 6, 7, 8, 9, 10, 12, 19, 20, 21, 22, 24, 25, 27, 28, 30, 31, 33, 35, 37, 38, 39, 41, 42, 48, 51, 55, 56, 59, 61, 65, 66, 67, 68, 69, 71, 72, 73, 76, 78, 79, 80, 81, 84, 86, 90, 92, 93, 94, 95, 96, 97, 99, 101, 104, 105, 106, 107, 117, 119, 120, 121, 125, 126], 29: [1, 2, 4, 5, 7, 8, 11, 12, 16, 19, 21, 23, 24, 27, 28, 29, 31, 32, 33, 34, 38, 41, 42, 43, 44, 45, 50, 52, 53, 54, 55, 56, 57, 58, 60, 61, 62, 64, 66, 67, 69, 70, 71, 74, 75, 76, 81, 82, 85, 86, 87, 88, 90, 91, 92, 98, 99, 100, 101, 110, 111, 114, 115, 116, 118, 119, 123, 126, 127], 30: [0, 2, 5, 7, 11, 12, 15, 16, 17, 19, 20, 21, 22, 24, 25, 26, 27, 28, 29, 30, 31, 32, 34, 37, 38, 39, 40, 43, 44, 45, 46, 50, 51, 53, 57, 58, 59, 63, 64, 66, 68, 69, 73, 74, 76, 78, 80, 82, 83, 86, 87, 90, 91, 95, 101, 102, 105, 106, 108, 109, 111, 113, 114, 116, 117, 124, 125, 127], 31: [0, 4, 8, 9, 14, 15, 16, 20, 21, 22, 23, 24, 28, 29, 30, 31, 33, 35, 36, 37, 42, 49, 54, 57, 59, 60, 62, 63, 64, 65, 66, 67, 68, 70, 71, 75, 76, 78, 79, 80, 81, 83, 84, 85, 90, 91, 92, 93, 94, 96, 97, 102, 104, 105, 106, 108, 114, 116, 117, 118, 120, 122, 123, 124, 125, 126, 127], 32: [1, 3, 4, 7, 8, 11, 16, 19, 21, 22, 23, 24, 30, 31, 33, 34, 36, 43, 45, 46, 47, 49, 50, 52, 53, 56, 58, 59, 60, 62, 63, 71, 72, 73, 77, 78, 80, 81, 82, 83, 84, 87, 88, 89, 92, 93, 94, 97, 98, 99, 100, 101, 102, 105, 107, 109, 111, 112, 113, 116, 118, 119, 120, 121, 126], 33: [0, 3, 5, 6, 7, 8, 9, 14, 15, 17, 18, 19, 23, 27, 28, 29, 31, 33, 36, 37, 39, 42, 44, 49, 54, 55, 56, 57, 59, 61, 63, 66, 67, 68, 72, 73, 74, 75, 78, 82, 83, 85, 86, 87, 88, 89, 90, 92, 93, 97, 99, 100, 102, 104, 105, 108, 110, 112, 114, 115, 116, 117, 118, 119, 120, 121, 122, 126], 34: [0, 3, 4, 5, 6, 11, 12, 14, 15, 16, 17, 20, 21, 24, 26, 27, 30, 31, 33, 36, 37, 43, 45, 46, 47, 48, 49, 50, 55, 57, 58, 59, 61, 62, 65, 66, 68, 71, 72, 73, 74, 75, 76, 78, 79, 80, 81, 82, 86, 87, 91, 92, 93, 94, 96, 99, 101, 104, 105, 106, 111, 114, 117, 122, 125, 126], 35: [0, 1, 5, 6, 10, 11, 14, 20, 22, 24, 25, 26, 27, 30, 31, 33, 34, 35, 38, 39, 40, 41, 43, 44, 45, 48, 49, 50, 51, 52, 54, 57, 58, 60, 61, 64, 65, 70, 71, 72, 73, 74, 75, 77, 78, 80, 81, 83, 87, 88, 89, 91, 93, 94, 95, 96, 100, 106, 107, 110, 112, 113, 114, 118, 121, 123, 126, 127], 36: [2, 3, 5, 6, 7, 8, 9, 11, 13, 15, 16, 17, 19, 20, 21, 22, 27, 31, 35, 37, 39, 41, 44, 46, 47, 48, 50, 56, 58, 64, 66, 69, 70, 72, 73, 75, 77, 81, 82, 83, 84, 85, 86, 88, 89, 91, 92, 93, 94, 95, 96, 99, 100, 102, 107, 110, 111, 112, 113, 117, 118, 119, 120, 122, 123, 126, 127], 37: [1, 3, 4, 5, 6, 7, 8, 9, 10, 15, 17, 19, 20, 21, 22, 23, 26, 27, 28, 30, 34, 38, 39, 43, 46, 47, 48, 51, 53, 58, 60, 61, 67, 69, 70, 71, 74, 79, 80, 81, 83, 84, 88, 89, 90, 93, 94, 96, 97, 100, 101, 102, 103, 105, 106, 108, 109, 111, 112, 113, 114, 115, 116, 117, 119, 121, 122, 123, 124], 38: [0, 2, 6, 11, 14, 15, 17, 20, 24, 25, 26, 30, 33, 34, 35, 36, 37, 38, 41, 42, 45, 46, 48, 49, 51, 53, 54, 56, 61, 65, 67, 68, 70, 71, 73, 75, 76, 77, 78, 79, 82, 84, 85, 90, 92, 93, 96, 98, 99, 100, 101, 103, 104, 106, 107, 108, 109, 112, 113, 119, 120, 122, 123, 124, 126], 39: [2, 5, 7, 8, 12, 14, 17, 22, 24, 25, 26, 27, 28, 30, 34, 35, 39, 40, 41, 42, 43, 45, 47, 49, 52, 56, 57, 58, 61, 62, 63, 65, 66, 67, 68, 70, 71, 74, 76, 78, 79, 80, 81, 82, 83, 85, 86, 88, 89, 92, 93, 96, 97, 99, 100, 101, 103, 104, 110, 113, 114, 115, 116, 118, 119, 120, 123, 124, 125, 127], 40: [5, 7, 9, 10, 11, 12, 13, 14, 19, 20, 21, 22, 24, 25, 27, 28, 30, 31, 33, 35, 36, 37, 38, 39, 41, 42, 43, 51, 54, 55, 56, 59, 65, 66, 67, 68, 69, 71, 72, 73, 76, 77, 80, 81, 83, 84, 85, 86, 89, 90, 93, 95, 96, 100, 101, 104, 105, 106, 112, 117, 118, 120, 121, 122, 124, 125, 126], 41: [3, 5, 7, 8, 10, 11, 12, 14, 16, 19, 21, 22, 23, 24, 27, 28, 29, 30, 31, 32, 33, 34, 37, 38, 39, 40, 41, 42, 43, 44, 45, 47, 49, 50, 53, 54, 56, 57, 58, 59, 60, 62, 68, 70, 71, 74, 75, 81, 82, 83, 86, 87, 90, 91, 92, 95, 97, 101, 102, 105, 108, 110, 113, 114, 116, 127], 42: [1, 4, 6, 8, 11, 14, 15, 18, 19, 21, 24, 27, 29, 31, 33, 34, 35, 36, 37, 38, 39, 40, 42, 44, 45, 47, 50, 53, 54, 58, 60, 62, 65, 66, 67, 70, 71, 72, 79, 81, 82, 83, 84, 85, 88, 89, 99, 100, 101, 102, 103, 104, 105, 106, 108, 112, 113, 114, 117, 118, 120, 121, 122, 124, 125, 127], 43: [0, 1, 3, 4, 9, 11, 13, 18, 19, 20, 21, 22, 23, 25, 33, 35, 37, 39, 40, 43, 44, 45, 50, 51, 52, 54, 57, 60, 61, 62, 63, 64, 65, 66, 67, 68, 69, 70, 71, 72, 73, 74, 77, 80, 85, 87, 88, 89, 93, 97, 99, 100, 101, 102, 104, 105, 107, 109, 110, 111, 112, 114, 118, 119, 120, 123, 124, 127], 44: [0, 1, 2, 4, 6, 8, 11, 14, 15, 16, 18, 21, 23, 24, 28, 31, 34, 35, 38, 42, 45, 46, 47, 48, 49, 52, 53, 55, 57, 58, 59, 60, 62, 63, 70, 71, 74, 76, 77, 78, 79, 81, 84, 86, 87, 88, 89, 91, 92, 95, 96, 97, 105, 106, 109, 111, 112, 114, 115, 117, 120, 122, 123, 125, 126, 127], 45: [1, 3, 4, 6, 7, 9, 10, 11, 13, 14, 17, 18, 21, 23, 25, 28, 30, 32, 35, 39, 43, 44, 45, 46, 48, 49, 51, 52, 53, 54, 55, 56, 57, 59, 60, 61, 62, 65, 66, 67, 68, 69, 72, 73, 75, 76, 77, 81, 84, 89, 92, 94, 96, 97, 100, 102, 104, 105, 106, 108, 109, 110, 111, 114, 115, 118, 123], 46: [2, 4, 6, 7, 8, 9, 13, 14, 18, 20, 21, 23, 25, 26, 28, 30, 31, 33, 34, 37, 38, 39, 41, 43, 46, 47, 48, 50, 51, 52, 53, 56, 58, 59, 60, 61, 62, 67, 72, 73, 77, 78, 79, 83, 85, 86, 87, 88, 89, 90, 92, 93, 94, 95, 97, 105, 107, 111, 112, 114, 116, 117, 118, 119, 120, 121, 125, 126], 47: [0, 1, 4, 5, 8, 9, 13, 14, 15, 16, 20, 25, 29, 32, 34, 35, 37, 39, 40, 41, 42, 43, 47, 48, 50, 51, 52, 53, 56, 57, 58, 60, 61, 62, 63, 64, 65, 68, 70, 72, 73, 75, 76, 79, 80, 81, 83, 87, 89, 91, 92, 93, 95, 100, 102, 105, 107, 108, 113, 114, 115, 116, 117, 119, 126]}
INFO 01-21 15:59:52.539873.539873 lmp.py:1712] decode step 0 time: 1.092883825302124 seconds
INFO 01-21 15:59:54.176763.176763 lmp.py:1712] decode step 1 time: 0.732720136642456 seconds
INFO 01-21 15:59:55.089464.089464 lmp.py:1712] decode step 2 time: 0.7419452667236328 seconds
INFO 01-21 15:59:55.959985.959985 lmp.py:1712] decode step 3 time: 0.6997787952423096 seconds
INFO 01-21 15:59:56.815752.815752 lmp.py:1712] decode step 4 time: 0.6911568641662598 seconds
INFO 01-21 15:59:57.637549.637549 lmp.py:1712] decode step 5 time: 0.652942419052124 seconds
INFO 01-21 15:59:58.451034.451034 lmp.py:1712] decode step 6 time: 0.6421821117401123 seconds
INFO 01-21 15:59:59.380642.380642 lmp.py:1712] decode step 7 time: 0.7642099857330322 seconds
INFO 01-21 16:00:00.306420.306420 lmp.py:1712] decode step 8 time: 0.7441015243530273 seconds
INFO 01-21 16:00:01.125295.125295 lmp.py:1712] decode step 9 time: 0.638575553894043 seconds
INFO 01-21 16:00:02.022188.022188 lmp.py:1712] decode step 10 time: 0.734154224395752 seconds
INFO 01-21 16:00:02.887183.887183 lmp.py:1712] decode step 11 time: 0.6837630271911621 seconds
INFO 01-21 16:00:03.747386.747386 lmp.py:1712] decode step 12 time: 0.6972389221191406 seconds
INFO 01-21 16:00:04.656216.656216 lmp.py:1712] decode step 13 time: 0.7297770977020264 seconds
INFO 01-21 16:00:05.566527.566527 lmp.py:1712] decode step 14 time: 0.7136111259460449 seconds
INFO 01-21 16:00:06.415537.415537 lmp.py:1712] decode step 15 time: 0.6841287612915039 seconds
INFO 01-21 16:00:07.252446.252446 lmp.py:1712] decode step 16 time: 0.6561863422393799 seconds
INFO 01-21 16:00:08.166812.166812 lmp.py:1712] decode step 17 time: 0.7090888023376465 seconds
INFO 01-21 16:00:09.075081.075081 lmp.py:1712] decode step 18 time: 0.6939842700958252 seconds
INFO 01-21 16:00:09.797808.797808 lmp.py:1712] decode step 19 time: 0.5578973293304443 seconds
INFO 01-21 16:00:10.526393.526393 lmp.py:1712] decode step 20 time: 0.5629298686981201 seconds
INFO 01-21 16:00:11.226860.226860 lmp.py:1712] decode step 21 time: 0.520758867263794 seconds
INFO 01-21 16:00:11.954030.954030 lmp.py:1712] decode step 22 time: 0.5772769451141357 seconds
INFO 01-21 16:00:12.676272.676272 lmp.py:1712] decode step 23 time: 0.5421199798583984 seconds
INFO 01-21 16:00:13.409365.409365 lmp.py:1712] decode step 24 time: 0.5614752769470215 seconds
INFO 01-21 16:00:14.162518.162518 lmp.py:1712] decode step 25 time: 0.5755562782287598 seconds
INFO 01-21 16:00:14.910341.910341 lmp.py:1712] decode step 26 time: 0.5642130374908447 seconds
INFO 01-21 16:00:15.654943.654943 lmp.py:1712] decode step 27 time: 0.5935866832733154 seconds
INFO 01-21 16:00:16.382437.382437 lmp.py:1712] decode step 28 time: 0.5638039112091064 seconds
INFO 01-21 16:00:17.094716.094716 lmp.py:1712] decode step 29 time: 0.5327122211456299 seconds
INFO 01-21 16:00:17.808107.808107 lmp.py:1712] decode step 30 time: 0.5487110614776611 seconds
INFO 01-21 16:00:17.983945.983945 lmp.py:1721] average decode time from decode step 5: 0.6324994472356943 seconds
generate input ids cost 0.08925628662109375 s
INFO 01-21 16:00:27.103200.103200 lmp.py:1605] prefill time: 2.3241031169891357 seconds
WARNING 01-21 16:00:27.184508.184508 cuda_memory_view.py:263] Insufficient GPU memory across all devices! Required: 29.07 GB, Available: 16.62 GB. Will try to allocate as many experts as possible to GPU, remaining experts will stay on CPU.
WARNING 01-21 16:00:27.190712.190712 cuda_memory_view.py:410] Total 2100 experts (18.46 GB) will stay on CPU due to insufficient GPU memory. Details: {17: [5, 7, 8, 11, 14, 16, 18, 21, 23, 24, 26, 27, 28, 29, 31, 32, 33, 36, 38, 39, 41, 42, 43, 44, 45, 49, 50, 54, 55, 56, 57, 58, 59, 60, 61, 62, 67, 69, 70, 71, 74, 75, 76, 81, 82, 86, 88, 90, 91, 92, 95, 96, 98, 99, 101, 108, 110, 111, 113, 114, 115, 116, 119, 120, 125, 126, 127], 18: [0, 1, 5, 7, 9, 11, 12, 15, 17, 19, 20, 21, 22, 24, 26, 27, 28, 29, 31, 32, 34, 36, 37, 39, 40, 42, 43, 44, 45, 46, 50, 51, 57, 58, 59, 60, 64, 66, 68, 69, 70, 72, 73, 74, 76, 78, 79, 80, 81, 82, 83, 86, 87, 90, 91, 92, 95, 99, 102, 106, 109, 111, 112, 113, 114, 116, 119, 122, 125, 126], 19: [0, 4, 6, 9, 13, 14, 16, 18, 21, 22, 23, 24, 27, 29, 30, 33, 34, 36, 37, 42, 44, 54, 56, 57, 59, 62, 63, 64, 65, 66, 68, 69, 70, 71, 75, 77, 78, 79, 81, 83, 84, 85, 90, 92, 94, 95, 96, 97, 98, 101, 102, 103, 104, 105, 106, 107, 111, 112, 114, 117, 118, 120, 122, 124, 125, 126, 127], 20: [1, 4, 7, 8, 11, 16, 19, 21, 22, 24, 26, 31, 32, 33, 34, 36, 41, 42, 43, 45, 46, 47, 49, 50, 52, 53, 55, 58, 59, 60, 62, 63, 65, 71, 72, 73, 77, 78, 79, 80, 81, 82, 83, 86, 87, 88, 89, 90, 92, 93, 94, 97, 98, 99, 100, 102, 106, 107, 109, 111, 112, 113, 114, 117, 118, 119, 120, 124, 126, 127], 21: [0, 3, 5, 6, 7, 8, 12, 14, 15, 16, 17, 19, 27, 28, 29, 30, 31, 33, 36, 37, 39, 42, 43, 44, 47, 49, 54, 55, 56, 57, 59, 61, 63, 64, 65, 66, 67, 68, 72, 74, 75, 78, 82, 83, 86, 87, 89, 92, 93, 97, 100, 102, 104, 106, 107, 111, 112, 113, 114, 116, 117, 118, 119, 120, 121, 122, 123, 125, 126], 22: [0, 3, 4, 8, 9, 11, 12, 14, 15, 16, 17, 20, 21, 23, 24, 27, 30, 31, 33, 36, 37, 43, 44, 45, 47, 48, 49, 55, 56, 58, 59, 62, 63, 65, 66, 68, 71, 72, 73, 74, 75, 76, 77, 78, 79, 81, 82, 85, 86, 87, 88, 91, 92, 93, 94, 96, 98, 101, 104, 106, 109, 111, 115, 116, 117, 118, 122, 123, 125], 23: [0, 5, 6, 7, 9, 10, 11, 14, 15, 17, 22, 23, 25, 26, 27, 30, 33, 34, 35, 39, 41, 44, 45, 46, 48, 49, 50, 51, 52, 55, 56, 57, 58, 61, 63, 64, 65, 66, 68, 70, 71, 72, 74, 75, 77, 78, 80, 81, 82, 87, 88, 91, 93, 95, 96, 100, 103, 106, 108, 109, 112, 113, 114, 118, 119, 121, 123, 125, 126, 127], 24: [2, 3, 5, 6, 7, 9, 13, 15, 17, 19, 20, 23, 27, 29, 31, 33, 34, 35, 36, 37, 39, 41, 44, 46, 47, 48, 54, 56, 57, 59, 60, 64, 65, 66, 69, 72, 76, 77, 81, 82, 83, 84, 86, 88, 90, 91, 93, 94, 96, 97, 100, 102, 106, 107, 110, 112, 114, 116, 117, 118, 119, 120, 121, 122, 123, 126, 127], 25: [3, 4, 5, 6, 7, 8, 9, 10, 19, 22, 23, 26, 27, 28, 30, 33, 34, 36, 38, 39, 43, 46, 47, 48, 49, 51, 52, 53, 54, 56, 60, 61, 66, 67, 69, 70, 71, 73, 74, 80, 81, 83, 88, 89, 90, 93, 94, 96, 97, 98, 99, 100, 102, 103, 105, 106, 111, 112, 113, 114, 115, 117, 118, 119, 120, 121, 122, 124, 126, 127], 26: [0, 1, 3, 6, 8, 12, 15, 21, 22, 24, 25, 26, 30, 31, 32, 33, 36, 38, 41, 43, 45, 46, 48, 49, 50, 51, 52, 53, 54, 56, 64, 65, 66, 67, 68, 70, 72, 75, 76, 77, 78, 79, 84, 88, 89, 90, 92, 93, 96, 100, 101, 102, 104, 105, 106, 108, 109, 110, 112, 119, 120, 122, 123, 124, 125, 126, 127], 27: [5, 7, 8, 10, 12, 13, 14, 22, 25, 26, 27, 28, 29, 30, 34, 35, 37, 39, 40, 41, 42, 43, 45, 46, 47, 48, 49, 51, 52, 53, 55, 56, 57, 58, 62, 65, 66, 67, 68, 70, 71, 74, 76, 78, 80, 81, 82, 85, 86, 89, 92, 93, 96, 97, 99, 100, 103, 104, 105, 106, 108, 110, 112, 113, 114, 115, 116, 118, 120, 123, 124, 127], 28: [0, 2, 3, 5, 7, 8, 9, 10, 12, 18, 19, 20, 21, 22, 24, 25, 27, 28, 30, 31, 33, 35, 37, 38, 39, 41, 42, 48, 51, 55, 56, 59, 61, 65, 66, 67, 68, 69, 71, 72, 73, 76, 78, 79, 80, 81, 84, 86, 90, 92, 93, 94, 95, 96, 97, 99, 101, 104, 105, 106, 107, 117, 119, 120, 121, 125, 126], 29: [1, 2, 4, 5, 7, 8, 11, 12, 16, 19, 21, 23, 24, 27, 28, 29, 31, 32, 33, 34, 38, 41, 42, 43, 44, 45, 50, 52, 53, 54, 55, 56, 57, 58, 60, 61, 62, 64, 66, 67, 69, 70, 71, 74, 75, 76, 81, 82, 85, 86, 87, 88, 90, 91, 92, 98, 99, 100, 101, 110, 111, 114, 115, 116, 118, 119, 123, 126, 127], 30: [0, 2, 5, 7, 11, 12, 15, 16, 17, 19, 20, 21, 22, 24, 25, 26, 27, 28, 29, 30, 31, 32, 34, 37, 38, 39, 40, 43, 44, 45, 46, 50, 51, 53, 57, 58, 59, 63, 64, 66, 68, 69, 73, 74, 76, 78, 80, 82, 83, 86, 87, 90, 91, 95, 101, 102, 105, 106, 108, 109, 111, 113, 114, 116, 117, 124, 125, 127], 31: [0, 4, 8, 9, 14, 15, 16, 20, 21, 22, 23, 24, 28, 29, 30, 31, 33, 35, 36, 37, 42, 49, 54, 57, 59, 60, 62, 63, 64, 65, 66, 67, 68, 70, 71, 75, 76, 78, 79, 80, 81, 83, 84, 85, 90, 91, 92, 93, 94, 96, 97, 102, 104, 105, 106, 108, 114, 116, 117, 118, 120, 122, 123, 124, 125, 126, 127], 32: [1, 3, 4, 7, 8, 11, 16, 19, 21, 22, 23, 24, 30, 31, 33, 34, 36, 43, 45, 46, 47, 49, 50, 52, 53, 56, 58, 59, 60, 62, 63, 71, 72, 73, 77, 78, 80, 81, 82, 83, 84, 87, 88, 89, 92, 93, 94, 97, 98, 99, 100, 101, 102, 105, 107, 109, 111, 112, 113, 116, 118, 119, 120, 121, 126], 33: [0, 3, 5, 6, 7, 8, 9, 14, 15, 17, 18, 19, 23, 27, 28, 29, 31, 33, 36, 37, 39, 42, 44, 49, 54, 55, 56, 57, 59, 61, 63, 66, 67, 68, 72, 73, 74, 75, 78, 82, 83, 85, 86, 87, 88, 89, 90, 93, 97, 99, 100, 102, 104, 105, 108, 110, 112, 114, 115, 116, 117, 118, 119, 120, 121, 122, 123, 126], 34: [0, 3, 4, 5, 6, 11, 12, 14, 15, 16, 17, 20, 21, 24, 26, 27, 30, 31, 33, 36, 37, 43, 45, 46, 47, 48, 49, 50, 55, 57, 58, 59, 61, 62, 65, 66, 68, 71, 72, 73, 74, 75, 76, 78, 79, 80, 81, 82, 86, 87, 91, 92, 93, 94, 96, 99, 101, 104, 105, 106, 111, 114, 117, 122, 125, 126], 35: [0, 1, 5, 6, 10, 11, 14, 20, 22, 24, 25, 26, 27, 30, 31, 33, 34, 35, 38, 39, 40, 41, 43, 44, 45, 48, 49, 50, 51, 52, 54, 57, 58, 60, 61, 64, 65, 70, 71, 72, 73, 74, 75, 77, 78, 80, 81, 83, 87, 88, 89, 91, 93, 94, 95, 96, 100, 106, 107, 110, 112, 113, 114, 118, 121, 123, 126, 127], 36: [2, 3, 5, 6, 7, 8, 9, 11, 13, 15, 16, 17, 19, 20, 21, 22, 27, 31, 35, 37, 39, 41, 44, 46, 47, 48, 50, 56, 58, 64, 66, 69, 70, 72, 73, 75, 77, 81, 82, 83, 84, 85, 86, 88, 89, 91, 92, 93, 94, 95, 96, 99, 100, 102, 107, 110, 111, 112, 113, 117, 118, 119, 120, 122, 123, 126, 127], 37: [1, 3, 4, 5, 6, 7, 8, 9, 10, 15, 17, 19, 20, 21, 22, 23, 26, 27, 28, 30, 34, 38, 39, 43, 46, 47, 48, 51, 53, 58, 60, 61, 67, 69, 70, 71, 74, 79, 80, 81, 83, 84, 88, 89, 90, 93, 94, 96, 97, 100, 101, 102, 103, 105, 106, 108, 109, 111, 112, 113, 114, 115, 116, 117, 119, 121, 122, 123, 124], 38: [0, 2, 6, 11, 14, 15, 17, 20, 24, 25, 26, 30, 31, 33, 34, 35, 36, 37, 38, 41, 42, 45, 46, 48, 49, 51, 53, 54, 56, 61, 65, 67, 68, 70, 71, 73, 75, 76, 77, 78, 79, 82, 84, 85, 90, 92, 93, 96, 98, 99, 100, 101, 103, 104, 106, 107, 108, 109, 112, 119, 120, 122, 123, 124, 126], 39: [2, 5, 7, 8, 12, 14, 17, 22, 24, 25, 26, 27, 28, 29, 30, 34, 35, 39, 40, 41, 42, 43, 45, 47, 49, 52, 56, 57, 58, 61, 62, 63, 65, 66, 67, 68, 70, 71, 74, 76, 78, 79, 80, 81, 82, 83, 85, 86, 88, 89, 92, 93, 96, 97, 99, 100, 101, 103, 104, 110, 113, 114, 115, 116, 118, 120, 123, 124, 125, 127], 40: [5, 7, 9, 10, 11, 12, 13, 14, 19, 20, 21, 22, 24, 25, 27, 28, 30, 31, 33, 35, 36, 37, 38, 39, 41, 42, 43, 51, 54, 55, 56, 59, 65, 66, 67, 68, 69, 71, 72, 73, 76, 77, 80, 81, 83, 84, 85, 86, 89, 90, 93, 95, 96, 100, 101, 104, 105, 106, 112, 117, 118, 120, 121, 122, 124, 125, 126], 41: [3, 5, 7, 8, 10, 11, 12, 14, 16, 19, 21, 22, 23, 24, 27, 28, 29, 30, 31, 32, 33, 34, 37, 38, 39, 40, 41, 42, 43, 44, 45, 47, 49, 50, 53, 54, 56, 57, 58, 59, 60, 62, 68, 70, 71, 74, 75, 81, 82, 83, 86, 87, 90, 91, 92, 95, 97, 101, 102, 105, 108, 110, 113, 114, 116, 127], 42: [1, 4, 6, 8, 11, 14, 15, 18, 19, 21, 24, 27, 29, 31, 33, 34, 35, 36, 37, 38, 39, 40, 42, 43, 44, 45, 47, 50, 53, 54, 58, 60, 62, 65, 66, 67, 70, 71, 72, 79, 81, 82, 83, 84, 85, 88, 89, 99, 100, 101, 102, 103, 104, 105, 106, 108, 112, 113, 117, 118, 120, 121, 122, 124, 125, 127], 43: [0, 1, 3, 4, 9, 11, 13, 18, 19, 20, 21, 22, 23, 25, 33, 35, 37, 39, 40, 43, 44, 45, 50, 51, 52, 54, 57, 60, 61, 62, 63, 64, 65, 66, 67, 68, 69, 70, 71, 72, 73, 77, 80, 85, 86, 87, 88, 89, 93, 97, 99, 100, 101, 102, 104, 105, 107, 109, 110, 111, 112, 114, 118, 119, 120, 123, 124, 127], 44: [0, 1, 2, 4, 6, 8, 11, 14, 15, 16, 18, 21, 23, 24, 28, 31, 34, 35, 38, 42, 45, 46, 47, 48, 49, 52, 53, 55, 57, 58, 59, 60, 62, 63, 70, 71, 74, 76, 77, 78, 79, 81, 84, 86, 87, 88, 89, 91, 92, 95, 96, 97, 105, 106, 109, 111, 112, 114, 115, 117, 120, 122, 123, 125, 126, 127], 45: [1, 3, 4, 6, 7, 9, 10, 11, 13, 14, 17, 18, 21, 23, 25, 28, 30, 32, 35, 39, 43, 44, 45, 46, 48, 49, 51, 52, 53, 54, 55, 56, 57, 59, 60, 61, 62, 65, 66, 67, 68, 69, 72, 73, 75, 76, 77, 81, 84, 89, 92, 94, 96, 97, 100, 102, 104, 105, 106, 108, 109, 110, 111, 114, 115, 118, 123], 46: [2, 4, 6, 7, 8, 9, 13, 14, 18, 20, 21, 23, 25, 26, 28, 30, 31, 33, 34, 37, 38, 39, 41, 43, 46, 47, 48, 50, 51, 52, 53, 56, 58, 59, 60, 61, 67, 72, 73, 77, 78, 79, 83, 85, 86, 87, 88, 89, 90, 92, 93, 94, 95, 97, 105, 107, 111, 112, 114, 116, 117, 118, 119, 120, 121, 124, 125, 126], 47: [0, 1, 4, 5, 8, 9, 13, 14, 15, 16, 20, 25, 29, 32, 34, 35, 37, 39, 40, 41, 42, 43, 47, 48, 50, 51, 52, 53, 56, 57, 58, 60, 61, 62, 63, 64, 65, 68, 70, 72, 73, 75, 76, 79, 80, 81, 83, 87, 89, 91, 92, 93, 95, 100, 102, 105, 107, 108, 113, 114, 115, 116, 117, 119, 126]}
INFO 01-21 16:00:28.007957.007957 lmp.py:1712] decode step 0 time: 0.815474271774292 seconds
INFO 01-21 16:00:29.655201.655201 lmp.py:1712] decode step 1 time: 0.6664233207702637 seconds
INFO 01-21 16:00:30.460355.460355 lmp.py:1712] decode step 2 time: 0.6356987953186035 seconds
INFO 01-21 16:00:31.187235.187235 lmp.py:1712] decode step 3 time: 0.5610818862915039 seconds
INFO 01-21 16:00:31.907248.907248 lmp.py:1712] decode step 4 time: 0.5580704212188721 seconds
INFO 01-21 16:00:32.635101.635101 lmp.py:1712] decode step 5 time: 0.5741298198699951 seconds
INFO 01-21 16:00:33.432183.432183 lmp.py:1712] decode step 6 time: 0.6329941749572754 seconds
INFO 01-21 16:00:34.191627.191627 lmp.py:1712] decode step 7 time: 0.572197675704956 seconds
INFO 01-21 16:00:34.939011.939011 lmp.py:1712] decode step 8 time: 0.5728819370269775 seconds
INFO 01-21 16:00:35.685914.685914 lmp.py:1712] decode step 9 time: 0.5809686183929443 seconds
INFO 01-21 16:00:36.503519.503519 lmp.py:1712] decode step 10 time: 0.6471405029296875 seconds
INFO 01-21 16:00:37.262587.262587 lmp.py:1712] decode step 11 time: 0.5788283348083496 seconds
INFO 01-21 16:00:38.009778.009778 lmp.py:1712] decode step 12 time: 0.5831649303436279 seconds
INFO 01-21 16:00:38.787617.787617 lmp.py:1712] decode step 13 time: 0.6042413711547852 seconds
INFO 01-21 16:00:39.571766.571766 lmp.py:1712] decode step 14 time: 0.5922527313232422 seconds
INFO 01-21 16:00:40.313371.313371 lmp.py:1712] decode step 15 time: 0.5672821998596191 seconds
INFO 01-21 16:00:41.086998.086998 lmp.py:1712] decode step 16 time: 0.57808518409729 seconds
INFO 01-21 16:00:41.866324.866324 lmp.py:1712] decode step 17 time: 0.5752458572387695 seconds
INFO 01-21 16:00:42.647174.647174 lmp.py:1712] decode step 18 time: 0.5614690780639648 seconds
INFO 01-21 16:00:43.442174.442174 lmp.py:1712] decode step 19 time: 0.6040570735931396 seconds
INFO 01-21 16:00:44.186375.186375 lmp.py:1712] decode step 20 time: 0.5607647895812988 seconds
INFO 01-21 16:00:44.897133.897133 lmp.py:1712] decode step 21 time: 0.5560264587402344 seconds
INFO 01-21 16:00:45.671034.671034 lmp.py:1712] decode step 22 time: 0.603370189666748 seconds
INFO 01-21 16:00:46.446771.446771 lmp.py:1712] decode step 23 time: 0.5957152843475342 seconds
INFO 01-21 16:00:47.261667.261667 lmp.py:1712] decode step 24 time: 0.6500494480133057 seconds
INFO 01-21 16:00:48.036407.036407 lmp.py:1712] decode step 25 time: 0.5969488620758057 seconds
INFO 01-21 16:00:48.821381.821381 lmp.py:1712] decode step 26 time: 0.6239895820617676 seconds
INFO 01-21 16:00:49.597967.597967 lmp.py:1712] decode step 27 time: 0.5934600830078125 seconds
INFO 01-21 16:00:50.372588.372588 lmp.py:1712] decode step 28 time: 0.5958724021911621 seconds
INFO 01-21 16:00:51.209648.209648 lmp.py:1712] decode step 29 time: 0.6525988578796387 seconds
INFO 01-21 16:00:51.995591.995591 lmp.py:1712] decode step 30 time: 0.6049563884735107 seconds
INFO 01-21 16:00:52.174767.174767 lmp.py:1721] average decode time from decode step 5: 0.5945650705924401 seconds
