here pin
INFO 01-21 16:01:03.875226.875226 pinpool.py:28] Initializing PinnedMemoryPool with 2GB total, allocating in 1024MB chunks...
INFO 01-21 16:01:04.431935.431935 pinpool.py:40] Allocated chunk 1: 536870912 elements (1024.0 MB)
INFO 01-21 16:01:04.879121.879121 pinpool.py:40] Allocated chunk 2: 536870912 elements (1024.0 MB)
INFO 01-21 16:01:04.879757.879757 pinpool.py:52] Successfully allocated 2 chunks, total 1073741824 elements (2048.0 MB) in 1.004s
Warming up 4 GPU(s)...
GPU 0 warmed up
GPU 1 warmed up
GPU 2 warmed up
GPU 3 warmed up
GPU warmup completed
Warming up 4 GPU(s)...
GPU 0 warmed up
GPU 1 warmed up
GPU 2 warmed up
GPU 3 warmed up
GPU warmup completed
Warming up 4 GPU(s)...
GPU 0 warmed up
GPU 1 warmed up
GPU 2 warmed up
GPU 3 warmed up
GPU warmup completed
here pin
INFO 01-21 16:01:09.684129.684129 pinpool.py:28] Initializing PinnedMemoryPool with 2GB total, allocating in 1024MB chunks...
INFO 01-21 16:01:10.194928.194928 pinpool.py:40] Allocated chunk 1: 536870912 elements (1024.0 MB)
INFO 01-21 16:01:10.623430.623430 pinpool.py:40] Allocated chunk 2: 536870912 elements (1024.0 MB)
INFO 01-21 16:01:10.624530.624530 pinpool.py:52] Successfully allocated 2 chunks, total 1073741824 elements (2048.0 MB) in 0.940s
generate input ids cost 0.09327316284179688 s
INFO 01-21 16:01:20.977737.977737 lmp.py:1605] prefill time: 2.4680113792419434 seconds
WARNING 01-21 16:01:21.043712.043712 cuda_memory_view.py:263] Insufficient GPU memory across all devices! Required: 29.07 GB, Available: 16.62 GB. Will try to allocate as many experts as possible to GPU, remaining experts will stay on CPU.
WARNING 01-21 16:01:21.048175.048175 cuda_memory_view.py:410] Total 2100 experts (18.46 GB) will stay on CPU due to insufficient GPU memory. Details: {17: [4, 5, 7, 8, 11, 14, 16, 18, 21, 23, 24, 26, 27, 28, 29, 31, 32, 33, 36, 38, 39, 41, 42, 43, 44, 45, 49, 50, 54, 55, 56, 57, 58, 59, 60, 61, 62, 67, 69, 70, 71, 74, 75, 76, 81, 82, 86, 88, 90, 91, 92, 95, 96, 98, 99, 101, 108, 110, 111, 113, 114, 115, 116, 119, 120, 125, 126, 127], 18: [0, 1, 5, 7, 9, 11, 12, 15, 17, 19, 20, 21, 22, 24, 26, 27, 28, 29, 31, 32, 34, 36, 37, 39, 40, 42, 43, 44, 45, 46, 50, 51, 57, 58, 59, 60, 64, 66, 68, 69, 70, 72, 73, 74, 76, 78, 79, 80, 81, 82, 83, 86, 87, 90, 91, 92, 95, 99, 102, 106, 109, 111, 112, 113, 114, 116, 119, 122, 125, 126], 19: [0, 4, 6, 9, 13, 14, 16, 18, 21, 22, 23, 24, 27, 29, 30, 33, 34, 36, 37, 42, 44, 54, 56, 57, 59, 62, 63, 64, 65, 66, 68, 69, 70, 71, 75, 77, 78, 79, 81, 83, 84, 85, 90, 92, 94, 95, 96, 97, 98, 101, 102, 103, 104, 105, 106, 107, 111, 112, 114, 117, 118, 120, 122, 124, 125, 126, 127], 20: [1, 4, 7, 8, 11, 16, 19, 21, 22, 24, 26, 31, 32, 33, 34, 36, 41, 42, 43, 45, 46, 47, 49, 50, 52, 53, 55, 58, 59, 60, 62, 63, 65, 71, 72, 73, 77, 78, 79, 80, 81, 82, 83, 86, 87, 88, 89, 90, 92, 93, 94, 97, 98, 99, 100, 102, 106, 107, 109, 111, 112, 113, 114, 117, 118, 119, 120, 124, 126, 127], 21: [0, 3, 5, 6, 7, 8, 12, 14, 15, 16, 17, 19, 27, 28, 29, 30, 31, 33, 36, 37, 39, 42, 43, 44, 47, 49, 54, 55, 56, 57, 59, 61, 63, 64, 65, 66, 67, 68, 72, 74, 75, 78, 82, 83, 86, 87, 89, 92, 93, 97, 100, 102, 104, 106, 107, 111, 112, 113, 114, 116, 117, 118, 119, 120, 121, 122, 123, 125, 126], 22: [0, 3, 4, 8, 9, 11, 12, 14, 15, 16, 17, 20, 21, 23, 24, 27, 30, 31, 33, 36, 37, 43, 44, 45, 47, 48, 49, 55, 56, 58, 59, 62, 63, 65, 66, 68, 71, 72, 73, 74, 75, 76, 77, 78, 79, 81, 82, 85, 86, 87, 88, 91, 92, 93, 94, 96, 98, 101, 104, 106, 109, 111, 115, 116, 117, 118, 122, 123, 125], 23: [0, 5, 6, 7, 9, 10, 11, 14, 15, 17, 22, 23, 25, 26, 27, 30, 33, 34, 35, 39, 41, 44, 45, 46, 48, 49, 50, 51, 52, 55, 56, 57, 58, 61, 63, 64, 65, 66, 68, 70, 71, 72, 74, 75, 77, 78, 80, 81, 82, 87, 88, 91, 93, 95, 96, 100, 103, 106, 108, 109, 112, 113, 114, 118, 119, 121, 123, 125, 126, 127], 24: [2, 3, 5, 6, 7, 9, 13, 15, 17, 19, 20, 23, 27, 29, 31, 33, 34, 35, 36, 37, 39, 41, 44, 46, 47, 48, 54, 56, 57, 59, 60, 64, 65, 66, 69, 72, 76, 77, 81, 82, 83, 84, 86, 88, 90, 91, 93, 94, 96, 97, 100, 102, 106, 107, 110, 112, 114, 116, 117, 118, 119, 120, 121, 122, 123, 126, 127], 25: [3, 4, 5, 6, 7, 8, 9, 10, 19, 22, 23, 26, 27, 28, 30, 33, 34, 36, 38, 39, 43, 46, 47, 48, 49, 51, 52, 53, 54, 56, 60, 61, 66, 67, 69, 70, 71, 73, 74, 80, 81, 83, 88, 89, 90, 93, 94, 96, 97, 98, 99, 100, 102, 103, 105, 106, 111, 112, 113, 114, 115, 117, 118, 119, 120, 121, 122, 124, 126, 127], 26: [0, 1, 3, 6, 8, 12, 15, 21, 22, 24, 25, 26, 30, 31, 32, 33, 36, 38, 41, 43, 45, 46, 48, 49, 50, 51, 52, 53, 54, 56, 64, 65, 66, 67, 68, 70, 72, 75, 76, 77, 78, 79, 84, 88, 89, 90, 92, 93, 96, 100, 101, 102, 104, 105, 106, 108, 109, 110, 112, 119, 120, 122, 123, 124, 125, 126, 127], 27: [5, 7, 8, 10, 12, 13, 14, 22, 25, 26, 27, 28, 29, 30, 34, 35, 37, 39, 40, 41, 42, 43, 45, 46, 47, 48, 49, 51, 52, 53, 55, 56, 57, 58, 62, 65, 66, 67, 68, 70, 71, 74, 76, 78, 80, 81, 82, 85, 86, 89, 92, 93, 96, 97, 99, 100, 103, 104, 105, 106, 108, 110, 112, 113, 114, 115, 116, 120, 123, 124, 125, 127], 28: [0, 2, 3, 5, 7, 8, 9, 10, 12, 18, 19, 20, 21, 22, 24, 25, 27, 28, 30, 31, 33, 35, 37, 38, 39, 41, 42, 48, 51, 55, 56, 59, 61, 65, 66, 67, 68, 69, 71, 72, 73, 76, 78, 79, 80, 81, 84, 86, 90, 92, 93, 94, 95, 96, 97, 99, 101, 104, 105, 106, 107, 117, 119, 120, 121, 125, 126], 29: [1, 2, 4, 5, 7, 8, 11, 12, 16, 19, 21, 23, 24, 27, 28, 29, 31, 32, 33, 34, 38, 41, 42, 43, 44, 45, 50, 52, 53, 54, 55, 56, 57, 58, 60, 61, 62, 66, 67, 69, 70, 71, 74, 75, 76, 81, 82, 85, 86, 87, 88, 90, 91, 92, 98, 99, 100, 101, 110, 111, 114, 115, 116, 118, 119, 123, 126, 127], 30: [0, 2, 5, 7, 11, 12, 15, 16, 17, 19, 20, 21, 22, 24, 25, 26, 27, 28, 29, 30, 31, 32, 34, 37, 38, 39, 40, 43, 44, 45, 46, 50, 51, 53, 57, 58, 59, 63, 64, 66, 68, 69, 73, 74, 76, 78, 80, 82, 83, 86, 87, 90, 91, 95, 101, 102, 105, 106, 108, 109, 111, 113, 114, 116, 117, 124, 125, 127], 31: [0, 4, 8, 9, 14, 15, 16, 20, 21, 22, 23, 24, 28, 29, 30, 31, 33, 35, 36, 37, 42, 49, 54, 57, 59, 60, 62, 63, 64, 65, 66, 67, 68, 70, 71, 75, 76, 78, 79, 80, 81, 83, 84, 85, 90, 91, 92, 93, 94, 96, 97, 102, 104, 105, 106, 108, 114, 116, 117, 118, 120, 122, 123, 124, 125, 126, 127], 32: [1, 3, 4, 7, 8, 11, 16, 19, 21, 22, 23, 24, 30, 31, 33, 34, 36, 43, 45, 46, 47, 49, 50, 52, 53, 56, 58, 59, 60, 62, 63, 71, 72, 73, 77, 78, 80, 81, 82, 83, 84, 87, 88, 89, 92, 93, 94, 97, 98, 99, 100, 101, 102, 105, 107, 109, 111, 112, 113, 116, 118, 119, 120, 121, 126], 33: [0, 3, 5, 6, 7, 8, 9, 14, 15, 17, 18, 19, 23, 25, 27, 28, 29, 31, 33, 36, 37, 39, 42, 44, 49, 54, 55, 56, 57, 59, 61, 63, 66, 67, 68, 72, 73, 74, 75, 78, 82, 83, 85, 86, 87, 88, 89, 90, 93, 97, 99, 100, 102, 104, 105, 108, 110, 112, 114, 115, 116, 117, 118, 119, 120, 121, 122, 126], 34: [0, 3, 4, 5, 6, 11, 12, 14, 15, 16, 17, 20, 21, 24, 26, 27, 30, 31, 33, 36, 37, 43, 45, 46, 47, 48, 49, 50, 55, 57, 58, 59, 61, 62, 64, 65, 66, 68, 71, 72, 73, 74, 75, 76, 78, 79, 80, 81, 82, 86, 87, 91, 92, 93, 94, 96, 99, 101, 104, 105, 106, 111, 117, 122, 125, 126], 35: [0, 1, 5, 6, 10, 11, 14, 20, 22, 24, 25, 26, 27, 30, 33, 34, 35, 38, 39, 40, 41, 43, 44, 45, 48, 49, 50, 51, 52, 54, 57, 58, 60, 61, 64, 65, 70, 71, 72, 73, 74, 75, 77, 78, 80, 81, 83, 87, 88, 89, 91, 93, 94, 95, 96, 100, 106, 107, 110, 112, 113, 114, 118, 121, 123, 126, 127], 36: [2, 3, 5, 6, 7, 8, 9, 11, 13, 15, 16, 17, 19, 20, 21, 22, 27, 31, 35, 37, 39, 41, 44, 46, 47, 48, 50, 56, 58, 64, 66, 69, 70, 72, 73, 75, 77, 81, 82, 83, 84, 85, 86, 88, 89, 91, 92, 93, 94, 95, 96, 99, 100, 102, 107, 110, 111, 112, 113, 117, 118, 119, 120, 122, 123, 126, 127], 37: [1, 3, 4, 5, 6, 7, 8, 9, 10, 15, 17, 19, 20, 21, 22, 23, 26, 27, 28, 30, 34, 38, 39, 43, 46, 47, 48, 51, 53, 58, 60, 61, 67, 69, 70, 71, 74, 79, 80, 81, 83, 84, 88, 89, 90, 93, 94, 96, 97, 100, 101, 102, 103, 105, 106, 108, 109, 111, 112, 113, 114, 115, 116, 117, 119, 121, 122, 123, 124], 38: [0, 2, 6, 11, 14, 15, 17, 20, 24, 25, 26, 30, 31, 33, 34, 35, 36, 37, 38, 41, 42, 45, 46, 48, 49, 51, 53, 54, 56, 61, 65, 67, 68, 70, 71, 73, 75, 76, 77, 78, 79, 82, 84, 85, 90, 92, 93, 96, 98, 99, 100, 101, 103, 104, 106, 107, 108, 109, 112, 119, 120, 122, 123, 124, 126], 39: [2, 5, 7, 8, 12, 14, 17, 22, 24, 25, 26, 27, 28, 29, 30, 34, 35, 39, 40, 41, 42, 43, 45, 47, 49, 52, 56, 57, 58, 61, 62, 63, 65, 66, 67, 68, 70, 71, 74, 76, 78, 79, 80, 81, 82, 83, 85, 86, 88, 89, 92, 93, 96, 97, 99, 100, 101, 103, 104, 110, 113, 114, 115, 116, 118, 119, 120, 123, 124, 125, 127], 40: [5, 7, 9, 10, 11, 12, 13, 14, 19, 20, 21, 22, 24, 25, 27, 28, 30, 31, 33, 35, 36, 37, 38, 39, 41, 42, 43, 51, 54, 55, 56, 59, 65, 66, 67, 68, 69, 71, 72, 73, 76, 77, 80, 81, 83, 84, 85, 86, 89, 90, 93, 95, 96, 100, 101, 104, 105, 106, 112, 117, 118, 120, 121, 122, 124, 125, 126], 41: [3, 5, 7, 8, 10, 11, 12, 14, 16, 19, 21, 22, 23, 24, 27, 28, 29, 30, 31, 32, 33, 34, 37, 38, 39, 40, 41, 42, 43, 44, 45, 47, 49, 50, 53, 54, 56, 57, 58, 59, 60, 62, 68, 70, 71, 74, 75, 81, 82, 83, 86, 87, 90, 91, 92, 95, 97, 101, 102, 105, 108, 110, 113, 114, 116, 127], 42: [1, 4, 6, 8, 9, 11, 14, 15, 18, 19, 21, 24, 27, 29, 31, 33, 34, 35, 36, 37, 38, 39, 40, 42, 44, 45, 47, 50, 53, 54, 58, 60, 62, 65, 66, 67, 70, 71, 72, 79, 81, 82, 83, 84, 85, 88, 89, 99, 100, 101, 102, 103, 104, 105, 106, 108, 112, 113, 117, 118, 120, 121, 122, 124, 125, 127], 43: [0, 1, 3, 4, 9, 11, 13, 18, 19, 20, 21, 22, 23, 25, 33, 35, 37, 39, 40, 43, 44, 45, 50, 51, 52, 54, 57, 60, 61, 62, 63, 64, 65, 66, 67, 68, 69, 70, 71, 72, 73, 74, 77, 80, 85, 87, 88, 89, 93, 97, 99, 100, 101, 102, 104, 105, 107, 109, 110, 111, 112, 114, 118, 119, 120, 123, 124, 127], 44: [0, 1, 2, 4, 6, 8, 11, 14, 15, 16, 18, 21, 23, 24, 28, 31, 34, 35, 38, 42, 45, 46, 47, 48, 49, 52, 53, 55, 57, 58, 59, 60, 62, 63, 64, 70, 71, 74, 76, 77, 78, 79, 84, 86, 87, 88, 89, 91, 92, 95, 96, 97, 103, 106, 109, 111, 112, 114, 115, 117, 120, 122, 123, 125, 126, 127], 45: [1, 3, 4, 6, 7, 9, 10, 11, 13, 14, 17, 18, 21, 23, 25, 28, 30, 32, 35, 39, 43, 44, 45, 46, 48, 49, 51, 52, 53, 54, 55, 56, 57, 59, 60, 61, 62, 65, 66, 67, 68, 69, 72, 73, 75, 76, 77, 81, 84, 89, 92, 94, 96, 97, 100, 102, 104, 105, 106, 108, 109, 110, 111, 114, 115, 118, 123], 46: [2, 4, 6, 7, 8, 9, 13, 14, 18, 20, 21, 23, 25, 26, 28, 30, 31, 33, 34, 37, 38, 39, 41, 43, 46, 47, 48, 50, 51, 52, 53, 56, 58, 59, 60, 61, 62, 67, 72, 73, 77, 78, 79, 83, 85, 86, 87, 88, 89, 90, 92, 93, 94, 95, 97, 105, 107, 111, 112, 114, 116, 117, 118, 119, 120, 121, 125, 126], 47: [0, 1, 4, 5, 8, 9, 13, 14, 15, 16, 20, 25, 29, 32, 34, 35, 37, 39, 40, 41, 42, 43, 47, 48, 50, 51, 52, 53, 56, 57, 58, 60, 61, 62, 63, 64, 65, 68, 70, 72, 73, 75, 76, 79, 80, 81, 83, 87, 89, 91, 92, 93, 95, 100, 102, 105, 107, 108, 113, 114, 115, 116, 117, 119, 126]}
INFO 01-21 16:01:22.103106.103106 lmp.py:1712] decode step 0 time: 1.049649953842163 seconds
INFO 01-21 16:01:23.795424.795424 lmp.py:1712] decode step 1 time: 0.7155447006225586 seconds
INFO 01-21 16:01:24.624512.624512 lmp.py:1712] decode step 2 time: 0.6665396690368652 seconds
INFO 01-21 16:01:25.415413.415413 lmp.py:1712] decode step 3 time: 0.6209454536437988 seconds
INFO 01-21 16:01:26.221828.221828 lmp.py:1712] decode step 4 time: 0.6398041248321533 seconds
INFO 01-21 16:01:27.095389.095389 lmp.py:1712] decode step 5 time: 0.7113115787506104 seconds
INFO 01-21 16:01:27.925119.925119 lmp.py:1712] decode step 6 time: 0.6667685508728027 seconds
INFO 01-21 16:01:28.685851.685851 lmp.py:1712] decode step 7 time: 0.6060950756072998 seconds
INFO 01-21 16:01:29.457656.457656 lmp.py:1712] decode step 8 time: 0.6130857467651367 seconds
INFO 01-21 16:01:30.243969.243969 lmp.py:1712] decode step 9 time: 0.6294169425964355 seconds
INFO 01-21 16:01:31.115633.115633 lmp.py:1712] decode step 10 time: 0.7098352909088135 seconds
INFO 01-21 16:01:31.938704.938704 lmp.py:1712] decode step 11 time: 0.6576201915740967 seconds
INFO 01-21 16:01:32.731151.731151 lmp.py:1712] decode step 12 time: 0.656240701675415 seconds
INFO 01-21 16:01:33.567903.567903 lmp.py:1712] decode step 13 time: 0.6709253787994385 seconds
INFO 01-21 16:01:34.367044.367044 lmp.py:1712] decode step 14 time: 0.6157371997833252 seconds
INFO 01-21 16:01:35.212892.212892 lmp.py:1712] decode step 15 time: 0.6475052833557129 seconds
INFO 01-21 16:01:36.042140.042140 lmp.py:1712] decode step 16 time: 0.6633460521697998 seconds
INFO 01-21 16:01:36.840432.840432 lmp.py:1712] decode step 17 time: 0.6504504680633545 seconds
INFO 01-21 16:01:37.702854.702854 lmp.py:1712] decode step 18 time: 0.7015373706817627 seconds
INFO 01-21 16:01:38.526225.526225 lmp.py:1712] decode step 19 time: 0.6657781600952148 seconds
INFO 01-21 16:01:39.309078.309078 lmp.py:1712] decode step 20 time: 0.6223196983337402 seconds
INFO 01-21 16:01:40.082237.082237 lmp.py:1712] decode step 21 time: 0.5999655723571777 seconds
INFO 01-21 16:01:40.906990.906990 lmp.py:1712] decode step 22 time: 0.6523733139038086 seconds
INFO 01-21 16:01:41.668997.668997 lmp.py:1712] decode step 23 time: 0.5947675704956055 seconds
INFO 01-21 16:01:42.408312.408312 lmp.py:1712] decode step 24 time: 0.5707178115844727 seconds
INFO 01-21 16:01:43.140821.140821 lmp.py:1712] decode step 25 time: 0.5788030624389648 seconds
INFO 01-21 16:01:43.892809.892809 lmp.py:1712] decode step 26 time: 0.5920813083648682 seconds
INFO 01-21 16:01:44.661356.661356 lmp.py:1712] decode step 27 time: 0.6132309436798096 seconds
INFO 01-21 16:01:45.479956.479956 lmp.py:1712] decode step 28 time: 0.6339445114135742 seconds
INFO 01-21 16:01:46.255602.255602 lmp.py:1712] decode step 29 time: 0.6100645065307617 seconds
INFO 01-21 16:01:47.018414.018414 lmp.py:1712] decode step 30 time: 0.5930461883544922 seconds
INFO 01-21 16:01:47.195933.195933 lmp.py:1721] average decode time from decode step 5: 0.6356526338137113 seconds
generate input ids cost 0.0853891372680664 s
INFO 01-21 16:01:55.942024.942024 lmp.py:1605] prefill time: 2.339979410171509 seconds
WARNING 01-21 16:01:56.021030.021030 cuda_memory_view.py:263] Insufficient GPU memory across all devices! Required: 29.07 GB, Available: 16.63 GB. Will try to allocate as many experts as possible to GPU, remaining experts will stay on CPU.
WARNING 01-21 16:01:56.027023.027023 cuda_memory_view.py:410] Total 2100 experts (18.46 GB) will stay on CPU due to insufficient GPU memory. Details: {17: [7, 8, 11, 14, 16, 18, 21, 23, 24, 26, 27, 28, 29, 31, 32, 33, 36, 38, 39, 41, 42, 43, 44, 45, 49, 50, 54, 55, 56, 57, 58, 59, 60, 61, 62, 67, 69, 70, 71, 74, 75, 76, 81, 82, 86, 88, 90, 91, 92, 96, 98, 99, 101, 108, 110, 111, 113, 114, 115, 116, 119, 120, 123, 125, 126, 127], 18: [0, 1, 5, 7, 9, 11, 12, 15, 17, 19, 20, 21, 22, 24, 26, 27, 28, 29, 31, 32, 34, 36, 37, 39, 40, 42, 43, 44, 45, 46, 50, 51, 57, 58, 59, 60, 64, 66, 68, 69, 70, 72, 73, 74, 76, 78, 79, 80, 81, 82, 83, 86, 87, 90, 91, 92, 95, 99, 102, 106, 109, 111, 112, 113, 114, 116, 119, 122, 125, 126], 19: [0, 4, 6, 9, 13, 14, 16, 18, 21, 22, 23, 24, 27, 29, 30, 33, 34, 36, 37, 42, 44, 54, 56, 57, 59, 62, 63, 64, 65, 66, 68, 69, 70, 71, 75, 77, 78, 79, 81, 83, 84, 85, 90, 92, 94, 95, 96, 97, 98, 101, 102, 103, 104, 105, 106, 107, 111, 112, 114, 117, 118, 120, 122, 124, 125, 126, 127], 20: [1, 4, 7, 8, 11, 12, 16, 19, 21, 22, 24, 26, 31, 32, 33, 34, 36, 41, 42, 43, 45, 46, 47, 49, 50, 52, 53, 55, 58, 59, 60, 62, 63, 65, 71, 72, 73, 77, 78, 79, 80, 81, 82, 83, 86, 87, 88, 89, 90, 92, 93, 94, 97, 98, 99, 100, 102, 106, 107, 109, 111, 112, 113, 117, 118, 119, 120, 124, 126, 127], 21: [0, 3, 5, 6, 7, 8, 12, 14, 15, 16, 17, 19, 27, 28, 29, 30, 31, 33, 36, 37, 39, 42, 43, 44, 47, 49, 54, 55, 56, 57, 59, 61, 63, 64, 65, 66, 67, 68, 72, 74, 75, 78, 82, 83, 86, 87, 89, 92, 93, 97, 100, 102, 104, 106, 107, 111, 112, 113, 114, 116, 117, 118, 119, 120, 121, 122, 123, 125, 126], 22: [0, 3, 4, 8, 9, 11, 12, 14, 15, 16, 17, 20, 21, 23, 24, 26, 27, 31, 33, 36, 37, 43, 44, 45, 47, 48, 49, 55, 56, 58, 59, 62, 63, 65, 66, 68, 71, 72, 73, 74, 75, 76, 77, 78, 79, 81, 82, 85, 86, 87, 88, 91, 92, 93, 94, 96, 98, 101, 104, 106, 109, 111, 115, 116, 117, 118, 122, 123, 125], 23: [0, 5, 6, 7, 9, 10, 11, 14, 15, 17, 22, 23, 25, 26, 27, 30, 33, 34, 35, 39, 41, 43, 44, 45, 48, 49, 50, 51, 52, 55, 56, 57, 58, 61, 63, 64, 65, 66, 68, 70, 71, 72, 74, 75, 77, 78, 80, 81, 82, 87, 88, 91, 93, 95, 96, 100, 103, 106, 108, 109, 112, 113, 114, 118, 119, 121, 123, 125, 126, 127], 24: [2, 3, 5, 6, 7, 9, 13, 15, 17, 19, 20, 23, 27, 29, 31, 33, 34, 35, 36, 37, 39, 41, 44, 46, 47, 48, 54, 56, 57, 59, 60, 64, 65, 66, 69, 72, 76, 77, 81, 82, 83, 84, 86, 88, 90, 91, 93, 94, 96, 97, 100, 102, 106, 107, 110, 112, 114, 116, 117, 118, 119, 120, 121, 122, 123, 126, 127], 25: [3, 4, 5, 6, 7, 8, 9, 10, 19, 22, 23, 26, 27, 28, 30, 33, 34, 36, 38, 39, 43, 46, 47, 48, 49, 51, 52, 53, 54, 56, 60, 61, 66, 67, 69, 70, 71, 73, 74, 80, 81, 83, 88, 89, 90, 93, 94, 96, 97, 98, 99, 100, 102, 103, 105, 106, 111, 112, 113, 114, 115, 117, 118, 119, 120, 121, 122, 124, 126, 127], 26: [0, 1, 3, 6, 8, 12, 15, 21, 22, 24, 25, 26, 30, 31, 32, 33, 36, 38, 41, 43, 45, 46, 48, 49, 50, 51, 52, 53, 54, 56, 64, 65, 66, 67, 68, 70, 72, 75, 76, 77, 78, 79, 84, 88, 89, 90, 92, 93, 96, 100, 101, 102, 104, 105, 106, 108, 109, 110, 112, 119, 120, 122, 123, 124, 125, 126, 127], 27: [5, 7, 8, 10, 12, 13, 14, 22, 25, 26, 27, 28, 29, 30, 34, 35, 37, 39, 40, 41, 42, 43, 45, 46, 47, 48, 49, 51, 52, 53, 55, 56, 57, 58, 62, 65, 66, 67, 68, 70, 71, 74, 76, 78, 80, 81, 82, 83, 85, 86, 89, 92, 93, 96, 97, 99, 100, 103, 104, 105, 106, 108, 110, 112, 113, 114, 115, 116, 120, 123, 124, 125, 127], 28: [0, 2, 3, 5, 7, 8, 9, 10, 12, 18, 19, 20, 21, 22, 24, 25, 27, 28, 30, 31, 33, 35, 37, 38, 39, 41, 42, 48, 51, 55, 56, 59, 61, 65, 66, 67, 68, 69, 71, 72, 73, 76, 78, 79, 80, 81, 84, 86, 90, 92, 93, 94, 95, 96, 97, 99, 101, 104, 105, 106, 107, 117, 119, 120, 121, 125, 126], 29: [1, 2, 4, 5, 7, 8, 11, 12, 16, 19, 21, 23, 24, 27, 28, 29, 31, 32, 33, 34, 38, 41, 42, 43, 44, 45, 50, 52, 53, 54, 55, 56, 57, 58, 60, 61, 62, 66, 67, 69, 70, 71, 74, 75, 76, 81, 82, 85, 86, 87, 88, 90, 91, 92, 98, 99, 100, 101, 110, 111, 114, 115, 116, 118, 119, 123, 126, 127], 30: [0, 2, 5, 7, 11, 12, 15, 16, 17, 19, 20, 21, 22, 24, 25, 26, 27, 28, 29, 30, 31, 32, 34, 37, 38, 39, 40, 43, 44, 45, 46, 50, 51, 53, 57, 58, 59, 63, 64, 66, 68, 69, 73, 74, 76, 78, 80, 82, 83, 86, 87, 90, 91, 95, 101, 102, 105, 106, 108, 109, 111, 113, 114, 116, 117, 124, 125, 127], 31: [0, 4, 8, 9, 14, 15, 16, 20, 21, 22, 23, 24, 28, 29, 30, 31, 33, 35, 36, 37, 42, 49, 54, 57, 59, 60, 62, 63, 64, 65, 66, 67, 68, 70, 71, 75, 76, 78, 79, 80, 81, 83, 84, 85, 90, 91, 92, 93, 94, 96, 97, 102, 104, 105, 106, 108, 114, 116, 117, 118, 120, 122, 123, 124, 125, 126, 127], 32: [1, 3, 4, 7, 8, 11, 16, 19, 21, 22, 23, 24, 30, 31, 33, 34, 36, 43, 45, 46, 47, 49, 50, 52, 53, 56, 58, 59, 60, 62, 63, 71, 72, 73, 77, 78, 80, 81, 82, 83, 84, 87, 88, 89, 92, 93, 94, 97, 98, 99, 100, 101, 102, 105, 107, 109, 111, 112, 113, 116, 118, 119, 120, 121, 126], 33: [0, 3, 5, 6, 7, 8, 9, 14, 15, 17, 18, 19, 23, 27, 28, 29, 31, 36, 37, 39, 42, 44, 49, 54, 55, 56, 57, 59, 61, 63, 66, 67, 68, 72, 73, 74, 75, 78, 82, 83, 85, 86, 87, 88, 89, 90, 92, 93, 97, 99, 100, 102, 104, 105, 108, 110, 112, 114, 115, 116, 117, 118, 119, 120, 121, 122, 123, 126], 34: [0, 3, 4, 5, 6, 11, 12, 14, 15, 16, 17, 20, 21, 24, 26, 27, 30, 31, 33, 36, 37, 43, 45, 46, 47, 48, 49, 50, 55, 57, 58, 59, 61, 62, 65, 66, 68, 71, 72, 73, 74, 75, 76, 78, 79, 80, 81, 82, 86, 87, 91, 92, 93, 94, 96, 99, 101, 104, 105, 106, 111, 114, 117, 122, 125, 126], 35: [0, 1, 5, 6, 10, 11, 14, 20, 22, 24, 25, 26, 27, 30, 31, 33, 34, 35, 38, 39, 40, 41, 43, 44, 45, 48, 49, 50, 51, 52, 54, 57, 58, 60, 61, 64, 65, 70, 71, 72, 73, 74, 75, 77, 78, 80, 81, 83, 87, 88, 89, 91, 93, 94, 95, 96, 100, 106, 107, 110, 112, 113, 114, 118, 121, 123, 126, 127], 36: [2, 3, 5, 6, 7, 8, 9, 11, 13, 15, 16, 17, 19, 20, 21, 22, 27, 31, 35, 37, 39, 41, 44, 46, 47, 48, 50, 56, 58, 64, 66, 69, 70, 72, 73, 75, 77, 81, 82, 83, 84, 85, 86, 88, 89, 91, 92, 93, 94, 95, 96, 99, 100, 102, 107, 110, 111, 112, 113, 117, 118, 119, 120, 122, 123, 126, 127], 37: [1, 3, 4, 5, 6, 7, 8, 9, 10, 15, 17, 19, 20, 21, 22, 23, 26, 27, 28, 30, 34, 38, 39, 43, 46, 47, 48, 51, 53, 58, 60, 61, 67, 69, 70, 71, 74, 79, 80, 81, 83, 84, 88, 89, 90, 93, 94, 96, 97, 100, 101, 102, 103, 105, 106, 108, 109, 111, 112, 113, 114, 115, 116, 117, 119, 121, 122, 123, 124], 38: [0, 2, 6, 11, 14, 15, 17, 20, 24, 25, 26, 30, 31, 33, 34, 35, 36, 37, 38, 41, 42, 45, 46, 48, 49, 51, 53, 54, 56, 61, 65, 67, 68, 70, 71, 73, 75, 76, 77, 78, 79, 82, 84, 85, 90, 92, 93, 96, 98, 99, 100, 101, 103, 104, 106, 107, 108, 109, 112, 119, 120, 122, 123, 124, 126], 39: [2, 5, 7, 8, 12, 14, 17, 22, 24, 25, 26, 27, 28, 29, 30, 34, 35, 39, 40, 41, 42, 43, 45, 47, 49, 52, 56, 57, 58, 61, 62, 63, 65, 66, 67, 68, 70, 71, 74, 76, 78, 79, 80, 81, 82, 83, 85, 86, 88, 89, 92, 93, 96, 97, 99, 100, 101, 103, 104, 110, 113, 114, 115, 118, 119, 120, 123, 124, 125, 127], 40: [5, 7, 9, 10, 11, 12, 13, 14, 19, 20, 21, 22, 24, 25, 27, 28, 30, 31, 33, 35, 36, 37, 38, 39, 41, 42, 43, 51, 54, 55, 56, 59, 65, 66, 67, 68, 69, 71, 72, 73, 76, 77, 80, 81, 83, 84, 85, 86, 89, 90, 93, 95, 96, 100, 101, 104, 105, 106, 112, 117, 118, 120, 121, 122, 124, 125, 126], 41: [3, 5, 7, 8, 10, 11, 12, 14, 16, 19, 21, 22, 23, 24, 27, 28, 29, 30, 31, 32, 33, 34, 37, 38, 39, 40, 41, 42, 43, 44, 45, 47, 49, 50, 53, 54, 56, 57, 58, 59, 60, 62, 68, 70, 71, 74, 75, 81, 82, 83, 86, 87, 90, 91, 92, 95, 97, 101, 102, 105, 108, 110, 113, 114, 116, 127], 42: [1, 4, 6, 8, 11, 14, 15, 18, 19, 21, 24, 27, 29, 31, 33, 34, 35, 36, 37, 38, 39, 40, 42, 44, 45, 47, 50, 53, 54, 58, 60, 62, 65, 66, 67, 70, 71, 72, 79, 81, 82, 83, 84, 85, 88, 89, 99, 100, 101, 102, 103, 104, 105, 106, 108, 112, 113, 114, 117, 118, 120, 121, 122, 124, 125, 127], 43: [0, 1, 3, 4, 9, 11, 13, 18, 19, 20, 21, 22, 23, 25, 33, 35, 37, 39, 40, 43, 44, 45, 50, 51, 52, 54, 57, 60, 61, 62, 63, 64, 65, 66, 67, 68, 69, 70, 71, 72, 73, 74, 77, 80, 85, 87, 88, 89, 93, 97, 99, 100, 101, 102, 104, 105, 107, 109, 110, 111, 112, 114, 118, 119, 120, 123, 124, 127], 44: [0, 1, 2, 4, 6, 8, 11, 14, 15, 16, 18, 21, 23, 24, 28, 31, 34, 35, 38, 42, 45, 46, 47, 48, 49, 52, 53, 55, 57, 58, 59, 60, 62, 63, 70, 71, 74, 76, 77, 78, 79, 81, 84, 86, 87, 88, 89, 91, 92, 95, 96, 97, 101, 106, 109, 111, 112, 114, 115, 117, 120, 122, 123, 125, 126, 127], 45: [1, 3, 4, 6, 7, 9, 10, 11, 13, 14, 17, 18, 21, 23, 25, 28, 30, 31, 32, 35, 39, 43, 44, 45, 46, 48, 49, 51, 52, 53, 54, 55, 56, 57, 59, 60, 61, 62, 65, 66, 67, 68, 69, 72, 73, 75, 76, 77, 81, 84, 89, 92, 94, 96, 97, 100, 102, 104, 105, 106, 108, 109, 110, 111, 114, 115, 118, 123], 46: [2, 4, 6, 7, 8, 9, 13, 14, 18, 20, 21, 23, 25, 26, 28, 30, 31, 33, 34, 37, 38, 39, 41, 43, 46, 47, 48, 50, 51, 52, 53, 56, 58, 59, 60, 61, 62, 67, 72, 73, 77, 78, 79, 83, 85, 86, 87, 88, 89, 90, 92, 93, 94, 95, 97, 105, 107, 111, 112, 114, 116, 117, 118, 119, 120, 121, 125, 126], 47: [0, 1, 4, 5, 8, 9, 13, 14, 15, 16, 20, 25, 29, 32, 34, 35, 37, 39, 40, 41, 42, 43, 47, 48, 50, 51, 52, 53, 56, 57, 58, 60, 61, 62, 63, 64, 65, 68, 70, 72, 73, 75, 76, 79, 80, 81, 83, 87, 89, 91, 92, 93, 95, 100, 102, 105, 107, 108, 113, 114, 115, 116, 117, 119, 126]}
INFO 01-21 16:01:56.972330.972330 lmp.py:1712] decode step 0 time: 0.9437768459320068 seconds
INFO 01-21 16:01:58.642100.642100 lmp.py:1712] decode step 1 time: 0.6975431442260742 seconds
INFO 01-21 16:01:59.416074.416074 lmp.py:1712] decode step 2 time: 0.6239068508148193 seconds
INFO 01-21 16:02:00.143654.143654 lmp.py:1712] decode step 3 time: 0.5677163600921631 seconds
INFO 01-21 16:02:00.886023.886023 lmp.py:1712] decode step 4 time: 0.5843172073364258 seconds
INFO 01-21 16:02:01.621330.621330 lmp.py:1712] decode step 5 time: 0.5753910541534424 seconds
INFO 01-21 16:02:02.431737.431737 lmp.py:1712] decode step 6 time: 0.644134521484375 seconds
INFO 01-21 16:02:03.250684.250684 lmp.py:1712] decode step 7 time: 0.6452982425689697 seconds
INFO 01-21 16:02:04.097226.097226 lmp.py:1712] decode step 8 time: 0.6903960704803467 seconds
INFO 01-21 16:02:04.978017.978017 lmp.py:1712] decode step 9 time: 0.7195878028869629 seconds
INFO 01-21 16:02:05.821270.821270 lmp.py:1712] decode step 10 time: 0.7042746543884277 seconds
INFO 01-21 16:02:06.663340.663340 lmp.py:1712] decode step 11 time: 0.7256834506988525 seconds
INFO 01-21 16:02:07.505286.505286 lmp.py:1712] decode step 12 time: 0.7068712711334229 seconds
INFO 01-21 16:02:08.326171.326171 lmp.py:1712] decode step 13 time: 0.6906087398529053 seconds
INFO 01-21 16:02:09.201615.201615 lmp.py:1712] decode step 14 time: 0.7496631145477295 seconds
INFO 01-21 16:02:09.928983.928983 lmp.py:1712] decode step 15 time: 0.5953783988952637 seconds
INFO 01-21 16:02:10.645504.645504 lmp.py:1712] decode step 16 time: 0.5869605541229248 seconds
INFO 01-21 16:02:11.373873.373873 lmp.py:1712] decode step 17 time: 0.6052353382110596 seconds
INFO 01-21 16:02:12.103337.103337 lmp.py:1712] decode step 18 time: 0.5842626094818115 seconds
INFO 01-21 16:02:12.833248.833248 lmp.py:1712] decode step 19 time: 0.5982804298400879 seconds
INFO 01-21 16:02:13.555183.555183 lmp.py:1712] decode step 20 time: 0.5798931121826172 seconds
INFO 01-21 16:02:14.287743.287743 lmp.py:1712] decode step 21 time: 0.5926167964935303 seconds
INFO 01-21 16:02:15.018316.018316 lmp.py:1712] decode step 22 time: 0.5921874046325684 seconds
INFO 01-21 16:02:15.765069.765069 lmp.py:1712] decode step 23 time: 0.6034955978393555 seconds
INFO 01-21 16:02:16.505159.505159 lmp.py:1712] decode step 24 time: 0.6045286655426025 seconds
INFO 01-21 16:02:17.214673.214673 lmp.py:1712] decode step 25 time: 0.5840280055999756 seconds
INFO 01-21 16:02:17.935916.935916 lmp.py:1712] decode step 26 time: 0.588026762008667 seconds
INFO 01-21 16:02:18.662024.662024 lmp.py:1712] decode step 27 time: 0.5910205841064453 seconds
INFO 01-21 16:02:19.535269.535269 lmp.py:1712] decode step 28 time: 0.6945064067840576 seconds
INFO 01-21 16:02:20.386189.386189 lmp.py:1712] decode step 29 time: 0.6599390506744385 seconds
INFO 01-21 16:02:21.142889.142889 lmp.py:1712] decode step 30 time: 0.5928614139556885 seconds
INFO 01-21 16:02:21.319137.319137 lmp.py:1721] average decode time from decode step 5: 0.6348126943294818 seconds
