here pin
INFO 01-21 15:56:28.681104.681104 pinpool.py:28] Initializing PinnedMemoryPool with 2GB total, allocating in 1024MB chunks...
INFO 01-21 15:56:29.216985.216985 pinpool.py:40] Allocated chunk 1: 536870912 elements (1024.0 MB)
INFO 01-21 15:56:29.640852.640852 pinpool.py:40] Allocated chunk 2: 536870912 elements (1024.0 MB)
INFO 01-21 15:56:29.640969.640969 pinpool.py:52] Successfully allocated 2 chunks, total 1073741824 elements (2048.0 MB) in 0.958s
Warming up 4 GPU(s)...
GPU 0 warmed up
GPU 1 warmed up
GPU 2 warmed up
GPU 3 warmed up
GPU warmup completed
Warming up 4 GPU(s)...
GPU 0 warmed up
GPU 1 warmed up
GPU 2 warmed up
GPU 3 warmed up
GPU warmup completed
Warming up 4 GPU(s)...
GPU 0 warmed up
GPU 1 warmed up
GPU 2 warmed up
GPU 3 warmed up
GPU warmup completed
here pin
INFO 01-21 15:56:34.742326.742326 pinpool.py:28] Initializing PinnedMemoryPool with 2GB total, allocating in 1024MB chunks...
INFO 01-21 15:56:35.284031.284031 pinpool.py:40] Allocated chunk 1: 536870912 elements (1024.0 MB)
INFO 01-21 15:56:35.736672.736672 pinpool.py:40] Allocated chunk 2: 536870912 elements (1024.0 MB)
INFO 01-21 15:56:35.737753.737753 pinpool.py:52] Successfully allocated 2 chunks, total 1073741824 elements (2048.0 MB) in 0.995s
generate input ids cost 0.09402346611022949 s
INFO 01-21 15:56:46.422944.422944 lmp.py:1605] prefill time: 2.4946517944335938 seconds
WARNING 01-21 15:56:46.491895.491895 cuda_memory_view.py:259] Insufficient GPU memory across all devices! Required: 29.06 GB, Available: 16.60 GB. Will try to allocate as many experts as possible to GPU, remaining experts will stay on CPU.
WARNING 01-21 15:56:46.496194.496194 cuda_memory_view.py:406] Total 1987 experts (17.46 GB) will stay on CPU due to insufficient GPU memory. Details: {18: [80, 81, 82, 83, 86, 87, 90, 91, 92, 95, 99, 102, 106, 109, 111, 112, 113, 114, 116, 119, 122, 125, 126], 19: [0, 4, 6, 9, 13, 14, 16, 18, 21, 22, 23, 24, 27, 29, 30, 33, 34, 36, 37, 42, 44, 54, 56, 57, 59, 62, 63, 64, 65, 66, 68, 69, 70, 71, 75, 77, 78, 79, 81, 83, 84, 85, 90, 92, 94, 95, 96, 97, 98, 101, 102, 103, 104, 105, 106, 107, 111, 112, 114, 117, 118, 120, 122, 124, 125, 126, 127], 20: [1, 4, 7, 8, 11, 16, 19, 21, 22, 24, 26, 31, 32, 33, 34, 36, 41, 42, 43, 45, 46, 47, 49, 50, 52, 53, 55, 58, 59, 60, 62, 63, 65, 71, 72, 73, 77, 78, 79, 80, 81, 82, 83, 86, 87, 88, 89, 90, 92, 93, 94, 97, 98, 99, 100, 102, 106, 107, 109, 111, 112, 113, 114, 117, 118, 119, 120, 124, 126, 127], 21: [0, 3, 5, 6, 7, 8, 12, 14, 15, 16, 17, 19, 27, 28, 29, 30, 31, 33, 36, 37, 39, 42, 43, 44, 47, 49, 54, 55, 56, 57, 59, 61, 63, 64, 65, 66, 67, 68, 72, 74, 75, 78, 82, 83, 86, 87, 89, 92, 93, 97, 100, 102, 104, 106, 107, 111, 112, 113, 114, 116, 117, 118, 119, 120, 121, 122, 123, 125, 126], 22: [0, 3, 4, 8, 9, 11, 12, 14, 15, 16, 17, 20, 21, 23, 24, 27, 30, 31, 33, 36, 37, 43, 44, 45, 47, 48, 49, 55, 56, 58, 59, 62, 63, 65, 66, 68, 71, 72, 73, 74, 75, 76, 77, 78, 79, 81, 82, 85, 86, 87, 88, 91, 92, 93, 94, 96, 98, 101, 104, 106, 109, 111, 115, 116, 117, 118, 122, 123, 125], 23: [0, 5, 6, 7, 9, 10, 11, 15, 17, 22, 23, 25, 26, 27, 30, 33, 34, 35, 39, 41, 44, 45, 46, 48, 49, 50, 51, 52, 55, 56, 57, 58, 61, 63, 64, 65, 66, 68, 70, 71, 72, 74, 75, 77, 78, 80, 81, 82, 83, 87, 88, 91, 93, 95, 96, 100, 103, 106, 108, 109, 112, 113, 114, 118, 119, 121, 123, 125, 126, 127], 24: [2, 3, 5, 6, 7, 9, 13, 15, 17, 19, 20, 23, 27, 29, 31, 33, 34, 35, 36, 37, 39, 41, 44, 46, 47, 48, 54, 56, 57, 59, 60, 64, 65, 66, 69, 72, 76, 77, 81, 82, 83, 84, 86, 88, 90, 91, 93, 94, 96, 97, 100, 102, 106, 107, 110, 112, 114, 116, 117, 118, 119, 120, 121, 122, 123, 126, 127], 25: [3, 4, 5, 6, 7, 8, 9, 10, 19, 22, 23, 26, 27, 28, 30, 33, 34, 36, 38, 39, 43, 46, 47, 48, 49, 51, 52, 53, 54, 56, 60, 61, 66, 67, 69, 70, 71, 73, 74, 80, 81, 83, 88, 89, 90, 93, 94, 96, 97, 98, 99, 100, 102, 103, 105, 106, 111, 112, 113, 114, 115, 117, 118, 119, 120, 121, 122, 124, 126, 127], 26: [0, 1, 3, 6, 8, 12, 15, 21, 22, 24, 25, 26, 30, 31, 32, 33, 36, 38, 41, 43, 45, 46, 48, 49, 50, 51, 52, 53, 54, 56, 64, 65, 66, 67, 68, 70, 72, 75, 76, 77, 78, 79, 84, 88, 89, 90, 92, 93, 96, 100, 101, 102, 104, 105, 106, 108, 109, 110, 112, 119, 120, 122, 123, 124, 125, 126, 127], 27: [5, 7, 8, 10, 12, 13, 14, 22, 25, 26, 27, 28, 29, 30, 34, 35, 37, 39, 40, 41, 42, 43, 45, 46, 47, 48, 49, 51, 52, 53, 55, 56, 57, 58, 62, 65, 66, 67, 68, 70, 71, 74, 75, 76, 78, 80, 81, 82, 85, 86, 89, 92, 93, 96, 97, 99, 100, 103, 104, 105, 106, 108, 110, 112, 113, 114, 115, 116, 120, 123, 124, 125, 127], 28: [0, 2, 3, 5, 6, 7, 8, 9, 10, 12, 19, 20, 21, 22, 24, 25, 27, 28, 30, 31, 33, 35, 37, 38, 39, 41, 42, 48, 51, 55, 56, 59, 61, 65, 66, 67, 68, 69, 71, 72, 73, 76, 78, 79, 80, 81, 84, 86, 90, 92, 93, 94, 95, 96, 97, 99, 101, 104, 105, 106, 107, 117, 119, 120, 121, 125, 126], 29: [1, 2, 4, 5, 7, 8, 11, 12, 16, 19, 21, 23, 24, 27, 28, 29, 31, 32, 33, 34, 38, 41, 42, 43, 44, 45, 50, 52, 53, 54, 55, 56, 57, 58, 60, 61, 62, 66, 67, 69, 70, 71, 74, 75, 76, 81, 82, 85, 86, 87, 88, 90, 91, 92, 98, 99, 100, 101, 110, 111, 114, 115, 116, 118, 119, 123, 126, 127], 30: [0, 2, 5, 7, 11, 12, 15, 16, 17, 19, 20, 21, 22, 24, 25, 26, 27, 28, 29, 30, 31, 32, 34, 37, 38, 39, 40, 43, 44, 45, 46, 50, 51, 53, 57, 58, 59, 63, 64, 66, 68, 69, 73, 74, 76, 78, 80, 82, 83, 86, 87, 90, 91, 95, 101, 102, 105, 106, 108, 109, 111, 113, 114, 116, 117, 124, 125, 127], 31: [0, 4, 8, 9, 14, 15, 16, 20, 21, 22, 23, 24, 28, 29, 30, 31, 33, 35, 36, 37, 42, 49, 54, 57, 59, 62, 63, 64, 65, 66, 67, 68, 70, 71, 72, 75, 76, 78, 79, 80, 81, 83, 84, 85, 90, 91, 92, 93, 94, 96, 97, 102, 104, 105, 106, 108, 114, 116, 117, 118, 120, 122, 123, 124, 125, 126, 127], 32: [1, 3, 4, 7, 8, 11, 16, 19, 21, 22, 23, 24, 30, 31, 33, 34, 36, 43, 45, 46, 47, 49, 50, 52, 53, 56, 58, 59, 60, 62, 63, 71, 72, 73, 77, 78, 80, 81, 82, 83, 84, 87, 88, 89, 92, 93, 94, 97, 98, 99, 100, 101, 102, 105, 107, 109, 111, 112, 113, 116, 118, 119, 120, 121, 126], 33: [0, 3, 5, 6, 7, 8, 9, 14, 15, 17, 18, 19, 23, 27, 28, 29, 31, 33, 36, 37, 39, 42, 44, 49, 54, 55, 56, 57, 59, 61, 63, 66, 67, 68, 72, 73, 74, 75, 78, 82, 83, 85, 86, 87, 88, 89, 90, 92, 93, 97, 99, 100, 102, 104, 105, 108, 110, 112, 114, 115, 116, 117, 118, 119, 120, 121, 122, 126], 34: [0, 3, 4, 5, 6, 11, 12, 14, 15, 16, 17, 20, 21, 24, 26, 27, 30, 31, 33, 36, 37, 43, 45, 46, 47, 48, 49, 50, 55, 57, 58, 59, 61, 62, 65, 66, 68, 71, 72, 73, 74, 75, 76, 78, 79, 80, 81, 82, 86, 87, 91, 92, 93, 94, 96, 99, 101, 104, 105, 106, 111, 114, 117, 122, 125, 126], 35: [0, 1, 5, 6, 10, 11, 14, 20, 22, 24, 25, 26, 27, 30, 31, 33, 34, 35, 38, 39, 40, 41, 43, 44, 45, 48, 49, 50, 51, 52, 54, 57, 58, 60, 61, 64, 65, 70, 71, 72, 73, 74, 75, 77, 78, 80, 81, 83, 87, 88, 89, 91, 93, 94, 95, 96, 100, 106, 107, 110, 112, 113, 114, 118, 121, 123, 126, 127], 36: [2, 3, 5, 6, 7, 8, 9, 11, 13, 15, 16, 17, 19, 20, 21, 22, 27, 31, 35, 37, 39, 41, 44, 46, 47, 48, 50, 56, 58, 64, 66, 69, 70, 72, 73, 75, 77, 81, 82, 83, 84, 85, 86, 88, 89, 91, 92, 93, 94, 95, 96, 99, 100, 102, 107, 110, 111, 112, 113, 117, 118, 119, 120, 122, 123, 126, 127], 37: [1, 3, 4, 5, 6, 7, 8, 9, 10, 15, 17, 19, 20, 21, 22, 23, 26, 27, 28, 30, 34, 38, 39, 43, 46, 47, 48, 51, 53, 58, 60, 61, 67, 69, 70, 71, 74, 79, 80, 81, 83, 84, 88, 89, 90, 93, 94, 96, 97, 100, 101, 102, 103, 105, 106, 108, 109, 111, 112, 113, 114, 115, 116, 117, 119, 121, 122, 123, 124], 38: [0, 1, 2, 6, 11, 14, 15, 17, 20, 24, 25, 26, 30, 33, 34, 35, 36, 37, 38, 41, 42, 45, 46, 48, 49, 51, 53, 54, 56, 61, 65, 67, 68, 70, 71, 73, 75, 76, 77, 78, 79, 82, 84, 85, 90, 92, 93, 96, 98, 99, 100, 101, 103, 104, 106, 107, 108, 109, 112, 119, 120, 122, 123, 124, 126], 39: [2, 5, 7, 8, 12, 14, 17, 22, 24, 25, 26, 27, 28, 29, 30, 34, 35, 39, 40, 41, 42, 43, 45, 47, 49, 52, 56, 57, 58, 61, 62, 63, 65, 66, 67, 68, 70, 71, 74, 76, 78, 79, 80, 81, 82, 83, 85, 86, 88, 89, 92, 93, 96, 97, 99, 100, 101, 103, 104, 110, 113, 114, 115, 116, 118, 119, 120, 123, 124, 125, 127], 40: [5, 7, 9, 10, 11, 12, 13, 14, 19, 20, 21, 22, 24, 25, 27, 28, 30, 31, 33, 35, 36, 37, 38, 39, 41, 42, 43, 51, 54, 55, 56, 59, 65, 66, 67, 68, 69, 71, 72, 73, 76, 77, 80, 81, 83, 84, 85, 86, 89, 90, 93, 95, 96, 100, 101, 104, 105, 106, 112, 117, 118, 120, 121, 122, 124, 125, 126], 41: [3, 5, 7, 8, 10, 11, 12, 14, 16, 19, 21, 22, 23, 24, 27, 28, 29, 30, 31, 32, 33, 34, 37, 38, 39, 40, 41, 42, 43, 44, 45, 47, 49, 50, 53, 54, 56, 57, 58, 59, 60, 62, 68, 70, 71, 74, 75, 81, 82, 83, 86, 87, 90, 91, 92, 95, 97, 101, 102, 105, 108, 110, 113, 114, 116, 127], 42: [1, 4, 6, 8, 11, 14, 15, 18, 19, 21, 24, 27, 29, 31, 33, 34, 35, 36, 37, 38, 39, 40, 42, 44, 45, 47, 50, 53, 54, 58, 60, 62, 65, 66, 67, 70, 71, 72, 79, 81, 82, 83, 84, 85, 88, 89, 99, 100, 101, 102, 103, 104, 105, 106, 108, 112, 113, 114, 117, 118, 120, 121, 122, 124, 125, 127], 43: [0, 1, 3, 4, 9, 11, 13, 18, 19, 20, 21, 22, 23, 25, 33, 35, 37, 39, 40, 43, 44, 45, 50, 51, 52, 54, 57, 60, 61, 62, 63, 64, 65, 66, 67, 68, 69, 70, 71, 72, 73, 74, 77, 80, 85, 87, 88, 89, 93, 97, 99, 100, 101, 102, 104, 105, 107, 109, 110, 111, 112, 114, 118, 119, 120, 123, 124, 127], 44: [0, 1, 2, 4, 6, 8, 11, 14, 15, 16, 18, 21, 23, 24, 28, 31, 34, 35, 38, 42, 45, 46, 47, 48, 49, 52, 53, 55, 57, 58, 59, 60, 62, 63, 70, 71, 74, 76, 77, 78, 79, 81, 84, 86, 87, 88, 89, 91, 92, 95, 96, 97, 105, 106, 109, 111, 112, 114, 115, 117, 120, 122, 123, 125, 126, 127], 45: [1, 3, 4, 6, 7, 9, 10, 11, 13, 14, 17, 18, 21, 23, 25, 28, 30, 32, 35, 39, 43, 44, 45, 46, 48, 49, 51, 52, 53, 54, 55, 56, 57, 59, 60, 61, 62, 65, 66, 67, 68, 69, 72, 73, 75, 76, 77, 81, 84, 89, 92, 94, 96, 97, 100, 102, 104, 105, 106, 108, 109, 110, 111, 114, 115, 118, 123], 46: [2, 4, 6, 7, 8, 9, 13, 14, 18, 20, 21, 23, 25, 26, 28, 30, 31, 33, 34, 37, 38, 39, 41, 43, 46, 47, 48, 50, 51, 52, 53, 56, 58, 59, 60, 61, 62, 67, 72, 73, 77, 78, 79, 83, 85, 86, 87, 88, 89, 90, 92, 93, 94, 95, 97, 105, 107, 111, 112, 114, 116, 117, 118, 119, 120, 121, 125, 126], 47: [0, 1, 4, 5, 8, 9, 13, 14, 15, 16, 20, 25, 29, 32, 34, 37, 39, 40, 41, 42, 43, 47, 48, 50, 51, 52, 53, 56, 57, 58, 60, 61, 62, 63, 64, 65, 68, 70, 72, 73, 75, 76, 77, 79, 80, 81, 83, 87, 89, 91, 92, 93, 95, 100, 102, 107, 108, 113, 114, 115, 116, 117, 119, 123, 126]}
INFO 01-21 15:56:47.490226.490226 lmp.py:1712] decode step 0 time: 0.988541841506958 seconds
INFO 01-21 15:56:48.881129.881129 lmp.py:1712] decode step 1 time: 0.6823875904083252 seconds
INFO 01-21 15:56:49.618040.618040 lmp.py:1712] decode step 2 time: 0.6281580924987793 seconds
INFO 01-21 15:56:50.336785.336785 lmp.py:1712] decode step 3 time: 0.5998995304107666 seconds
INFO 01-21 15:56:51.042816.042816 lmp.py:1712] decode step 4 time: 0.5969233512878418 seconds
INFO 01-21 15:56:51.765161.765161 lmp.py:1712] decode step 5 time: 0.6144998073577881 seconds
INFO 01-21 15:56:52.487314.487314 lmp.py:1712] decode step 6 time: 0.6027982234954834 seconds
INFO 01-21 15:56:53.210648.210648 lmp.py:1712] decode step 7 time: 0.6085543632507324 seconds
INFO 01-21 15:56:53.942285.942285 lmp.py:1712] decode step 8 time: 0.6115262508392334 seconds
INFO 01-21 15:56:54.648672.648672 lmp.py:1712] decode step 9 time: 0.585195779800415 seconds
INFO 01-21 15:56:55.372975.372975 lmp.py:1712] decode step 10 time: 0.6124715805053711 seconds
INFO 01-21 15:56:56.120344.120344 lmp.py:1712] decode step 11 time: 0.6217513084411621 seconds
INFO 01-21 15:56:56.863570.863570 lmp.py:1712] decode step 12 time: 0.6348879337310791 seconds
INFO 01-21 15:56:57.611975.611975 lmp.py:1712] decode step 13 time: 0.6164944171905518 seconds
INFO 01-21 15:56:58.346120.346120 lmp.py:1712] decode step 14 time: 0.607473611831665 seconds
INFO 01-21 15:56:59.058644.058644 lmp.py:1712] decode step 15 time: 0.5904843807220459 seconds
INFO 01-21 15:56:59.742947.742947 lmp.py:1712] decode step 16 time: 0.5631606578826904 seconds
INFO 01-21 15:57:00.448014.448014 lmp.py:1712] decode step 17 time: 0.5889589786529541 seconds
INFO 01-21 15:57:01.130449.130449 lmp.py:1712] decode step 18 time: 0.5511071681976318 seconds
INFO 01-21 15:57:01.810725.810725 lmp.py:1712] decode step 19 time: 0.573469877243042 seconds
INFO 01-21 15:57:02.518165.518165 lmp.py:1712] decode step 20 time: 0.5854806900024414 seconds
INFO 01-21 15:57:03.225850.225850 lmp.py:1712] decode step 21 time: 0.5804150104522705 seconds
INFO 01-21 15:57:03.907999.907999 lmp.py:1712] decode step 22 time: 0.5583953857421875 seconds
INFO 01-21 15:57:04.596251.596251 lmp.py:1712] decode step 23 time: 0.5764694213867188 seconds
INFO 01-21 15:57:05.310348.310348 lmp.py:1712] decode step 24 time: 0.5913810729980469 seconds
INFO 01-21 15:57:06.002091.002091 lmp.py:1712] decode step 25 time: 0.563521146774292 seconds
INFO 01-21 15:57:06.683917.683917 lmp.py:1712] decode step 26 time: 0.5619430541992188 seconds
INFO 01-21 15:57:07.352861.352861 lmp.py:1712] decode step 27 time: 0.5555176734924316 seconds
INFO 01-21 15:57:08.049467.049467 lmp.py:1712] decode step 28 time: 0.5900957584381104 seconds
INFO 01-21 15:57:08.721460.721460 lmp.py:1712] decode step 29 time: 0.5450839996337891 seconds
INFO 01-21 15:57:09.399527.399527 lmp.py:1712] decode step 30 time: 0.5724663734436035 seconds
INFO 01-21 15:57:09.516420.516420 lmp.py:1721] average decode time from decode step 5: 0.5870616894501907 seconds
generate input ids cost 0.08099889755249023 s
INFO 01-21 15:57:17.609809.609809 lmp.py:1605] prefill time: 2.1651086807250977 seconds
WARNING 01-21 15:57:17.680520.680520 cuda_memory_view.py:259] Insufficient GPU memory across all devices! Required: 29.06 GB, Available: 16.61 GB. Will try to allocate as many experts as possible to GPU, remaining experts will stay on CPU.
WARNING 01-21 15:57:17.685022.685022 cuda_memory_view.py:406] Total 1985 experts (17.45 GB) will stay on CPU due to insufficient GPU memory. Details: {18: [81, 82, 83, 86, 87, 90, 91, 92, 95, 99, 102, 106, 109, 111, 112, 113, 114, 116, 119, 122, 125, 126], 19: [0, 4, 6, 8, 9, 13, 14, 16, 18, 21, 22, 23, 24, 27, 29, 30, 33, 34, 36, 37, 42, 44, 54, 56, 57, 59, 62, 63, 64, 65, 68, 69, 70, 71, 75, 77, 78, 79, 81, 83, 84, 85, 90, 92, 94, 95, 96, 97, 98, 101, 102, 103, 104, 105, 106, 107, 111, 112, 114, 117, 118, 120, 122, 124, 125, 126, 127], 20: [1, 4, 7, 8, 11, 16, 19, 21, 22, 24, 26, 31, 32, 33, 34, 36, 41, 42, 43, 45, 46, 47, 49, 50, 52, 53, 55, 58, 59, 60, 62, 63, 65, 71, 72, 73, 77, 78, 79, 80, 81, 82, 83, 86, 87, 88, 89, 90, 92, 93, 94, 97, 98, 99, 100, 102, 106, 107, 109, 111, 112, 113, 114, 117, 118, 119, 120, 124, 126, 127], 21: [0, 3, 5, 6, 7, 8, 12, 14, 15, 16, 17, 19, 27, 28, 29, 30, 31, 33, 36, 37, 39, 42, 43, 44, 47, 49, 54, 55, 56, 57, 59, 61, 63, 64, 65, 66, 67, 68, 72, 74, 75, 78, 82, 83, 86, 87, 89, 92, 93, 97, 100, 102, 104, 106, 107, 111, 112, 113, 114, 116, 117, 118, 119, 120, 121, 122, 123, 125, 126], 22: [0, 3, 4, 8, 9, 11, 12, 14, 15, 16, 17, 20, 21, 23, 24, 27, 30, 31, 33, 36, 37, 43, 44, 45, 47, 48, 49, 55, 56, 58, 59, 62, 63, 65, 66, 68, 71, 72, 73, 74, 75, 76, 77, 78, 79, 81, 82, 85, 86, 87, 88, 91, 92, 93, 94, 96, 98, 101, 104, 106, 109, 111, 115, 116, 117, 118, 122, 123, 125], 23: [0, 5, 6, 7, 9, 10, 11, 14, 15, 17, 22, 23, 25, 26, 27, 30, 33, 34, 35, 39, 41, 44, 45, 48, 49, 50, 51, 52, 55, 56, 57, 58, 61, 63, 64, 65, 66, 68, 70, 71, 72, 74, 75, 77, 78, 80, 81, 82, 87, 88, 91, 93, 95, 96, 100, 103, 106, 108, 109, 112, 113, 114, 118, 119, 121, 123, 125, 126, 127], 24: [2, 3, 5, 6, 7, 9, 13, 15, 17, 19, 20, 23, 27, 29, 31, 33, 34, 35, 36, 37, 39, 41, 44, 46, 47, 48, 54, 56, 57, 59, 60, 64, 65, 66, 69, 72, 76, 77, 81, 82, 83, 84, 86, 88, 90, 91, 93, 94, 96, 97, 100, 102, 106, 107, 110, 112, 114, 116, 117, 118, 119, 120, 121, 122, 123, 126, 127], 25: [3, 4, 5, 6, 7, 8, 9, 10, 19, 22, 23, 26, 27, 28, 30, 33, 34, 36, 38, 39, 43, 46, 47, 48, 49, 51, 52, 53, 54, 56, 60, 61, 66, 67, 69, 70, 71, 73, 74, 80, 81, 83, 88, 89, 90, 93, 94, 96, 97, 98, 99, 100, 102, 103, 105, 106, 111, 112, 113, 114, 115, 117, 118, 119, 120, 121, 122, 124, 126, 127], 26: [0, 1, 3, 6, 8, 12, 15, 21, 22, 24, 25, 26, 30, 31, 32, 33, 36, 38, 41, 43, 45, 46, 48, 49, 50, 51, 52, 53, 54, 56, 64, 65, 66, 67, 68, 70, 72, 75, 76, 77, 78, 79, 84, 88, 89, 90, 92, 93, 96, 100, 101, 102, 104, 105, 106, 108, 109, 110, 112, 119, 120, 122, 123, 124, 125, 126, 127], 27: [5, 7, 8, 10, 12, 13, 14, 22, 25, 26, 27, 28, 29, 30, 34, 35, 37, 39, 40, 41, 42, 43, 45, 46, 47, 48, 49, 51, 52, 53, 55, 56, 57, 58, 62, 65, 66, 67, 68, 70, 71, 74, 76, 78, 80, 81, 82, 85, 86, 89, 92, 93, 96, 97, 99, 100, 103, 104, 105, 106, 108, 110, 112, 113, 114, 115, 116, 118, 120, 123, 124, 125, 127], 28: [0, 2, 3, 5, 6, 7, 8, 9, 10, 12, 19, 20, 21, 22, 24, 25, 27, 28, 30, 31, 33, 35, 37, 38, 39, 41, 42, 48, 51, 55, 56, 59, 61, 65, 66, 67, 68, 69, 71, 72, 73, 76, 78, 79, 80, 81, 84, 86, 90, 92, 93, 94, 95, 96, 97, 99, 101, 104, 105, 106, 107, 117, 119, 120, 121, 125, 126], 29: [1, 2, 4, 5, 7, 8, 11, 12, 16, 19, 21, 23, 24, 27, 28, 29, 31, 32, 33, 34, 38, 41, 42, 43, 44, 45, 50, 52, 53, 54, 55, 56, 57, 58, 60, 61, 62, 66, 67, 69, 70, 71, 74, 75, 76, 81, 82, 85, 86, 87, 88, 90, 91, 92, 98, 99, 100, 101, 110, 111, 114, 115, 116, 118, 119, 123, 126, 127], 30: [0, 2, 5, 7, 11, 12, 15, 16, 17, 19, 20, 21, 22, 24, 25, 26, 27, 28, 29, 30, 31, 32, 34, 37, 38, 39, 40, 43, 44, 45, 46, 50, 51, 53, 57, 58, 59, 63, 64, 66, 68, 69, 73, 74, 76, 78, 80, 82, 83, 86, 87, 90, 91, 95, 101, 102, 105, 106, 108, 109, 111, 113, 114, 116, 117, 124, 125, 127], 31: [0, 4, 8, 9, 14, 15, 16, 20, 21, 22, 23, 24, 28, 29, 30, 31, 33, 35, 36, 37, 42, 49, 54, 57, 59, 60, 62, 63, 64, 65, 66, 67, 68, 70, 71, 75, 76, 78, 79, 80, 81, 83, 84, 85, 90, 91, 92, 93, 94, 96, 97, 102, 104, 105, 106, 108, 114, 116, 117, 118, 120, 122, 123, 124, 125, 126, 127], 32: [1, 3, 4, 7, 8, 11, 16, 19, 21, 22, 23, 24, 30, 31, 33, 34, 36, 43, 45, 46, 47, 49, 50, 52, 53, 56, 58, 59, 60, 62, 63, 71, 72, 73, 77, 78, 80, 81, 82, 83, 84, 87, 88, 89, 92, 93, 94, 97, 98, 99, 100, 101, 102, 105, 107, 109, 111, 112, 113, 116, 118, 119, 120, 121, 126], 33: [0, 3, 5, 6, 7, 8, 9, 14, 15, 17, 18, 19, 23, 27, 28, 29, 31, 33, 36, 37, 39, 42, 44, 49, 54, 55, 56, 57, 59, 61, 63, 66, 67, 68, 72, 73, 74, 75, 78, 82, 83, 85, 86, 87, 88, 89, 90, 93, 97, 99, 100, 102, 104, 105, 108, 110, 112, 114, 115, 116, 117, 118, 119, 120, 121, 122, 123, 126], 34: [0, 3, 4, 5, 6, 11, 12, 14, 15, 16, 17, 20, 21, 24, 26, 27, 30, 31, 33, 36, 37, 43, 45, 46, 47, 48, 49, 50, 55, 57, 58, 59, 61, 62, 65, 66, 68, 71, 72, 73, 74, 75, 76, 78, 79, 80, 81, 82, 86, 87, 89, 91, 92, 93, 94, 96, 99, 101, 104, 105, 106, 111, 117, 122, 125, 126], 35: [0, 1, 5, 6, 10, 11, 14, 20, 22, 24, 25, 26, 27, 30, 31, 33, 34, 35, 38, 39, 40, 41, 43, 44, 45, 48, 49, 50, 51, 52, 54, 57, 58, 60, 61, 64, 65, 70, 71, 72, 73, 74, 75, 77, 78, 80, 81, 83, 87, 88, 89, 91, 93, 94, 95, 96, 100, 106, 107, 110, 112, 113, 114, 118, 121, 123, 126, 127], 36: [2, 3, 5, 6, 7, 8, 9, 11, 13, 15, 16, 17, 19, 20, 21, 22, 27, 31, 35, 37, 39, 41, 44, 46, 47, 48, 50, 56, 58, 64, 66, 69, 70, 72, 73, 75, 77, 81, 82, 83, 84, 85, 86, 88, 89, 91, 92, 93, 94, 95, 96, 99, 100, 102, 107, 110, 111, 112, 113, 117, 118, 119, 120, 122, 123, 126, 127], 37: [1, 3, 4, 5, 6, 7, 8, 9, 10, 15, 17, 19, 20, 21, 22, 23, 26, 27, 28, 30, 34, 38, 39, 43, 46, 47, 48, 51, 53, 58, 60, 61, 67, 69, 70, 71, 74, 79, 80, 81, 83, 84, 88, 89, 90, 93, 94, 96, 97, 100, 101, 102, 103, 105, 106, 108, 109, 111, 112, 113, 114, 115, 116, 117, 119, 121, 122, 123, 124], 38: [0, 1, 2, 6, 11, 14, 15, 17, 20, 24, 25, 26, 30, 33, 34, 35, 36, 37, 38, 41, 42, 45, 46, 48, 49, 51, 53, 54, 56, 61, 65, 67, 68, 70, 71, 73, 75, 76, 77, 78, 79, 82, 84, 85, 90, 92, 93, 96, 98, 99, 100, 101, 103, 104, 106, 107, 108, 109, 112, 119, 120, 122, 123, 124, 126], 39: [2, 5, 7, 8, 12, 14, 17, 22, 24, 25, 26, 27, 28, 29, 30, 34, 35, 39, 40, 41, 42, 43, 45, 47, 49, 52, 56, 57, 58, 61, 62, 63, 65, 66, 67, 68, 70, 71, 74, 76, 78, 79, 80, 81, 82, 83, 85, 86, 88, 89, 92, 93, 96, 97, 99, 100, 101, 103, 104, 110, 113, 114, 115, 116, 118, 119, 120, 123, 124, 125, 127], 40: [5, 7, 9, 10, 11, 12, 13, 14, 19, 20, 21, 22, 24, 25, 27, 28, 30, 31, 33, 35, 36, 37, 38, 39, 41, 42, 43, 51, 54, 55, 56, 59, 65, 66, 67, 68, 69, 71, 72, 73, 76, 77, 80, 81, 83, 84, 85, 86, 89, 90, 93, 95, 96, 100, 101, 104, 105, 106, 112, 117, 118, 120, 121, 122, 124, 125, 126], 41: [3, 5, 7, 8, 10, 11, 12, 14, 16, 19, 21, 22, 23, 24, 27, 28, 29, 30, 31, 32, 33, 34, 37, 38, 39, 40, 41, 42, 43, 44, 45, 47, 49, 50, 53, 54, 56, 57, 58, 59, 60, 62, 68, 70, 71, 74, 75, 81, 82, 83, 86, 87, 88, 90, 91, 92, 95, 97, 101, 102, 105, 108, 110, 113, 114, 116], 42: [1, 4, 6, 8, 11, 14, 15, 18, 19, 21, 24, 27, 29, 31, 33, 34, 35, 36, 37, 38, 39, 40, 42, 44, 45, 47, 50, 53, 54, 58, 60, 62, 65, 66, 67, 70, 71, 72, 79, 81, 82, 83, 84, 85, 88, 89, 99, 100, 101, 102, 103, 104, 105, 106, 108, 111, 112, 113, 117, 118, 120, 121, 122, 124, 125, 127], 43: [0, 1, 3, 4, 9, 11, 13, 18, 19, 20, 21, 22, 23, 25, 33, 35, 37, 39, 40, 43, 44, 45, 50, 51, 52, 54, 57, 60, 61, 62, 63, 64, 65, 66, 67, 68, 69, 70, 71, 72, 73, 77, 80, 85, 86, 87, 88, 89, 93, 97, 99, 100, 101, 102, 104, 105, 107, 109, 110, 111, 112, 114, 118, 119, 120, 123, 124, 127], 44: [0, 1, 2, 4, 6, 8, 11, 14, 15, 16, 18, 21, 23, 24, 28, 31, 34, 35, 38, 42, 45, 46, 47, 48, 49, 52, 53, 55, 57, 58, 59, 60, 62, 63, 70, 71, 74, 76, 77, 78, 79, 81, 84, 86, 87, 88, 89, 91, 92, 95, 96, 97, 105, 106, 109, 111, 112, 114, 115, 117, 120, 122, 123, 125, 126, 127], 45: [1, 3, 4, 6, 7, 9, 10, 11, 13, 14, 17, 18, 21, 23, 25, 28, 30, 32, 35, 39, 43, 44, 45, 46, 48, 49, 51, 52, 53, 54, 55, 56, 57, 59, 60, 61, 62, 65, 66, 67, 68, 69, 72, 73, 75, 76, 77, 81, 84, 89, 92, 94, 96, 97, 100, 102, 104, 105, 106, 108, 109, 110, 111, 114, 115, 118, 123], 46: [2, 4, 6, 7, 8, 9, 13, 14, 18, 20, 21, 23, 25, 26, 28, 30, 31, 33, 34, 37, 38, 39, 41, 43, 46, 47, 48, 50, 51, 52, 53, 56, 58, 59, 60, 61, 62, 67, 72, 73, 77, 78, 79, 83, 85, 86, 87, 88, 89, 90, 92, 93, 94, 95, 97, 105, 107, 111, 112, 114, 116, 117, 118, 119, 120, 121, 125, 126], 47: [0, 1, 4, 5, 8, 9, 13, 14, 15, 16, 20, 25, 29, 32, 34, 37, 39, 40, 41, 42, 43, 47, 48, 50, 51, 52, 53, 56, 57, 58, 60, 61, 62, 63, 64, 65, 68, 70, 72, 73, 75, 76, 77, 79, 80, 81, 83, 87, 89, 91, 92, 93, 95, 100, 102, 105, 107, 108, 113, 114, 115, 116, 117, 119, 126]}
INFO 01-21 15:57:18.573451.573451 lmp.py:1712] decode step 0 time: 0.8864359855651855 seconds
INFO 01-21 15:57:19.918132.918132 lmp.py:1712] decode step 1 time: 0.6289212703704834 seconds
INFO 01-21 15:57:20.606154.606154 lmp.py:1712] decode step 2 time: 0.566420316696167 seconds
INFO 01-21 15:57:21.370796.370796 lmp.py:1712] decode step 3 time: 0.6376340389251709 seconds
INFO 01-21 15:57:22.075302.075302 lmp.py:1712] decode step 4 time: 0.5737085342407227 seconds
INFO 01-21 15:57:22.750109.750109 lmp.py:1712] decode step 5 time: 0.5555305480957031 seconds
INFO 01-21 15:57:23.418142.418142 lmp.py:1712] decode step 6 time: 0.547410249710083 seconds
INFO 01-21 15:57:24.109993.109993 lmp.py:1712] decode step 7 time: 0.5726339817047119 seconds
INFO 01-21 15:57:24.816520.816520 lmp.py:1712] decode step 8 time: 0.5770628452301025 seconds
INFO 01-21 15:57:25.523544.523544 lmp.py:1712] decode step 9 time: 0.5842435359954834 seconds
INFO 01-21 15:57:26.214154.214154 lmp.py:1712] decode step 10 time: 0.55763840675354 seconds
INFO 01-21 15:57:26.887377.887377 lmp.py:1712] decode step 11 time: 0.5534744262695312 seconds
INFO 01-21 15:57:27.606992.606992 lmp.py:1712] decode step 12 time: 0.606102705001831 seconds
INFO 01-21 15:57:28.329383.329383 lmp.py:1712] decode step 13 time: 0.5844142436981201 seconds
INFO 01-21 15:57:29.024945.024945 lmp.py:1712] decode step 14 time: 0.5613608360290527 seconds
INFO 01-21 15:57:29.785202.785202 lmp.py:1712] decode step 15 time: 0.6225647926330566 seconds
INFO 01-21 15:57:30.486785.486785 lmp.py:1712] decode step 16 time: 0.5580055713653564 seconds
INFO 01-21 15:57:31.192164.192164 lmp.py:1712] decode step 17 time: 0.5746445655822754 seconds
INFO 01-21 15:57:31.895232.895232 lmp.py:1712] decode step 18 time: 0.5718114376068115 seconds
INFO 01-21 15:57:32.609575.609575 lmp.py:1712] decode step 19 time: 0.582423210144043 seconds
INFO 01-21 15:57:33.333654.333654 lmp.py:1712] decode step 20 time: 0.5869147777557373 seconds
INFO 01-21 15:57:34.034868.034868 lmp.py:1712] decode step 21 time: 0.5669746398925781 seconds
INFO 01-21 15:57:34.736547.736547 lmp.py:1712] decode step 22 time: 0.573754072189331 seconds
INFO 01-21 15:57:35.422083.422083 lmp.py:1712] decode step 23 time: 0.5559501647949219 seconds
INFO 01-21 15:57:36.096591.096591 lmp.py:1712] decode step 24 time: 0.5507774353027344 seconds
INFO 01-21 15:57:36.781656.781656 lmp.py:1712] decode step 25 time: 0.5600259304046631 seconds
INFO 01-21 15:57:37.469044.469044 lmp.py:1712] decode step 26 time: 0.5627105236053467 seconds
INFO 01-21 15:57:38.158708.158708 lmp.py:1712] decode step 27 time: 0.5644533634185791 seconds
INFO 01-21 15:57:38.909011.909011 lmp.py:1712] decode step 28 time: 0.5825655460357666 seconds
INFO 01-21 15:57:39.595992.595992 lmp.py:1712] decode step 29 time: 0.5616397857666016 seconds
INFO 01-21 15:57:40.285065.285065 lmp.py:1712] decode step 30 time: 0.5510005950927734 seconds
INFO 01-21 15:57:40.415461.415461 lmp.py:1721] average decode time from decode step 5: 0.5702341611568744 seconds
