here pin
INFO 01-23 14:53:41.394951.394951 pinpool.py:28] Initializing PinnedMemoryPool with 2GB total, allocating in 1024MB chunks...
INFO 01-23 14:53:41.905923.905923 pinpool.py:40] Allocated chunk 1: 536870912 elements (1024.0 MB)
INFO 01-23 14:53:42.329218.329218 pinpool.py:40] Allocated chunk 2: 536870912 elements (1024.0 MB)
INFO 01-23 14:53:42.329939.329939 pinpool.py:52] Successfully allocated 2 chunks, total 1073741824 elements (2048.0 MB) in 0.935s
Warming up 4 GPU(s)...
GPU 0 warmed up
GPU 1 warmed up
GPU 2 warmed up
GPU 3 warmed up
GPU warmup completed
Warming up 4 GPU(s)...
GPU 0 warmed up
GPU 1 warmed up
GPU 2 warmed up
GPU 3 warmed up
GPU warmup completed
Warming up 4 GPU(s)...
GPU 0 warmed up
GPU 1 warmed up
GPU 2 warmed up
GPU 3 warmed up
GPU warmup completed
here pin
INFO 01-23 14:53:47.291405.291405 pinpool.py:28] Initializing PinnedMemoryPool with 2GB total, allocating in 1024MB chunks...
INFO 01-23 14:53:47.817342.817342 pinpool.py:40] Allocated chunk 1: 536870912 elements (1024.0 MB)
INFO 01-23 14:53:48.263711.263711 pinpool.py:40] Allocated chunk 2: 536870912 elements (1024.0 MB)
INFO 01-23 14:53:48.263740.263740 pinpool.py:52] Successfully allocated 2 chunks, total 1073741824 elements (2048.0 MB) in 0.972s
generate input ids cost 0.08873224258422852 s
INFO 01-23 14:54:04.907152.907152 lmp.py:1591] prefill time: 0.9639372825622559 seconds
generate input ids cost 0.08276510238647461 s
INFO 01-23 14:54:19.122985.122985 lmp.py:1591] prefill time: 0.7439923286437988 seconds
