here pin
INFO 01-23 14:32:20.671960.671960 pinpool.py:28] Initializing PinnedMemoryPool with 2GB total, allocating in 1024MB chunks...
INFO 01-23 14:32:21.208995.208995 pinpool.py:40] Allocated chunk 1: 536870912 elements (1024.0 MB)
INFO 01-23 14:32:21.639616.639616 pinpool.py:40] Allocated chunk 2: 536870912 elements (1024.0 MB)
INFO 01-23 14:32:21.639932.639932 pinpool.py:52] Successfully allocated 2 chunks, total 1073741824 elements (2048.0 MB) in 0.968s
Warming up 4 GPU(s)...
GPU 0 warmed up
GPU 1 warmed up
GPU 2 warmed up
GPU 3 warmed up
GPU warmup completed
Warming up 4 GPU(s)...
GPU 0 warmed up
GPU 1 warmed up
GPU 2 warmed up
GPU 3 warmed up
GPU warmup completed
Warming up 4 GPU(s)...
GPU 0 warmed up
GPU 1 warmed up
GPU 2 warmed up
GPU 3 warmed up
GPU warmup completed
here pin
INFO 01-23 14:32:26.340796.340796 pinpool.py:28] Initializing PinnedMemoryPool with 2GB total, allocating in 1024MB chunks...
INFO 01-23 14:32:26.851540.851540 pinpool.py:40] Allocated chunk 1: 536870912 elements (1024.0 MB)
INFO 01-23 14:32:27.292003.292003 pinpool.py:40] Allocated chunk 2: 536870912 elements (1024.0 MB)
INFO 01-23 14:32:27.293521.293521 pinpool.py:52] Successfully allocated 2 chunks, total 1073741824 elements (2048.0 MB) in 0.953s
generate input ids cost 0.08833122253417969 s
INFO 01-23 14:32:38.164347.164347 lmp.py:1591] prefill time: 0.5049400329589844 seconds
generate input ids cost 0.07280850410461426 s
INFO 01-23 14:32:46.509577.509577 lmp.py:1591] prefill time: 0.2666285037994385 seconds
