here pin
INFO 01-18 09:01:38.207225.207225 pinpool.py:28] Initializing PinnedMemoryPool with 2GB total, allocating in 1024MB chunks...
INFO 01-18 09:01:38.748060.748060 pinpool.py:40] Allocated chunk 1: 536870912 elements (1024.0 MB)
INFO 01-18 09:01:39.215607.215607 pinpool.py:40] Allocated chunk 2: 536870912 elements (1024.0 MB)
INFO 01-18 09:01:39.215257.215257 pinpool.py:52] Successfully allocated 2 chunks, total 1073741824 elements (2048.0 MB) in 1.008s
here pin
INFO 01-18 09:01:43.075455.075455 pinpool.py:28] Initializing PinnedMemoryPool with 2GB total, allocating in 1024MB chunks...
INFO 01-18 09:01:43.599386.599386 pinpool.py:40] Allocated chunk 1: 536870912 elements (1024.0 MB)
INFO 01-18 09:01:44.053637.053637 pinpool.py:40] Allocated chunk 2: 536870912 elements (1024.0 MB)
INFO 01-18 09:01:44.053568.053568 pinpool.py:52] Successfully allocated 2 chunks, total 1073741824 elements (2048.0 MB) in 0.978s
generate input ids cost 0.08763670921325684 s
INFO 01-18 09:01:53.395332.395332 lmp.py:1567] prefill time: 1.9049265384674072 seconds
INFO 01-18 09:01:53.880652.880652 lmp.py:1634] decode step 0 time: 0.4397721290588379 seconds
INFO 01-18 09:01:54.197166.197166 lmp.py:1634] decode step 1 time: 0.3169550895690918 seconds
INFO 01-18 09:01:54.416380.416380 lmp.py:1634] decode step 2 time: 0.218613862991333 seconds
INFO 01-18 09:01:54.598189.598189 lmp.py:1634] decode step 3 time: 0.18237018585205078 seconds
INFO 01-18 09:01:54.778066.778066 lmp.py:1634] decode step 4 time: 0.17934918403625488 seconds
INFO 01-18 09:01:54.951687.951687 lmp.py:1634] decode step 5 time: 0.1734781265258789 seconds
INFO 01-18 09:01:55.123227.123227 lmp.py:1634] decode step 6 time: 0.1720566749572754 seconds
INFO 01-18 09:01:55.296010.296010 lmp.py:1634] decode step 7 time: 0.17241215705871582 seconds
INFO 01-18 09:01:55.469778.469778 lmp.py:1634] decode step 8 time: 0.17314505577087402 seconds
INFO 01-18 09:01:55.645274.645274 lmp.py:1634] decode step 9 time: 0.1753253936767578 seconds
INFO 01-18 09:01:55.819210.819210 lmp.py:1634] decode step 10 time: 0.17437386512756348 seconds
INFO 01-18 09:01:55.999167.999167 lmp.py:1634] decode step 11 time: 0.17995929718017578 seconds
INFO 01-18 09:01:56.180625.180625 lmp.py:1634] decode step 12 time: 0.1810619831085205 seconds
INFO 01-18 09:01:56.357650.357650 lmp.py:1634] decode step 13 time: 0.17625975608825684 seconds
INFO 01-18 09:01:56.531567.531567 lmp.py:1634] decode step 14 time: 0.1736304759979248 seconds
INFO 01-18 09:01:56.707892.707892 lmp.py:1634] decode step 15 time: 0.17632079124450684 seconds
INFO 01-18 09:01:56.887063.887063 lmp.py:1634] decode step 16 time: 0.1796417236328125 seconds
INFO 01-18 09:01:57.060004.060004 lmp.py:1634] decode step 17 time: 0.17287063598632812 seconds
INFO 01-18 09:01:57.236961.236961 lmp.py:1634] decode step 18 time: 0.17585277557373047 seconds
INFO 01-18 09:01:57.408545.408545 lmp.py:1634] decode step 19 time: 0.17179059982299805 seconds
INFO 01-18 09:01:57.581527.581527 lmp.py:1634] decode step 20 time: 0.17238473892211914 seconds
INFO 01-18 09:01:57.756620.756620 lmp.py:1634] decode step 21 time: 0.1752941608428955 seconds
INFO 01-18 09:01:57.932022.932022 lmp.py:1634] decode step 22 time: 0.17539238929748535 seconds
INFO 01-18 09:01:58.105142.105142 lmp.py:1634] decode step 23 time: 0.1727125644683838 seconds
INFO 01-18 09:01:58.278942.278942 lmp.py:1634] decode step 24 time: 0.17345166206359863 seconds
INFO 01-18 09:01:58.450176.450176 lmp.py:1634] decode step 25 time: 0.17166471481323242 seconds
INFO 01-18 09:01:58.621551.621551 lmp.py:1634] decode step 26 time: 0.17028260231018066 seconds
INFO 01-18 09:01:58.792705.792705 lmp.py:1634] decode step 27 time: 0.1716322898864746 seconds
INFO 01-18 09:01:58.969719.969719 lmp.py:1634] decode step 28 time: 0.17672467231750488 seconds
INFO 01-18 09:01:59.140225.140225 lmp.py:1634] decode step 29 time: 0.17057204246520996 seconds
INFO 01-18 09:01:59.318905.318905 lmp.py:1634] decode step 30 time: 0.1779189109802246 seconds
INFO 01-18 09:01:59.318044.318044 lmp.py:1636] average decode time: 0.1894603390847483 seconds
generate input ids cost 0.07651948928833008 s
INFO 01-18 09:02:05.813880.813880 lmp.py:1567] prefill time: 0.984485387802124 seconds
INFO 01-18 09:02:06.181522.181522 lmp.py:1634] decode step 0 time: 0.32260799407958984 seconds
INFO 01-18 09:02:06.463651.463651 lmp.py:1634] decode step 1 time: 0.2825586795806885 seconds
INFO 01-18 09:02:06.704701.704701 lmp.py:1634] decode step 2 time: 0.24060988426208496 seconds
INFO 01-18 09:02:06.876667.876667 lmp.py:1634] decode step 3 time: 0.17145633697509766 seconds
INFO 01-18 09:02:07.048575.048575 lmp.py:1634] decode step 4 time: 0.1722855567932129 seconds
INFO 01-18 09:02:07.217892.217892 lmp.py:1634] decode step 5 time: 0.16848278045654297 seconds
INFO 01-18 09:02:07.392574.392574 lmp.py:1634] decode step 6 time: 0.17532134056091309 seconds
INFO 01-18 09:02:07.567704.567704 lmp.py:1634] decode step 7 time: 0.1744387149810791 seconds
INFO 01-18 09:02:07.739873.739873 lmp.py:1634] decode step 8 time: 0.1722865104675293 seconds
INFO 01-18 09:02:07.907551.907551 lmp.py:1634] decode step 9 time: 0.16729259490966797 seconds
INFO 01-18 09:02:08.075271.075271 lmp.py:1634] decode step 10 time: 0.16837549209594727 seconds
INFO 01-18 09:02:08.246417.246417 lmp.py:1634] decode step 11 time: 0.17058348655700684 seconds
INFO 01-18 09:02:08.417323.417323 lmp.py:1634] decode step 12 time: 0.1705467700958252 seconds
INFO 01-18 09:02:08.588318.588318 lmp.py:1634] decode step 13 time: 0.17103004455566406 seconds
INFO 01-18 09:02:08.764578.764578 lmp.py:1634] decode step 14 time: 0.1765444278717041 seconds
INFO 01-18 09:02:08.946354.946354 lmp.py:1634] decode step 15 time: 0.18100690841674805 seconds
INFO 01-18 09:02:09.121170.121170 lmp.py:1634] decode step 16 time: 0.17543959617614746 seconds
INFO 01-18 09:02:09.298202.298202 lmp.py:1634] decode step 17 time: 0.17624211311340332 seconds
INFO 01-18 09:02:09.473746.473746 lmp.py:1634] decode step 18 time: 0.17471981048583984 seconds
INFO 01-18 09:02:09.646947.646947 lmp.py:1634] decode step 19 time: 0.1738126277923584 seconds
INFO 01-18 09:02:09.823688.823688 lmp.py:1634] decode step 20 time: 0.17649388313293457 seconds
INFO 01-18 09:02:10.004533.004533 lmp.py:1634] decode step 21 time: 0.18076586723327637 seconds
INFO 01-18 09:02:10.182989.182989 lmp.py:1634] decode step 22 time: 0.177781343460083 seconds
INFO 01-18 09:02:10.358986.358986 lmp.py:1634] decode step 23 time: 0.17581605911254883 seconds
INFO 01-18 09:02:10.532068.532068 lmp.py:1634] decode step 24 time: 0.17377591133117676 seconds
INFO 01-18 09:02:10.707320.707320 lmp.py:1634] decode step 25 time: 0.17469143867492676 seconds
INFO 01-18 09:02:10.877522.877522 lmp.py:1634] decode step 26 time: 0.17044854164123535 seconds
INFO 01-18 09:02:11.051500.051500 lmp.py:1634] decode step 27 time: 0.17365455627441406 seconds
INFO 01-18 09:02:11.219932.219932 lmp.py:1634] decode step 28 time: 0.1677994728088379 seconds
INFO 01-18 09:02:11.388619.388619 lmp.py:1634] decode step 29 time: 0.16911935806274414 seconds
INFO 01-18 09:02:11.558271.558271 lmp.py:1634] decode step 30 time: 0.1697850227355957 seconds
INFO 01-18 09:02:11.558214.558214 lmp.py:1636] average decode time: 0.1837346169256395 seconds
generate input ids cost 0.07158350944519043 s
INFO 01-18 09:02:17.797983.797983 lmp.py:1567] prefill time: 1.00234055519104 seconds
INFO 01-18 09:02:18.188514.188514 lmp.py:1634] decode step 0 time: 0.34839510917663574 seconds
INFO 01-18 09:02:18.471368.471368 lmp.py:1634] decode step 1 time: 0.2828543186187744 seconds
INFO 01-18 09:02:18.713379.713379 lmp.py:1634] decode step 2 time: 0.24142861366271973 seconds
INFO 01-18 09:02:18.897806.897806 lmp.py:1634] decode step 3 time: 0.1842648983001709 seconds
INFO 01-18 09:02:19.076326.076326 lmp.py:1634] decode step 4 time: 0.17851877212524414 seconds
INFO 01-18 09:02:19.254476.254476 lmp.py:1634] decode step 5 time: 0.17760992050170898 seconds
INFO 01-18 09:02:19.428602.428602 lmp.py:1634] decode step 6 time: 0.1747126579284668 seconds
INFO 01-18 09:02:19.604828.604828 lmp.py:1634] decode step 7 time: 0.1751408576965332 seconds
INFO 01-18 09:02:19.780161.780161 lmp.py:1634] decode step 8 time: 0.1763615608215332 seconds
INFO 01-18 09:02:19.958090.958090 lmp.py:1634] decode step 9 time: 0.17735695838928223 seconds
INFO 01-18 09:02:20.126966.126966 lmp.py:1634] decode step 10 time: 0.16800856590270996 seconds
INFO 01-18 09:02:20.296334.296334 lmp.py:1634] decode step 11 time: 0.1702861785888672 seconds
INFO 01-18 09:02:20.471930.471930 lmp.py:1634] decode step 12 time: 0.17412185668945312 seconds
INFO 01-18 09:02:20.643196.643196 lmp.py:1634] decode step 13 time: 0.17251944541931152 seconds
INFO 01-18 09:02:20.817344.817344 lmp.py:1634] decode step 14 time: 0.17340397834777832 seconds
INFO 01-18 09:02:20.994524.994524 lmp.py:1634] decode step 15 time: 0.17732787132263184 seconds
INFO 01-18 09:02:21.169481.169481 lmp.py:1634] decode step 16 time: 0.1750013828277588 seconds
INFO 01-18 09:02:21.340992.340992 lmp.py:1634] decode step 17 time: 0.17081332206726074 seconds
INFO 01-18 09:02:21.510100.510100 lmp.py:1634] decode step 18 time: 0.1694653034210205 seconds
INFO 01-18 09:02:21.680249.680249 lmp.py:1634] decode step 19 time: 0.17047667503356934 seconds
INFO 01-18 09:02:21.853182.853182 lmp.py:1634] decode step 20 time: 0.17235612869262695 seconds
INFO 01-18 09:02:22.024242.024242 lmp.py:1634] decode step 21 time: 0.1711869239807129 seconds
INFO 01-18 09:02:22.194647.194647 lmp.py:1634] decode step 22 time: 0.1696147918701172 seconds
INFO 01-18 09:02:22.365532.365532 lmp.py:1634] decode step 23 time: 0.17130613327026367 seconds
INFO 01-18 09:02:22.533086.533086 lmp.py:1634] decode step 24 time: 0.16797208786010742 seconds
INFO 01-18 09:02:22.705213.705213 lmp.py:1634] decode step 25 time: 0.17177963256835938 seconds
INFO 01-18 09:02:22.877604.877604 lmp.py:1634] decode step 26 time: 0.17177319526672363 seconds
INFO 01-18 09:02:23.049064.049064 lmp.py:1634] decode step 27 time: 0.1714789867401123 seconds
INFO 01-18 09:02:23.214011.214011 lmp.py:1634] decode step 28 time: 0.16562700271606445 seconds
INFO 01-18 09:02:23.382926.382926 lmp.py:1634] decode step 29 time: 0.16725516319274902 seconds
INFO 01-18 09:02:23.550549.550549 lmp.py:1634] decode step 30 time: 0.1682286262512207 seconds
INFO 01-18 09:02:23.550731.550731 lmp.py:1636] average decode time: 0.18408538449195125 seconds
