here pin
INFO 01-18 09:03:02.205672.205672 pinpool.py:28] Initializing PinnedMemoryPool with 2GB total, allocating in 1024MB chunks...
INFO 01-18 09:03:02.744768.744768 pinpool.py:40] Allocated chunk 1: 536870912 elements (1024.0 MB)
INFO 01-18 09:03:03.173741.173741 pinpool.py:40] Allocated chunk 2: 536870912 elements (1024.0 MB)
INFO 01-18 09:03:03.173073.173073 pinpool.py:52] Successfully allocated 2 chunks, total 1073741824 elements (2048.0 MB) in 0.968s
here pin
INFO 01-18 09:03:06.930183.930183 pinpool.py:28] Initializing PinnedMemoryPool with 2GB total, allocating in 1024MB chunks...
INFO 01-18 09:03:07.449450.449450 pinpool.py:40] Allocated chunk 1: 536870912 elements (1024.0 MB)
INFO 01-18 09:03:07.887191.887191 pinpool.py:40] Allocated chunk 2: 536870912 elements (1024.0 MB)
INFO 01-18 09:03:07.888404.888404 pinpool.py:52] Successfully allocated 2 chunks, total 1073741824 elements (2048.0 MB) in 0.958s
generate input ids cost 0.08840608596801758 s
INFO 01-18 09:03:17.093229.093229 lmp.py:1567] prefill time: 2.18064546585083 seconds
INFO 01-18 09:03:17.755385.755385 lmp.py:1634] decode step 0 time: 0.642963171005249 seconds
INFO 01-18 09:03:18.161948.161948 lmp.py:1634] decode step 1 time: 0.4058196544647217 seconds
INFO 01-18 09:03:18.512487.512487 lmp.py:1634] decode step 2 time: 0.34954380989074707 seconds
INFO 01-18 09:03:18.858405.858405 lmp.py:1634] decode step 3 time: 0.34504151344299316 seconds
INFO 01-18 09:03:19.225681.225681 lmp.py:1634] decode step 4 time: 0.3667290210723877 seconds
INFO 01-18 09:03:19.590277.590277 lmp.py:1634] decode step 5 time: 0.36438655853271484 seconds
INFO 01-18 09:03:20.014906.014906 lmp.py:1634] decode step 6 time: 0.4225320816040039 seconds
INFO 01-18 09:03:20.332431.332431 lmp.py:1634] decode step 7 time: 0.31774115562438965 seconds
INFO 01-18 09:03:20.680800.680800 lmp.py:1634] decode step 8 time: 0.34683871269226074 seconds
INFO 01-18 09:03:21.023741.023741 lmp.py:1634] decode step 9 time: 0.34272313117980957 seconds
INFO 01-18 09:03:21.359701.359701 lmp.py:1634] decode step 10 time: 0.33561182022094727 seconds
INFO 01-18 09:03:21.662633.662633 lmp.py:1634] decode step 11 time: 0.3024601936340332 seconds
INFO 01-18 09:03:21.985747.985747 lmp.py:1634] decode step 12 time: 0.3219108581542969 seconds
INFO 01-18 09:03:22.294425.294425 lmp.py:1634] decode step 13 time: 0.30823826789855957 seconds
INFO 01-18 09:03:22.621822.621822 lmp.py:1634] decode step 14 time: 0.3261229991912842 seconds
INFO 01-18 09:03:22.931078.931078 lmp.py:1634] decode step 15 time: 0.30986905097961426 seconds
INFO 01-18 09:03:23.253027.253027 lmp.py:1634] decode step 16 time: 0.32019901275634766 seconds
INFO 01-18 09:03:23.570100.570100 lmp.py:1634] decode step 17 time: 0.3169386386871338 seconds
INFO 01-18 09:03:23.884345.884345 lmp.py:1634] decode step 18 time: 0.3131992816925049 seconds
INFO 01-18 09:03:24.189839.189839 lmp.py:1634] decode step 19 time: 0.30416226387023926 seconds
INFO 01-18 09:03:24.506240.506240 lmp.py:1634] decode step 20 time: 0.31659817695617676 seconds
INFO 01-18 09:03:24.827995.827995 lmp.py:1634] decode step 21 time: 0.3201711177825928 seconds
INFO 01-18 09:03:25.152785.152785 lmp.py:1634] decode step 22 time: 0.3238058090209961 seconds
INFO 01-18 09:03:25.492462.492462 lmp.py:1634] decode step 23 time: 0.3388683795928955 seconds
INFO 01-18 09:03:25.805154.805154 lmp.py:1634] decode step 24 time: 0.31273674964904785 seconds
INFO 01-18 09:03:26.137435.137435 lmp.py:1634] decode step 25 time: 0.33141207695007324 seconds
INFO 01-18 09:03:26.466324.466324 lmp.py:1634] decode step 26 time: 0.32771873474121094 seconds
INFO 01-18 09:03:26.799865.799865 lmp.py:1634] decode step 27 time: 0.33297085762023926 seconds
INFO 01-18 09:03:27.116868.116868 lmp.py:1634] decode step 28 time: 0.3160557746887207 seconds
INFO 01-18 09:03:27.492594.492594 lmp.py:1634] decode step 29 time: 0.37511467933654785 seconds
INFO 01-18 09:03:27.818911.818911 lmp.py:1634] decode step 30 time: 0.3255894184112549 seconds
INFO 01-18 09:03:27.819756.819756 lmp.py:1636] average decode time: 0.344647515204645 seconds
generate input ids cost 0.0802457332611084 s
INFO 01-18 09:03:41.958531.958531 lmp.py:1567] prefill time: 1.7327945232391357 seconds
INFO 01-18 09:03:42.443307.443307 lmp.py:1634] decode step 0 time: 0.4667782783508301 seconds
INFO 01-18 09:03:42.835543.835543 lmp.py:1634] decode step 1 time: 0.3908712863922119 seconds
INFO 01-18 09:03:43.196674.196674 lmp.py:1634] decode step 2 time: 0.36003565788269043 seconds
INFO 01-18 09:03:43.559957.559957 lmp.py:1634] decode step 3 time: 0.36287498474121094 seconds
INFO 01-18 09:03:43.913689.913689 lmp.py:1634] decode step 4 time: 0.3536558151245117 seconds
INFO 01-18 09:03:44.277776.277776 lmp.py:1634] decode step 5 time: 0.3629622459411621 seconds
INFO 01-18 09:03:44.614206.614206 lmp.py:1634] decode step 6 time: 0.33590078353881836 seconds
INFO 01-18 09:03:44.970088.970088 lmp.py:1634] decode step 7 time: 0.3545410633087158 seconds
INFO 01-18 09:03:45.344873.344873 lmp.py:1634] decode step 8 time: 0.374375581741333 seconds
INFO 01-18 09:03:45.723592.723592 lmp.py:1634] decode step 9 time: 0.37853527069091797 seconds
INFO 01-18 09:03:46.086654.086654 lmp.py:1634] decode step 10 time: 0.36238765716552734 seconds
INFO 01-18 09:03:46.449493.449493 lmp.py:1634] decode step 11 time: 0.36172056198120117 seconds
INFO 01-18 09:03:46.800455.800455 lmp.py:1634] decode step 12 time: 0.35029006004333496 seconds
INFO 01-18 09:03:47.168341.168341 lmp.py:1634] decode step 13 time: 0.3672022819519043 seconds
INFO 01-18 09:03:47.512102.512102 lmp.py:1634] decode step 14 time: 0.342724084854126 seconds
INFO 01-18 09:03:47.835469.835469 lmp.py:1634] decode step 15 time: 0.3224761486053467 seconds
INFO 01-18 09:03:48.160844.160844 lmp.py:1634] decode step 16 time: 0.32477283477783203 seconds
INFO 01-18 09:03:48.465514.465514 lmp.py:1634] decode step 17 time: 0.30368566513061523 seconds
INFO 01-18 09:03:48.778310.778310 lmp.py:1634] decode step 18 time: 0.31238222122192383 seconds
INFO 01-18 09:03:49.106821.106821 lmp.py:1634] decode step 19 time: 0.3272712230682373 seconds
INFO 01-18 09:03:49.437257.437257 lmp.py:1634] decode step 20 time: 0.3298325538635254 seconds
INFO 01-18 09:03:49.752410.752410 lmp.py:1634] decode step 21 time: 0.3149137496948242 seconds
INFO 01-18 09:03:50.093926.093926 lmp.py:1634] decode step 22 time: 0.33960628509521484 seconds
INFO 01-18 09:03:50.413209.413209 lmp.py:1634] decode step 23 time: 0.31954336166381836 seconds
INFO 01-18 09:03:50.733577.733577 lmp.py:1634] decode step 24 time: 0.31929969787597656 seconds
INFO 01-18 09:03:51.047109.047109 lmp.py:1634] decode step 25 time: 0.3129544258117676 seconds
INFO 01-18 09:03:51.363658.363658 lmp.py:1634] decode step 26 time: 0.31487393379211426 seconds
INFO 01-18 09:03:51.669857.669857 lmp.py:1634] decode step 27 time: 0.3055884838104248 seconds
INFO 01-18 09:03:51.962376.962376 lmp.py:1634] decode step 28 time: 0.29241228103637695 seconds
INFO 01-18 09:03:52.260517.260517 lmp.py:1634] decode step 29 time: 0.2967538833618164 seconds
INFO 01-18 09:03:52.570025.570025 lmp.py:1634] decode step 30 time: 0.3098781108856201 seconds
INFO 01-18 09:03:52.571289.571289 lmp.py:1636] average decode time: 0.34100324107754615 seconds
generate input ids cost 0.07425308227539062 s
INFO 01-18 09:04:03.755512.755512 lmp.py:1567] prefill time: 1.7572987079620361 seconds
INFO 01-18 09:04:04.129946.129946 lmp.py:1634] decode step 0 time: 0.353971004486084 seconds
INFO 01-18 09:04:04.481051.481051 lmp.py:1634] decode step 1 time: 0.3517875671386719 seconds
INFO 01-18 09:04:04.792686.792686 lmp.py:1634] decode step 2 time: 0.31053853034973145 seconds
INFO 01-18 09:04:05.098791.098791 lmp.py:1634] decode step 3 time: 0.3045942783355713 seconds
INFO 01-18 09:04:05.418965.418965 lmp.py:1634] decode step 4 time: 0.31937575340270996 seconds
INFO 01-18 09:04:05.730594.730594 lmp.py:1634] decode step 5 time: 0.3114440441131592 seconds
INFO 01-18 09:04:06.059487.059487 lmp.py:1634] decode step 6 time: 0.3273932933807373 seconds
INFO 01-18 09:04:06.366167.366167 lmp.py:1634] decode step 7 time: 0.3064134120941162 seconds
INFO 01-18 09:04:06.682127.682127 lmp.py:1634] decode step 8 time: 0.3150193691253662 seconds
INFO 01-18 09:04:07.003756.003756 lmp.py:1634] decode step 9 time: 0.319929838180542 seconds
INFO 01-18 09:04:07.295381.295381 lmp.py:1634] decode step 10 time: 0.2914845943450928 seconds
INFO 01-18 09:04:07.597591.597591 lmp.py:1634] decode step 11 time: 0.3014187812805176 seconds
INFO 01-18 09:04:07.919898.919898 lmp.py:1634] decode step 12 time: 0.3214120864868164 seconds
INFO 01-18 09:04:08.221541.221541 lmp.py:1634] decode step 13 time: 0.300462007522583 seconds
INFO 01-18 09:04:08.511118.511118 lmp.py:1634] decode step 14 time: 0.2896413803100586 seconds
INFO 01-18 09:04:08.794882.794882 lmp.py:1634] decode step 15 time: 0.2824528217315674 seconds
INFO 01-18 09:04:09.096903.096903 lmp.py:1634] decode step 16 time: 0.30107760429382324 seconds
INFO 01-18 09:04:09.403524.403524 lmp.py:1634] decode step 17 time: 0.30602264404296875 seconds
INFO 01-18 09:04:09.696638.696638 lmp.py:1634] decode step 18 time: 0.29214000701904297 seconds
INFO 01-18 09:04:09.992307.992307 lmp.py:1634] decode step 19 time: 0.2946004867553711 seconds
INFO 01-18 09:04:10.289274.289274 lmp.py:1634] decode step 20 time: 0.29642724990844727 seconds
INFO 01-18 09:04:10.581629.581629 lmp.py:1634] decode step 21 time: 0.2915163040161133 seconds
INFO 01-18 09:04:10.855458.855458 lmp.py:1634] decode step 22 time: 0.2725832462310791 seconds
INFO 01-18 09:04:11.139606.139606 lmp.py:1634] decode step 23 time: 0.28388381004333496 seconds
INFO 01-18 09:04:11.429447.429447 lmp.py:1634] decode step 24 time: 0.2891044616699219 seconds
INFO 01-18 09:04:11.721394.721394 lmp.py:1634] decode step 25 time: 0.29089951515197754 seconds
INFO 01-18 09:04:12.003037.003037 lmp.py:1634] decode step 26 time: 0.28081464767456055 seconds
INFO 01-18 09:04:12.289289.289289 lmp.py:1634] decode step 27 time: 0.28589653968811035 seconds
INFO 01-18 09:04:12.572451.572451 lmp.py:1634] decode step 28 time: 0.2813863754272461 seconds
INFO 01-18 09:04:12.854185.854185 lmp.py:1634] decode step 29 time: 0.28124547004699707 seconds
INFO 01-18 09:04:13.144171.144171 lmp.py:1634] decode step 30 time: 0.2894461154937744 seconds
INFO 01-18 09:04:13.145791.145791 lmp.py:1636] average decode time: 0.3014317174111643 seconds
