here pin
INFO 01-23 14:28:12.762633.762633 pinpool.py:28] Initializing PinnedMemoryPool with 2GB total, allocating in 1024MB chunks...
INFO 01-23 14:28:13.296242.296242 pinpool.py:40] Allocated chunk 1: 536870912 elements (1024.0 MB)
INFO 01-23 14:28:13.733623.733623 pinpool.py:40] Allocated chunk 2: 536870912 elements (1024.0 MB)
INFO 01-23 14:28:13.733264.733264 pinpool.py:52] Successfully allocated 2 chunks, total 1073741824 elements (2048.0 MB) in 0.971s
Warming up 4 GPU(s)...
GPU 0 warmed up
GPU 1 warmed up
GPU 2 warmed up
GPU 3 warmed up
GPU warmup completed
Warming up 4 GPU(s)...
GPU 0 warmed up
GPU 1 warmed up
GPU 2 warmed up
GPU 3 warmed up
GPU warmup completed
Warming up 4 GPU(s)...
GPU 0 warmed up
GPU 1 warmed up
GPU 2 warmed up
GPU 3 warmed up
GPU warmup completed
here pin
INFO 01-23 14:28:18.389635.389635 pinpool.py:28] Initializing PinnedMemoryPool with 2GB total, allocating in 1024MB chunks...
INFO 01-23 14:28:18.915084.915084 pinpool.py:40] Allocated chunk 1: 536870912 elements (1024.0 MB)
INFO 01-23 14:28:19.364042.364042 pinpool.py:40] Allocated chunk 2: 536870912 elements (1024.0 MB)
INFO 01-23 14:28:19.365071.365071 pinpool.py:52] Successfully allocated 2 chunks, total 1073741824 elements (2048.0 MB) in 0.976s
generate input ids cost 0.216691255569458 s
INFO 01-23 14:28:28.357938.357938 lmp.py:1591] prefill time: 1.8616106510162354 seconds
generate input ids cost 0.20433688163757324 s
INFO 01-23 14:28:34.728516.728516 lmp.py:1591] prefill time: 1.5963220596313477 seconds
