here pin
INFO 01-18 08:57:02.611208.611208 pinpool.py:28] Initializing PinnedMemoryPool with 2GB total, allocating in 1024MB chunks...
INFO 01-18 08:57:03.156469.156469 pinpool.py:40] Allocated chunk 1: 536870912 elements (1024.0 MB)
INFO 01-18 08:57:03.588599.588599 pinpool.py:40] Allocated chunk 2: 536870912 elements (1024.0 MB)
INFO 01-18 08:57:03.588468.588468 pinpool.py:52] Successfully allocated 2 chunks, total 1073741824 elements (2048.0 MB) in 0.977s
here pin
INFO 01-18 08:57:07.357321.357321 pinpool.py:28] Initializing PinnedMemoryPool with 2GB total, allocating in 1024MB chunks...
INFO 01-18 08:57:07.872058.872058 pinpool.py:40] Allocated chunk 1: 536870912 elements (1024.0 MB)
INFO 01-18 08:57:08.320718.320718 pinpool.py:40] Allocated chunk 2: 536870912 elements (1024.0 MB)
INFO 01-18 08:57:08.321638.321638 pinpool.py:52] Successfully allocated 2 chunks, total 1073741824 elements (2048.0 MB) in 0.964s
generate input ids cost 0.08450841903686523 s
INFO 01-18 08:57:17.060249.060249 lmp.py:1567] prefill time: 1.757993459701538 seconds
INFO 01-18 08:57:17.597909.597909 lmp.py:1634] decode step 0 time: 0.5134141445159912 seconds
INFO 01-18 08:57:17.935922.935922 lmp.py:1634] decode step 1 time: 0.33719754219055176 seconds
INFO 01-18 08:57:18.230939.230939 lmp.py:1634] decode step 2 time: 0.29541516304016113 seconds
INFO 01-18 08:57:18.496712.496712 lmp.py:1634] decode step 3 time: 0.26558876037597656 seconds
INFO 01-18 08:57:18.705486.705486 lmp.py:1634] decode step 4 time: 0.20776033401489258 seconds
INFO 01-18 08:57:18.851765.851765 lmp.py:1634] decode step 5 time: 0.1457970142364502 seconds
INFO 01-18 08:57:18.999410.999410 lmp.py:1634] decode step 6 time: 0.14757323265075684 seconds
INFO 01-18 08:57:19.145150.145150 lmp.py:1634] decode step 7 time: 0.1459662914276123 seconds
INFO 01-18 08:57:19.292220.292220 lmp.py:1634] decode step 8 time: 0.1464524269104004 seconds
INFO 01-18 08:57:19.438655.438655 lmp.py:1634] decode step 9 time: 0.1455380916595459 seconds
INFO 01-18 08:57:19.581313.581313 lmp.py:1634] decode step 10 time: 0.14231252670288086 seconds
INFO 01-18 08:57:19.721097.721097 lmp.py:1634] decode step 11 time: 0.14013457298278809 seconds
INFO 01-18 08:57:19.861690.861690 lmp.py:1634] decode step 12 time: 0.13916707038879395 seconds
INFO 01-18 08:57:20.004230.004230 lmp.py:1634] decode step 13 time: 0.14296436309814453 seconds
INFO 01-18 08:57:20.148762.148762 lmp.py:1634] decode step 14 time: 0.1431736946105957 seconds
INFO 01-18 08:57:20.294123.294123 lmp.py:1634] decode step 15 time: 0.14635372161865234 seconds
INFO 01-18 08:57:20.437403.437403 lmp.py:1634] decode step 16 time: 0.14244818687438965 seconds
INFO 01-18 08:57:20.579719.579719 lmp.py:1634] decode step 17 time: 0.14109206199645996 seconds
INFO 01-18 08:57:20.723500.723500 lmp.py:1634] decode step 18 time: 0.14389324188232422 seconds
INFO 01-18 08:57:20.864062.864062 lmp.py:1634] decode step 19 time: 0.1400296688079834 seconds
INFO 01-18 08:57:21.007198.007198 lmp.py:1634] decode step 20 time: 0.14244556427001953 seconds
INFO 01-18 08:57:21.152128.152128 lmp.py:1634] decode step 21 time: 0.14441990852355957 seconds
INFO 01-18 08:57:21.295901.295901 lmp.py:1634] decode step 22 time: 0.1428358554840088 seconds
INFO 01-18 08:57:21.434393.434393 lmp.py:1634] decode step 23 time: 0.13837575912475586 seconds
INFO 01-18 08:57:21.571976.571976 lmp.py:1634] decode step 24 time: 0.1371903419494629 seconds
INFO 01-18 08:57:21.713970.713970 lmp.py:1634] decode step 25 time: 0.14144468307495117 seconds
INFO 01-18 08:57:21.855910.855910 lmp.py:1634] decode step 26 time: 0.14099454879760742 seconds
INFO 01-18 08:57:22.001182.001182 lmp.py:1634] decode step 27 time: 0.14593815803527832 seconds
INFO 01-18 08:57:22.148069.148069 lmp.py:1634] decode step 28 time: 0.14624977111816406 seconds
INFO 01-18 08:57:22.291294.291294 lmp.py:1634] decode step 29 time: 0.14286303520202637 seconds
INFO 01-18 08:57:22.436986.436986 lmp.py:1634] decode step 30 time: 0.1449275016784668 seconds
INFO 01-18 08:57:22.437872.437872 lmp.py:1636] average decode time: 0.17225668507237588 seconds
generate input ids cost 0.07452225685119629 s
INFO 01-18 08:57:29.530221.530221 lmp.py:1567] prefill time: 1.2132482528686523 seconds
INFO 01-18 08:57:29.938066.938066 lmp.py:1634] decode step 0 time: 0.38334178924560547 seconds
INFO 01-18 08:57:30.279588.279588 lmp.py:1634] decode step 1 time: 0.34015560150146484 seconds
INFO 01-18 08:57:30.581919.581919 lmp.py:1634] decode step 2 time: 0.3023228645324707 seconds
INFO 01-18 08:57:30.845362.845362 lmp.py:1634] decode step 3 time: 0.26381969451904297 seconds
INFO 01-18 08:57:31.091083.091083 lmp.py:1634] decode step 4 time: 0.24527311325073242 seconds
INFO 01-18 08:57:31.262528.262528 lmp.py:1634] decode step 5 time: 0.17054510116577148 seconds
INFO 01-18 08:57:31.409587.409587 lmp.py:1634] decode step 6 time: 0.14623141288757324 seconds
INFO 01-18 08:57:31.555298.555298 lmp.py:1634] decode step 7 time: 0.14593768119812012 seconds
INFO 01-18 08:57:31.703835.703835 lmp.py:1634] decode step 8 time: 0.14744162559509277 seconds
INFO 01-18 08:57:31.853797.853797 lmp.py:1634] decode step 9 time: 0.14920949935913086 seconds
INFO 01-18 08:57:31.999487.999487 lmp.py:1634] decode step 10 time: 0.1456444263458252 seconds
INFO 01-18 08:57:32.146783.146783 lmp.py:1634] decode step 11 time: 0.14639925956726074 seconds
INFO 01-18 08:57:32.290532.290532 lmp.py:1634] decode step 12 time: 0.14371371269226074 seconds
INFO 01-18 08:57:32.440746.440746 lmp.py:1634] decode step 13 time: 0.14968419075012207 seconds
INFO 01-18 08:57:32.590896.590896 lmp.py:1634] decode step 14 time: 0.14911556243896484 seconds
INFO 01-18 08:57:32.735954.735954 lmp.py:1634] decode step 15 time: 0.14536261558532715 seconds
INFO 01-18 08:57:32.880630.880630 lmp.py:1634] decode step 16 time: 0.14439034461975098 seconds
INFO 01-18 08:57:33.024303.024303 lmp.py:1634] decode step 17 time: 0.14365148544311523 seconds
INFO 01-18 08:57:33.173812.173812 lmp.py:1634] decode step 18 time: 0.1485917568206787 seconds
INFO 01-18 08:57:33.318209.318209 lmp.py:1634] decode step 19 time: 0.1440262794494629 seconds
INFO 01-18 08:57:33.462875.462875 lmp.py:1634] decode step 20 time: 0.14434361457824707 seconds
INFO 01-18 08:57:33.608663.608663 lmp.py:1634] decode step 21 time: 0.1456906795501709 seconds
INFO 01-18 08:57:33.753559.753559 lmp.py:1634] decode step 22 time: 0.1443955898284912 seconds
INFO 01-18 08:57:33.899408.899408 lmp.py:1634] decode step 23 time: 0.14508676528930664 seconds
INFO 01-18 08:57:34.044887.044887 lmp.py:1634] decode step 24 time: 0.14546918869018555 seconds
INFO 01-18 08:57:34.192247.192247 lmp.py:1634] decode step 25 time: 0.14696836471557617 seconds
INFO 01-18 08:57:34.331820.331820 lmp.py:1634] decode step 26 time: 0.13823223114013672 seconds
INFO 01-18 08:57:34.475753.475753 lmp.py:1634] decode step 27 time: 0.1440882682800293 seconds
INFO 01-18 08:57:34.624510.624510 lmp.py:1634] decode step 28 time: 0.14887046813964844 seconds
INFO 01-18 08:57:34.770622.770622 lmp.py:1634] decode step 29 time: 0.1454765796661377 seconds
INFO 01-18 08:57:34.913604.913604 lmp.py:1634] decode step 30 time: 0.14235997200012207 seconds
INFO 01-18 08:57:34.913732.913732 lmp.py:1636] average decode time: 0.172446443188575 seconds
generate input ids cost 0.07251930236816406 s
INFO 01-18 08:57:41.777708.777708 lmp.py:1567] prefill time: 1.1630339622497559 seconds
INFO 01-18 08:57:42.194880.194880 lmp.py:1634] decode step 0 time: 0.39066624641418457 seconds
INFO 01-18 08:57:42.511141.511141 lmp.py:1634] decode step 1 time: 0.31624603271484375 seconds
INFO 01-18 08:57:42.798694.798694 lmp.py:1634] decode step 2 time: 0.28566884994506836 seconds
INFO 01-18 08:57:43.046752.046752 lmp.py:1634] decode step 3 time: 0.2482905387878418 seconds
INFO 01-18 08:57:43.265182.265182 lmp.py:1634] decode step 4 time: 0.21874713897705078 seconds
INFO 01-18 08:57:43.433110.433110 lmp.py:1634] decode step 5 time: 0.16698789596557617 seconds
INFO 01-18 08:57:43.582124.582124 lmp.py:1634] decode step 6 time: 0.14805078506469727 seconds
INFO 01-18 08:57:43.729808.729808 lmp.py:1634] decode step 7 time: 0.1467142105102539 seconds
INFO 01-18 08:57:43.876741.876741 lmp.py:1634] decode step 8 time: 0.14733505249023438 seconds
INFO 01-18 08:57:44.025502.025502 lmp.py:1634] decode step 9 time: 0.1484379768371582 seconds
INFO 01-18 08:57:44.173030.173030 lmp.py:1634] decode step 10 time: 0.14738845825195312 seconds
INFO 01-18 08:57:44.319272.319272 lmp.py:1634] decode step 11 time: 0.14531660079956055 seconds
INFO 01-18 08:57:44.466616.466616 lmp.py:1634] decode step 12 time: 0.1471269130706787 seconds
INFO 01-18 08:57:44.615046.615046 lmp.py:1634] decode step 13 time: 0.14816880226135254 seconds
INFO 01-18 08:57:44.760570.760570 lmp.py:1634] decode step 14 time: 0.1447453498840332 seconds
INFO 01-18 08:57:44.906362.906362 lmp.py:1634] decode step 15 time: 0.1459031105041504 seconds
INFO 01-18 08:57:45.051106.051106 lmp.py:1634] decode step 16 time: 0.14446258544921875 seconds
INFO 01-18 08:57:45.195076.195076 lmp.py:1634] decode step 17 time: 0.1435561180114746 seconds
INFO 01-18 08:57:45.343001.343001 lmp.py:1634] decode step 18 time: 0.14710116386413574 seconds
INFO 01-18 08:57:45.487058.487058 lmp.py:1634] decode step 19 time: 0.14385342597961426 seconds
INFO 01-18 08:57:45.628872.628872 lmp.py:1634] decode step 20 time: 0.14145278930664062 seconds
INFO 01-18 08:57:45.770513.770513 lmp.py:1634] decode step 21 time: 0.14164972305297852 seconds
INFO 01-18 08:57:45.914882.914882 lmp.py:1634] decode step 22 time: 0.1434793472290039 seconds
INFO 01-18 08:57:46.057765.057765 lmp.py:1634] decode step 23 time: 0.14221930503845215 seconds
INFO 01-18 08:57:46.201191.201191 lmp.py:1634] decode step 24 time: 0.1436479091644287 seconds
INFO 01-18 08:57:46.350216.350216 lmp.py:1634] decode step 25 time: 0.148728609085083 seconds
INFO 01-18 08:57:46.494082.494082 lmp.py:1634] decode step 26 time: 0.1439037322998047 seconds
INFO 01-18 08:57:46.641047.641047 lmp.py:1634] decode step 27 time: 0.1468064785003662 seconds
INFO 01-18 08:57:46.791039.791039 lmp.py:1634] decode step 28 time: 0.1491713523864746 seconds
INFO 01-18 08:57:46.937653.937653 lmp.py:1634] decode step 29 time: 0.14553046226501465 seconds
INFO 01-18 08:57:47.081759.081759 lmp.py:1634] decode step 30 time: 0.14412283897399902 seconds
INFO 01-18 08:57:47.081705.081705 lmp.py:1636] average decode time: 0.16985418719630088 seconds
