here pin
INFO 01-17 11:05:08.242163.242163 pinpool.py:28] Initializing PinnedMemoryPool with 2GB total, allocating in 1024MB chunks...
INFO 01-17 11:05:08.807289.807289 pinpool.py:40] Allocated chunk 1: 536870912 elements (1024.0 MB)
INFO 01-17 11:05:09.265757.265757 pinpool.py:40] Allocated chunk 2: 536870912 elements (1024.0 MB)
INFO 01-17 11:05:09.265737.265737 pinpool.py:52] Successfully allocated 2 chunks, total 1073741824 elements (2048.0 MB) in 1.023s
here pin
INFO 01-17 11:05:13.008785.008785 pinpool.py:28] Initializing PinnedMemoryPool with 2GB total, allocating in 1024MB chunks...
INFO 01-17 11:05:13.523079.523079 pinpool.py:40] Allocated chunk 1: 536870912 elements (1024.0 MB)
INFO 01-17 11:05:13.971782.971782 pinpool.py:40] Allocated chunk 2: 536870912 elements (1024.0 MB)
INFO 01-17 11:05:13.972552.972552 pinpool.py:52] Successfully allocated 2 chunks, total 1073741824 elements (2048.0 MB) in 0.963s
generate input ids cost 0.09761309623718262 s
INFO 01-17 11:05:23.675739.675739 lmp.py:1565] prefill time: 2.037151336669922 seconds
INFO 01-17 11:05:24.232803.232803 lmp.py:1632] decode step 0 time: 0.5040585994720459 seconds
INFO 01-17 11:05:24.592879.592879 lmp.py:1632] decode step 1 time: 0.36037230491638184 seconds
INFO 01-17 11:05:24.825415.825415 lmp.py:1632] decode step 2 time: 0.23215341567993164 seconds
INFO 01-17 11:05:25.034199.034199 lmp.py:1632] decode step 3 time: 0.2089834213256836 seconds
INFO 01-17 11:05:25.237157.237157 lmp.py:1632] decode step 4 time: 0.203521728515625 seconds
INFO 01-17 11:05:25.440350.440350 lmp.py:1632] decode step 5 time: 0.20283293724060059 seconds
INFO 01-17 11:05:25.647699.647699 lmp.py:1632] decode step 6 time: 0.20610833168029785 seconds
INFO 01-17 11:05:25.848994.848994 lmp.py:1632] decode step 7 time: 0.20133686065673828 seconds
INFO 01-17 11:05:26.050285.050285 lmp.py:1632] decode step 8 time: 0.20143985748291016 seconds
INFO 01-17 11:05:26.251315.251315 lmp.py:1632] decode step 9 time: 0.20093083381652832 seconds
INFO 01-17 11:05:26.458451.458451 lmp.py:1632] decode step 10 time: 0.20768427848815918 seconds
INFO 01-17 11:05:26.668582.668582 lmp.py:1632] decode step 11 time: 0.20989489555358887 seconds
INFO 01-17 11:05:26.878773.878773 lmp.py:1632] decode step 12 time: 0.20950961112976074 seconds
INFO 01-17 11:05:27.084882.084882 lmp.py:1632] decode step 13 time: 0.2060544490814209 seconds
INFO 01-17 11:05:27.293059.293059 lmp.py:1632] decode step 14 time: 0.20854949951171875 seconds
INFO 01-17 11:05:27.501946.501946 lmp.py:1632] decode step 15 time: 0.20770931243896484 seconds
INFO 01-17 11:05:27.704842.704842 lmp.py:1632] decode step 16 time: 0.2032938003540039 seconds
INFO 01-17 11:05:27.913262.913262 lmp.py:1632] decode step 17 time: 0.20862221717834473 seconds
INFO 01-17 11:05:28.121544.121544 lmp.py:1632] decode step 18 time: 0.20739340782165527 seconds
INFO 01-17 11:05:28.328764.328764 lmp.py:1632] decode step 19 time: 0.207305908203125 seconds
INFO 01-17 11:05:28.533571.533571 lmp.py:1632] decode step 20 time: 0.20476937294006348 seconds
INFO 01-17 11:05:28.733755.733755 lmp.py:1632] decode step 21 time: 0.19999051094055176 seconds
INFO 01-17 11:05:28.939491.939491 lmp.py:1632] decode step 22 time: 0.2056276798248291 seconds
INFO 01-17 11:05:29.142795.142795 lmp.py:1632] decode step 23 time: 0.2032926082611084 seconds
INFO 01-17 11:05:29.346528.346528 lmp.py:1632] decode step 24 time: 0.2032463550567627 seconds
INFO 01-17 11:05:29.551761.551761 lmp.py:1632] decode step 25 time: 0.20518875122070312 seconds
INFO 01-17 11:05:29.752655.752655 lmp.py:1632] decode step 26 time: 0.20083284378051758 seconds
INFO 01-17 11:05:29.957669.957669 lmp.py:1632] decode step 27 time: 0.204636812210083 seconds
INFO 01-17 11:05:30.157074.157074 lmp.py:1632] decode step 28 time: 0.19984793663024902 seconds
INFO 01-17 11:05:30.359941.359941 lmp.py:1632] decode step 29 time: 0.2019209861755371 seconds
INFO 01-17 11:05:30.567801.567801 lmp.py:1632] decode step 30 time: 0.20822715759277344 seconds
INFO 01-17 11:05:30.567971.567971 lmp.py:1634] average decode time: 0.2204947317800214 seconds
generate input ids cost 0.08805489540100098 s
INFO 01-17 11:05:37.659671.659671 lmp.py:1565] prefill time: 1.0962717533111572 seconds
INFO 01-17 11:05:38.090671.090671 lmp.py:1632] decode step 0 time: 0.37403082847595215 seconds
INFO 01-17 11:05:38.435861.435861 lmp.py:1632] decode step 1 time: 0.3446948528289795 seconds
INFO 01-17 11:05:38.700394.700394 lmp.py:1632] decode step 2 time: 0.26534271240234375 seconds
INFO 01-17 11:05:38.924919.924919 lmp.py:1632] decode step 3 time: 0.22317147254943848 seconds
INFO 01-17 11:05:39.136180.136180 lmp.py:1632] decode step 4 time: 0.2125105857849121 seconds
INFO 01-17 11:05:39.345747.345747 lmp.py:1632] decode step 5 time: 0.20885157585144043 seconds
INFO 01-17 11:05:39.556213.556213 lmp.py:1632] decode step 6 time: 0.210402250289917 seconds
INFO 01-17 11:05:39.765519.765519 lmp.py:1632] decode step 7 time: 0.20954513549804688 seconds
INFO 01-17 11:05:39.977126.977126 lmp.py:1632] decode step 8 time: 0.21125149726867676 seconds
INFO 01-17 11:05:40.180589.180589 lmp.py:1632] decode step 9 time: 0.20356082916259766 seconds
INFO 01-17 11:05:40.386562.386562 lmp.py:1632] decode step 10 time: 0.20549225807189941 seconds
INFO 01-17 11:05:40.595171.595171 lmp.py:1632] decode step 11 time: 0.20881271362304688 seconds
INFO 01-17 11:05:40.804237.804237 lmp.py:1632] decode step 12 time: 0.20834779739379883 seconds
INFO 01-17 11:05:41.012608.012608 lmp.py:1632] decode step 13 time: 0.20851516723632812 seconds
INFO 01-17 11:05:41.220267.220267 lmp.py:1632] decode step 14 time: 0.2076404094696045 seconds
INFO 01-17 11:05:41.429446.429446 lmp.py:1632] decode step 15 time: 0.20876574516296387 seconds
INFO 01-17 11:05:41.632758.632758 lmp.py:1632] decode step 16 time: 0.20324492454528809 seconds
INFO 01-17 11:05:41.838724.838724 lmp.py:1632] decode step 17 time: 0.205338716506958 seconds
INFO 01-17 11:05:42.044179.044179 lmp.py:1632] decode step 18 time: 0.20633339881896973 seconds
INFO 01-17 11:05:42.251437.251437 lmp.py:1632] decode step 19 time: 0.2065749168395996 seconds
INFO 01-17 11:05:42.455000.455000 lmp.py:1632] decode step 20 time: 0.20376896858215332 seconds
INFO 01-17 11:05:42.659929.659929 lmp.py:1632] decode step 21 time: 0.20423364639282227 seconds
INFO 01-17 11:05:42.863088.863088 lmp.py:1632] decode step 22 time: 0.20350337028503418 seconds
INFO 01-17 11:05:43.069287.069287 lmp.py:1632] decode step 23 time: 0.205765962600708 seconds
INFO 01-17 11:05:43.275406.275406 lmp.py:1632] decode step 24 time: 0.20598363876342773 seconds
INFO 01-17 11:05:43.470056.470056 lmp.py:1632] decode step 25 time: 0.1953122615814209 seconds
INFO 01-17 11:05:43.669902.669902 lmp.py:1632] decode step 26 time: 0.19882559776306152 seconds
INFO 01-17 11:05:43.869950.869950 lmp.py:1632] decode step 27 time: 0.1996781826019287 seconds
INFO 01-17 11:05:44.073117.073117 lmp.py:1632] decode step 28 time: 0.20364761352539062 seconds
INFO 01-17 11:05:44.277766.277766 lmp.py:1632] decode step 29 time: 0.20359539985656738 seconds
INFO 01-17 11:05:44.479612.479612 lmp.py:1632] decode step 30 time: 0.20237064361572266 seconds
INFO 01-17 11:05:44.479284.479284 lmp.py:1634] average decode time: 0.2180359055919032 seconds
generate input ids cost 0.0871286392211914 s
INFO 01-17 11:05:51.650563.650563 lmp.py:1565] prefill time: 1.1098496913909912 seconds
INFO 01-17 11:05:52.103449.103449 lmp.py:1632] decode step 0 time: 0.3968954086303711 seconds
INFO 01-17 11:05:52.440801.440801 lmp.py:1632] decode step 1 time: 0.336484432220459 seconds
INFO 01-17 11:05:52.710835.710835 lmp.py:1632] decode step 2 time: 0.26982927322387695 seconds
INFO 01-17 11:05:52.913187.913187 lmp.py:1632] decode step 3 time: 0.2025892734527588 seconds
INFO 01-17 11:05:53.118498.118498 lmp.py:1632] decode step 4 time: 0.20477294921875 seconds
INFO 01-17 11:05:53.322804.322804 lmp.py:1632] decode step 5 time: 0.20443081855773926 seconds
INFO 01-17 11:05:53.528211.528211 lmp.py:1632] decode step 6 time: 0.20528030395507812 seconds
INFO 01-17 11:05:53.731619.731619 lmp.py:1632] decode step 7 time: 0.20352768898010254 seconds
INFO 01-17 11:05:53.935392.935392 lmp.py:1632] decode step 8 time: 0.20376348495483398 seconds
INFO 01-17 11:05:54.142049.142049 lmp.py:1632] decode step 9 time: 0.20679783821105957 seconds
INFO 01-17 11:05:54.346753.346753 lmp.py:1632] decode step 10 time: 0.20427703857421875 seconds
INFO 01-17 11:05:54.550614.550614 lmp.py:1632] decode step 11 time: 0.20340991020202637 seconds
INFO 01-17 11:05:54.752943.752943 lmp.py:1632] decode step 12 time: 0.20158004760742188 seconds
INFO 01-17 11:05:54.953814.953814 lmp.py:1632] decode step 13 time: 0.2017347812652588 seconds
INFO 01-17 11:05:55.154490.154490 lmp.py:1632] decode step 14 time: 0.20029163360595703 seconds
INFO 01-17 11:05:55.348372.348372 lmp.py:1632] decode step 15 time: 0.19394874572753906 seconds
INFO 01-17 11:05:55.545963.545963 lmp.py:1632] decode step 16 time: 0.19674253463745117 seconds
INFO 01-17 11:05:55.743676.743676 lmp.py:1632] decode step 17 time: 0.19837379455566406 seconds
INFO 01-17 11:05:55.940913.940913 lmp.py:1632] decode step 18 time: 0.19628143310546875 seconds
INFO 01-17 11:05:56.148390.148390 lmp.py:1632] decode step 19 time: 0.20873689651489258 seconds
INFO 01-17 11:05:56.346322.346322 lmp.py:1632] decode step 20 time: 0.19721269607543945 seconds
INFO 01-17 11:05:56.543584.543584 lmp.py:1632] decode step 21 time: 0.19700121879577637 seconds
INFO 01-17 11:05:56.738498.738498 lmp.py:1632] decode step 22 time: 0.19530344009399414 seconds
INFO 01-17 11:05:56.937560.937560 lmp.py:1632] decode step 23 time: 0.19871902465820312 seconds
INFO 01-17 11:05:57.140149.140149 lmp.py:1632] decode step 24 time: 0.20306777954101562 seconds
INFO 01-17 11:05:57.341492.341492 lmp.py:1632] decode step 25 time: 0.20075178146362305 seconds
INFO 01-17 11:05:57.540723.540723 lmp.py:1632] decode step 26 time: 0.19827532768249512 seconds
INFO 01-17 11:05:57.740289.740289 lmp.py:1632] decode step 27 time: 0.1997523307800293 seconds
INFO 01-17 11:05:57.940646.940646 lmp.py:1632] decode step 28 time: 0.2008042335510254 seconds
INFO 01-17 11:05:58.141126.141126 lmp.py:1632] decode step 29 time: 0.20060467720031738 seconds
INFO 01-17 11:05:58.346872.346872 lmp.py:1632] decode step 30 time: 0.20448517799377441 seconds
INFO 01-17 11:05:58.346107.346107 lmp.py:1634] average decode time: 0.21405567661408456 seconds
