here pin
INFO 01-19 22:08:09.914821.914821 pinpool.py:28] Initializing PinnedMemoryPool with 2GB total, allocating in 1024MB chunks...
INFO 01-19 22:08:10.459640.459640 pinpool.py:40] Allocated chunk 1: 536870912 elements (1024.0 MB)
INFO 01-19 22:08:10.919251.919251 pinpool.py:40] Allocated chunk 2: 536870912 elements (1024.0 MB)
INFO 01-19 22:08:10.919835.919835 pinpool.py:52] Successfully allocated 2 chunks, total 1073741824 elements (2048.0 MB) in 1.005s
Warming up 4 GPU(s)...
GPU 0 warmed up
GPU 1 warmed up
GPU 2 warmed up
GPU 3 warmed up
GPU warmup completed
Warming up 4 GPU(s)...
GPU 0 warmed up
GPU 1 warmed up
GPU 2 warmed up
GPU 3 warmed up
GPU warmup completed
Warming up 4 GPU(s)...
GPU 0 warmed up
GPU 1 warmed up
GPU 2 warmed up
GPU 3 warmed up
GPU warmup completed
here pin
INFO 01-19 22:08:15.363629.363629 pinpool.py:28] Initializing PinnedMemoryPool with 2GB total, allocating in 1024MB chunks...
INFO 01-19 22:08:15.883061.883061 pinpool.py:40] Allocated chunk 1: 536870912 elements (1024.0 MB)
INFO 01-19 22:08:16.332902.332902 pinpool.py:40] Allocated chunk 2: 536870912 elements (1024.0 MB)
INFO 01-19 22:08:16.333502.333502 pinpool.py:52] Successfully allocated 2 chunks, total 1073741824 elements (2048.0 MB) in 0.970s
generate input ids cost 0.09829068183898926 s
INFO 01-19 22:08:25.571312.571312 lmp.py:1597] prefill time: 1.3694510459899902 seconds
INFO 01-19 22:08:26.104279.104279 lmp.py:1703] decode step 0 time: 0.4858214855194092 seconds
INFO 01-19 22:08:26.440002.440002 lmp.py:1703] decode step 1 time: 0.33626294136047363 seconds
INFO 01-19 22:08:26.719470.719470 lmp.py:1703] decode step 2 time: 0.27779531478881836 seconds
INFO 01-19 22:08:26.917552.917552 lmp.py:1703] decode step 3 time: 0.19768095016479492 seconds
INFO 01-19 22:08:27.111419.111419 lmp.py:1703] decode step 4 time: 0.1946704387664795 seconds
INFO 01-19 22:08:27.329072.329072 lmp.py:1703] decode step 5 time: 0.21773338317871094 seconds
INFO 01-19 22:08:27.575109.575109 lmp.py:1703] decode step 6 time: 0.24559664726257324 seconds
INFO 01-19 22:08:27.821602.821602 lmp.py:1703] decode step 7 time: 0.246138334274292 seconds
INFO 01-19 22:08:28.045107.045107 lmp.py:1703] decode step 8 time: 0.22391819953918457 seconds
INFO 01-19 22:08:28.240225.240225 lmp.py:1703] decode step 9 time: 0.19460678100585938 seconds
INFO 01-19 22:08:28.436862.436862 lmp.py:1703] decode step 10 time: 0.19608831405639648 seconds
INFO 01-19 22:08:28.630529.630529 lmp.py:1703] decode step 11 time: 0.19366717338562012 seconds
INFO 01-19 22:08:28.820624.820624 lmp.py:1703] decode step 12 time: 0.18942594528198242 seconds
INFO 01-19 22:08:29.018022.018022 lmp.py:1703] decode step 13 time: 0.19827699661254883 seconds
INFO 01-19 22:08:29.211354.211354 lmp.py:1703] decode step 14 time: 0.1927475929260254 seconds
INFO 01-19 22:08:29.404889.404889 lmp.py:1703] decode step 15 time: 0.19307637214660645 seconds
INFO 01-19 22:08:29.662661.662661 lmp.py:1703] decode step 16 time: 0.25750017166137695 seconds
INFO 01-19 22:08:29.930571.930571 lmp.py:1703] decode step 17 time: 0.2683289051055908 seconds
INFO 01-19 22:08:30.128224.128224 lmp.py:1703] decode step 18 time: 0.19747447967529297 seconds
INFO 01-19 22:08:30.322962.322962 lmp.py:1703] decode step 19 time: 0.19396281242370605 seconds
INFO 01-19 22:08:30.517973.517973 lmp.py:1703] decode step 20 time: 0.19482731819152832 seconds
INFO 01-19 22:08:30.712639.712639 lmp.py:1703] decode step 21 time: 0.19459152221679688 seconds
INFO 01-19 22:08:30.906521.906521 lmp.py:1703] decode step 22 time: 0.19366860389709473 seconds
INFO 01-19 22:08:31.097691.097691 lmp.py:1703] decode step 23 time: 0.19106626510620117 seconds
INFO 01-19 22:08:31.290736.290736 lmp.py:1703] decode step 24 time: 0.19329190254211426 seconds
INFO 01-19 22:08:31.485421.485421 lmp.py:1703] decode step 25 time: 0.1946108341217041 seconds
INFO 01-19 22:08:31.679692.679692 lmp.py:1703] decode step 26 time: 0.19370794296264648 seconds
INFO 01-19 22:08:31.873817.873817 lmp.py:1703] decode step 27 time: 0.1940929889678955 seconds
INFO 01-19 22:08:32.066134.066134 lmp.py:1703] decode step 28 time: 0.19251513481140137 seconds
INFO 01-19 22:08:32.258456.258456 lmp.py:1703] decode step 29 time: 0.19187521934509277 seconds
INFO 01-19 22:08:32.449075.449075 lmp.py:1703] decode step 30 time: 0.1908411979675293 seconds
INFO 01-19 22:08:32.449548.449548 lmp.py:1707] average decode time from decode step 5: 0.2051396553332989 seconds
generate input ids cost 0.08615303039550781 s
INFO 01-19 22:08:39.590794.590794 lmp.py:1597] prefill time: 1.1191329956054688 seconds
INFO 01-19 22:08:40.023328.023328 lmp.py:1703] decode step 0 time: 0.3865211009979248 seconds
INFO 01-19 22:08:40.362630.362630 lmp.py:1703] decode step 1 time: 0.3393392562866211 seconds
INFO 01-19 22:08:40.663428.663428 lmp.py:1703] decode step 2 time: 0.30054235458374023 seconds
INFO 01-19 22:08:40.861783.861783 lmp.py:1703] decode step 3 time: 0.19795727729797363 seconds
INFO 01-19 22:08:41.056631.056631 lmp.py:1703] decode step 4 time: 0.19487619400024414 seconds
INFO 01-19 22:08:41.247819.247819 lmp.py:1703] decode step 5 time: 0.19141793251037598 seconds
INFO 01-19 22:08:41.441406.441406 lmp.py:1703] decode step 6 time: 0.19304919242858887 seconds
INFO 01-19 22:08:41.632285.632285 lmp.py:1703] decode step 7 time: 0.1908864974975586 seconds
INFO 01-19 22:08:41.826960.826960 lmp.py:1703] decode step 8 time: 0.1939077377319336 seconds
INFO 01-19 22:08:42.019553.019553 lmp.py:1703] decode step 9 time: 0.19359683990478516 seconds
INFO 01-19 22:08:42.214734.214734 lmp.py:1703] decode step 10 time: 0.1947479248046875 seconds
INFO 01-19 22:08:42.410728.410728 lmp.py:1703] decode step 11 time: 0.19572758674621582 seconds
INFO 01-19 22:08:42.607940.607940 lmp.py:1703] decode step 12 time: 0.19725823402404785 seconds
INFO 01-19 22:08:42.815699.815699 lmp.py:1703] decode step 13 time: 0.20743298530578613 seconds
INFO 01-19 22:08:43.015200.015200 lmp.py:1703] decode step 14 time: 0.1999034881591797 seconds
INFO 01-19 22:08:43.210235.210235 lmp.py:1703] decode step 15 time: 0.19475412368774414 seconds
INFO 01-19 22:08:43.402465.402465 lmp.py:1703] decode step 16 time: 0.19164657592773438 seconds
INFO 01-19 22:08:43.592539.592539 lmp.py:1703] decode step 17 time: 0.19037890434265137 seconds
INFO 01-19 22:08:43.785064.785064 lmp.py:1703] decode step 18 time: 0.19256806373596191 seconds
INFO 01-19 22:08:43.977137.977137 lmp.py:1703] decode step 19 time: 0.19215035438537598 seconds
INFO 01-19 22:08:44.173906.173906 lmp.py:1703] decode step 20 time: 0.19533443450927734 seconds
INFO 01-19 22:08:44.374798.374798 lmp.py:1703] decode step 21 time: 0.20074772834777832 seconds
INFO 01-19 22:08:44.567959.567959 lmp.py:1703] decode step 22 time: 0.19338059425354004 seconds
INFO 01-19 22:08:44.765537.765537 lmp.py:1703] decode step 23 time: 0.19791197776794434 seconds
INFO 01-19 22:08:44.962996.962996 lmp.py:1703] decode step 24 time: 0.19628477096557617 seconds
INFO 01-19 22:08:45.156200.156200 lmp.py:1703] decode step 25 time: 0.19427180290222168 seconds
INFO 01-19 22:08:45.350002.350002 lmp.py:1703] decode step 26 time: 0.1935136318206787 seconds
INFO 01-19 22:08:45.544487.544487 lmp.py:1703] decode step 27 time: 0.19379186630249023 seconds
INFO 01-19 22:08:45.740914.740914 lmp.py:1703] decode step 28 time: 0.19614601135253906 seconds
INFO 01-19 22:08:45.931848.931848 lmp.py:1703] decode step 29 time: 0.19116640090942383 seconds
INFO 01-19 22:08:46.123688.123688 lmp.py:1703] decode step 30 time: 0.19191265106201172 seconds
INFO 01-19 22:08:46.123566.123566 lmp.py:1707] average decode time from decode step 5: 0.19476493505331186 seconds
generate input ids cost 0.08369112014770508 s
INFO 01-19 22:08:53.375379.375379 lmp.py:1597] prefill time: 1.1271917819976807 seconds
INFO 01-19 22:08:53.844749.844749 lmp.py:1703] decode step 0 time: 0.42195940017700195 seconds
INFO 01-19 22:08:54.199319.199319 lmp.py:1703] decode step 1 time: 0.3545360565185547 seconds
INFO 01-19 22:08:54.490106.490106 lmp.py:1703] decode step 2 time: 0.2907404899597168 seconds
INFO 01-19 22:08:54.689797.689797 lmp.py:1703] decode step 3 time: 0.19878149032592773 seconds
INFO 01-19 22:08:54.892054.892054 lmp.py:1703] decode step 4 time: 0.2024388313293457 seconds
INFO 01-19 22:08:55.091567.091567 lmp.py:1703] decode step 5 time: 0.19893503189086914 seconds
INFO 01-19 22:08:55.287064.287064 lmp.py:1703] decode step 6 time: 0.19628167152404785 seconds
INFO 01-19 22:08:55.481283.481283 lmp.py:1703] decode step 7 time: 0.19408154487609863 seconds
INFO 01-19 22:08:55.679658.679658 lmp.py:1703] decode step 8 time: 0.1976790428161621 seconds
INFO 01-19 22:08:55.879588.879588 lmp.py:1703] decode step 9 time: 0.19909262657165527 seconds
INFO 01-19 22:08:56.074517.074517 lmp.py:1703] decode step 10 time: 0.19493508338928223 seconds
INFO 01-19 22:08:56.271597.271597 lmp.py:1703] decode step 11 time: 0.19731402397155762 seconds
INFO 01-19 22:08:56.468267.468267 lmp.py:1703] decode step 12 time: 0.19667720794677734 seconds
INFO 01-19 22:08:56.664361.664361 lmp.py:1703] decode step 13 time: 0.1962747573852539 seconds
INFO 01-19 22:08:56.859238.859238 lmp.py:1703] decode step 14 time: 0.19468045234680176 seconds
INFO 01-19 22:08:57.062197.062197 lmp.py:1703] decode step 15 time: 0.202531099319458 seconds
INFO 01-19 22:08:57.258871.258871 lmp.py:1703] decode step 16 time: 0.19623804092407227 seconds
INFO 01-19 22:08:57.454637.454637 lmp.py:1703] decode step 17 time: 0.1957995891571045 seconds
INFO 01-19 22:08:57.651718.651718 lmp.py:1703] decode step 18 time: 0.19691920280456543 seconds
INFO 01-19 22:08:57.849863.849863 lmp.py:1703] decode step 19 time: 0.19739484786987305 seconds
INFO 01-19 22:08:58.051664.051664 lmp.py:1703] decode step 20 time: 0.20150017738342285 seconds
INFO 01-19 22:08:58.249443.249443 lmp.py:1703] decode step 21 time: 0.1981508731842041 seconds
INFO 01-19 22:08:58.451598.451598 lmp.py:1703] decode step 22 time: 0.20227861404418945 seconds
INFO 01-19 22:08:58.648827.648827 lmp.py:1703] decode step 23 time: 0.19640684127807617 seconds
INFO 01-19 22:08:58.841609.841609 lmp.py:1703] decode step 24 time: 0.19352364540100098 seconds
INFO 01-19 22:08:59.041526.041526 lmp.py:1703] decode step 25 time: 0.19953179359436035 seconds
INFO 01-19 22:08:59.241963.241963 lmp.py:1703] decode step 26 time: 0.19980859756469727 seconds
INFO 01-19 22:08:59.441801.441801 lmp.py:1703] decode step 27 time: 0.19967198371887207 seconds
INFO 01-19 22:08:59.640756.640756 lmp.py:1703] decode step 28 time: 0.19860219955444336 seconds
INFO 01-19 22:08:59.840561.840561 lmp.py:1703] decode step 29 time: 0.19991683959960938 seconds
INFO 01-19 22:09:00.040794.040794 lmp.py:1703] decode step 30 time: 0.1996922492980957 seconds
INFO 01-19 22:09:00.040898.040898 lmp.py:1707] average decode time from decode step 5: 0.19784300143902117 seconds
