here pin
INFO 01-17 10:58:01.493210.493210 pinpool.py:28] Initializing PinnedMemoryPool with 2GB total, allocating in 1024MB chunks...
INFO 01-17 10:58:02.032839.032839 pinpool.py:40] Allocated chunk 1: 536870912 elements (1024.0 MB)
INFO 01-17 10:58:02.468785.468785 pinpool.py:40] Allocated chunk 2: 536870912 elements (1024.0 MB)
INFO 01-17 10:58:02.468844.468844 pinpool.py:52] Successfully allocated 2 chunks, total 1073741824 elements (2048.0 MB) in 0.975s
here pin
INFO 01-17 10:58:06.114809.114809 pinpool.py:28] Initializing PinnedMemoryPool with 2GB total, allocating in 1024MB chunks...
INFO 01-17 10:58:06.654412.654412 pinpool.py:40] Allocated chunk 1: 536870912 elements (1024.0 MB)
INFO 01-17 10:58:07.110048.110048 pinpool.py:40] Allocated chunk 2: 536870912 elements (1024.0 MB)
INFO 01-17 10:58:07.110609.110609 pinpool.py:52] Successfully allocated 2 chunks, total 1073741824 elements (2048.0 MB) in 0.996s
generate input ids cost 0.09523653984069824 s
INFO 01-17 10:58:17.234452.234452 lmp.py:1565] prefill time: 2.176657199859619 seconds
INFO 01-17 10:58:17.837349.837349 lmp.py:1632] decode step 0 time: 0.5792660713195801 seconds
INFO 01-17 10:58:18.257081.257081 lmp.py:1632] decode step 1 time: 0.41849517822265625 seconds
INFO 01-17 10:58:18.659837.659837 lmp.py:1632] decode step 2 time: 0.4016764163970947 seconds
INFO 01-17 10:58:19.146585.146585 lmp.py:1632] decode step 3 time: 0.4854915142059326 seconds
INFO 01-17 10:58:19.594542.594542 lmp.py:1632] decode step 4 time: 0.44710493087768555 seconds
INFO 01-17 10:58:20.048297.048297 lmp.py:1632] decode step 5 time: 0.4533388614654541 seconds
INFO 01-17 10:58:20.445552.445552 lmp.py:1632] decode step 6 time: 0.39615797996520996 seconds
INFO 01-17 10:58:20.871260.871260 lmp.py:1632] decode step 7 time: 0.42461061477661133 seconds
INFO 01-17 10:58:21.270842.270842 lmp.py:1632] decode step 8 time: 0.3985936641693115 seconds
INFO 01-17 10:58:21.660284.660284 lmp.py:1632] decode step 9 time: 0.3887805938720703 seconds
INFO 01-17 10:58:22.050735.050735 lmp.py:1632] decode step 10 time: 0.38846611976623535 seconds
INFO 01-17 10:58:22.451387.451387 lmp.py:1632] decode step 11 time: 0.4005117416381836 seconds
INFO 01-17 10:58:22.836554.836554 lmp.py:1632] decode step 12 time: 0.3840210437774658 seconds
INFO 01-17 10:58:23.234419.234419 lmp.py:1632] decode step 13 time: 0.3970968723297119 seconds
INFO 01-17 10:58:23.620274.620274 lmp.py:1632] decode step 14 time: 0.3848147392272949 seconds
INFO 01-17 10:58:23.990846.990846 lmp.py:1632] decode step 15 time: 0.36957859992980957 seconds
INFO 01-17 10:58:24.384998.384998 lmp.py:1632] decode step 16 time: 0.3922693729400635 seconds
INFO 01-17 10:58:24.777465.777465 lmp.py:1632] decode step 17 time: 0.39249587059020996 seconds
INFO 01-17 10:58:25.157663.157663 lmp.py:1632] decode step 18 time: 0.3787517547607422 seconds
INFO 01-17 10:58:25.554892.554892 lmp.py:1632] decode step 19 time: 0.3965287208557129 seconds
INFO 01-17 10:58:25.958496.958496 lmp.py:1632] decode step 20 time: 0.40299510955810547 seconds
INFO 01-17 10:58:26.365733.365733 lmp.py:1632] decode step 21 time: 0.40544652938842773 seconds
INFO 01-17 10:58:26.758854.758854 lmp.py:1632] decode step 22 time: 0.392852783203125 seconds
INFO 01-17 10:58:27.153173.153173 lmp.py:1632] decode step 23 time: 0.3932607173919678 seconds
INFO 01-17 10:58:27.551332.551332 lmp.py:1632] decode step 24 time: 0.39723992347717285 seconds
INFO 01-17 10:58:27.943544.943544 lmp.py:1632] decode step 25 time: 0.3918037414550781 seconds
INFO 01-17 10:58:28.341381.341381 lmp.py:1632] decode step 26 time: 0.3967130184173584 seconds
INFO 01-17 10:58:28.736420.736420 lmp.py:1632] decode step 27 time: 0.39388155937194824 seconds
INFO 01-17 10:58:29.144648.144648 lmp.py:1632] decode step 28 time: 0.40741991996765137 seconds
INFO 01-17 10:58:29.549704.549704 lmp.py:1632] decode step 29 time: 0.40337419509887695 seconds
INFO 01-17 10:58:29.929510.929510 lmp.py:1632] decode step 30 time: 0.37920713424682617 seconds
INFO 01-17 10:58:29.930021.930021 lmp.py:1634] average decode time: 0.40781436427947015 seconds
generate input ids cost 0.08568525314331055 s
INFO 01-17 10:58:43.476180.476180 lmp.py:1565] prefill time: 1.7139098644256592 seconds
INFO 01-17 10:58:43.936899.936899 lmp.py:1632] decode step 0 time: 0.43538570404052734 seconds
INFO 01-17 10:58:44.362900.362900 lmp.py:1632] decode step 1 time: 0.42511701583862305 seconds
INFO 01-17 10:58:44.789784.789784 lmp.py:1632] decode step 2 time: 0.42664575576782227 seconds
INFO 01-17 10:58:45.227991.227991 lmp.py:1632] decode step 3 time: 0.43657565116882324 seconds
INFO 01-17 10:58:45.680169.680169 lmp.py:1632] decode step 4 time: 0.452089786529541 seconds
INFO 01-17 10:58:46.142814.142814 lmp.py:1632] decode step 5 time: 0.4620370864868164 seconds
INFO 01-17 10:58:46.587972.587972 lmp.py:1632] decode step 6 time: 0.44400691986083984 seconds
INFO 01-17 10:58:47.000299.000299 lmp.py:1632] decode step 7 time: 0.41213107109069824 seconds
INFO 01-17 10:58:47.417684.417684 lmp.py:1632] decode step 8 time: 0.41666603088378906 seconds
INFO 01-17 10:58:47.860106.860106 lmp.py:1632] decode step 9 time: 0.44225144386291504 seconds
INFO 01-17 10:58:48.272850.272850 lmp.py:1632] decode step 10 time: 0.41137242317199707 seconds
INFO 01-17 10:58:48.682116.682116 lmp.py:1632] decode step 11 time: 0.40926313400268555 seconds
INFO 01-17 10:58:49.084929.084929 lmp.py:1632] decode step 12 time: 0.40088415145874023 seconds
INFO 01-17 10:58:49.506825.506825 lmp.py:1632] decode step 13 time: 0.4215352535247803 seconds
INFO 01-17 10:58:49.904846.904846 lmp.py:1632] decode step 14 time: 0.39679932594299316 seconds
INFO 01-17 10:58:50.312325.312325 lmp.py:1632] decode step 15 time: 0.4067847728729248 seconds
INFO 01-17 10:58:50.716063.716063 lmp.py:1632] decode step 16 time: 0.4034714698791504 seconds
INFO 01-17 10:58:51.144682.144682 lmp.py:1632] decode step 17 time: 0.42659854888916016 seconds
INFO 01-17 10:58:51.555264.555264 lmp.py:1632] decode step 18 time: 0.41022324562072754 seconds
INFO 01-17 10:58:51.990429.990429 lmp.py:1632] decode step 19 time: 0.4348263740539551 seconds
INFO 01-17 10:58:52.404999.404999 lmp.py:1632] decode step 20 time: 0.4123983383178711 seconds
INFO 01-17 10:58:52.806710.806710 lmp.py:1632] decode step 21 time: 0.40107059478759766 seconds
INFO 01-17 10:58:53.224988.224988 lmp.py:1632] decode step 22 time: 0.4174811840057373 seconds
INFO 01-17 10:58:53.620592.620592 lmp.py:1632] decode step 23 time: 0.3945300579071045 seconds
INFO 01-17 10:58:54.012079.012079 lmp.py:1632] decode step 24 time: 0.3912527561187744 seconds
INFO 01-17 10:58:54.399949.399949 lmp.py:1632] decode step 25 time: 0.3859584331512451 seconds
INFO 01-17 10:58:54.784572.784572 lmp.py:1632] decode step 26 time: 0.3842930793762207 seconds
INFO 01-17 10:58:55.207319.207319 lmp.py:1632] decode step 27 time: 0.42259740829467773 seconds
INFO 01-17 10:58:55.599124.599124 lmp.py:1632] decode step 28 time: 0.39057064056396484 seconds
INFO 01-17 10:58:55.981861.981861 lmp.py:1632] decode step 29 time: 0.38147449493408203 seconds
INFO 01-17 10:58:56.400764.400764 lmp.py:1632] decode step 30 time: 0.4181692600250244 seconds
INFO 01-17 10:58:56.401626.401626 lmp.py:1634] average decode time: 0.4153052068525745 seconds
generate input ids cost 0.08236312866210938 s
INFO 01-17 10:59:10.129781.129781 lmp.py:1565] prefill time: 1.8050751686096191 seconds
INFO 01-17 10:59:10.571376.571376 lmp.py:1632] decode step 0 time: 0.4185185432434082 seconds
INFO 01-17 10:59:10.962069.962069 lmp.py:1632] decode step 1 time: 0.3898296356201172 seconds
INFO 01-17 10:59:11.355208.355208 lmp.py:1632] decode step 2 time: 0.3916656970977783 seconds
INFO 01-17 10:59:11.774161.774161 lmp.py:1632] decode step 3 time: 0.41840577125549316 seconds
INFO 01-17 10:59:12.205912.205912 lmp.py:1632] decode step 4 time: 0.42966270446777344 seconds
INFO 01-17 10:59:12.599554.599554 lmp.py:1632] decode step 5 time: 0.3931553363800049 seconds
INFO 01-17 10:59:13.002557.002557 lmp.py:1632] decode step 6 time: 0.4022834300994873 seconds
INFO 01-17 10:59:13.439848.439848 lmp.py:1632] decode step 7 time: 0.43592143058776855 seconds
INFO 01-17 10:59:13.836353.836353 lmp.py:1632] decode step 8 time: 0.39594292640686035 seconds
INFO 01-17 10:59:14.202173.202173 lmp.py:1632] decode step 9 time: 0.3652980327606201 seconds
INFO 01-17 10:59:14.565151.565151 lmp.py:1632] decode step 10 time: 0.3628265857696533 seconds
INFO 01-17 10:59:14.951154.951154 lmp.py:1632] decode step 11 time: 0.38457393646240234 seconds
INFO 01-17 10:59:15.339274.339274 lmp.py:1632] decode step 12 time: 0.38754963874816895 seconds
INFO 01-17 10:59:15.750516.750516 lmp.py:1632] decode step 13 time: 0.41040754318237305 seconds
INFO 01-17 10:59:16.135065.135065 lmp.py:1632] decode step 14 time: 0.384066104888916 seconds
INFO 01-17 10:59:16.532900.532900 lmp.py:1632] decode step 15 time: 0.39582157135009766 seconds
INFO 01-17 10:59:16.933809.933809 lmp.py:1632] decode step 16 time: 0.399552583694458 seconds
INFO 01-17 10:59:17.355538.355538 lmp.py:1632] decode step 17 time: 0.4216616153717041 seconds
INFO 01-17 10:59:17.738933.738933 lmp.py:1632] decode step 18 time: 0.38207125663757324 seconds
INFO 01-17 10:59:18.122257.122257 lmp.py:1632] decode step 19 time: 0.38275980949401855 seconds
INFO 01-17 10:59:18.496648.496648 lmp.py:1632] decode step 20 time: 0.3730325698852539 seconds
INFO 01-17 10:59:18.892160.892160 lmp.py:1632] decode step 21 time: 0.3944578170776367 seconds
INFO 01-17 10:59:19.274398.274398 lmp.py:1632] decode step 22 time: 0.38158679008483887 seconds
INFO 01-17 10:59:19.654759.654759 lmp.py:1632] decode step 23 time: 0.3788018226623535 seconds
INFO 01-17 10:59:20.028632.028632 lmp.py:1632] decode step 24 time: 0.3733713626861572 seconds
INFO 01-17 10:59:20.429667.429667 lmp.py:1632] decode step 25 time: 0.39971184730529785 seconds
INFO 01-17 10:59:20.832273.832273 lmp.py:1632] decode step 26 time: 0.4022400379180908 seconds
INFO 01-17 10:59:21.204149.204149 lmp.py:1632] decode step 27 time: 0.37108421325683594 seconds
INFO 01-17 10:59:21.596291.596291 lmp.py:1632] decode step 28 time: 0.3909018039703369 seconds
INFO 01-17 10:59:21.979894.979894 lmp.py:1632] decode step 29 time: 0.38196492195129395 seconds
INFO 01-17 10:59:22.370767.370767 lmp.py:1632] decode step 30 time: 0.39041614532470703 seconds
INFO 01-17 10:59:22.371178.371178 lmp.py:1634] average decode time: 0.3932110801819832 seconds
