here pin
INFO 01-17 11:03:09.977999.977999 pinpool.py:28] Initializing PinnedMemoryPool with 2GB total, allocating in 1024MB chunks...
INFO 01-17 11:03:10.522237.522237 pinpool.py:40] Allocated chunk 1: 536870912 elements (1024.0 MB)
INFO 01-17 11:03:10.960594.960594 pinpool.py:40] Allocated chunk 2: 536870912 elements (1024.0 MB)
INFO 01-17 11:03:10.960832.960832 pinpool.py:52] Successfully allocated 2 chunks, total 1073741824 elements (2048.0 MB) in 0.984s
here pin
INFO 01-17 11:03:14.630700.630700 pinpool.py:28] Initializing PinnedMemoryPool with 2GB total, allocating in 1024MB chunks...
INFO 01-17 11:03:15.142577.142577 pinpool.py:40] Allocated chunk 1: 536870912 elements (1024.0 MB)
INFO 01-17 11:03:15.584691.584691 pinpool.py:40] Allocated chunk 2: 536870912 elements (1024.0 MB)
INFO 01-17 11:03:15.585190.585190 pinpool.py:52] Successfully allocated 2 chunks, total 1073741824 elements (2048.0 MB) in 0.954s
generate input ids cost 0.1000516414642334 s
INFO 01-17 11:03:25.218773.218773 lmp.py:1565] prefill time: 1.831599473953247 seconds
INFO 01-17 11:03:25.894690.894690 lmp.py:1632] decode step 0 time: 0.6391196250915527 seconds
INFO 01-17 11:03:26.401456.401456 lmp.py:1632] decode step 1 time: 0.5063636302947998 seconds
INFO 01-17 11:03:26.794956.794956 lmp.py:1632] decode step 2 time: 0.39298272132873535 seconds
INFO 01-17 11:03:27.117765.117765 lmp.py:1632] decode step 3 time: 0.3220677375793457 seconds
INFO 01-17 11:03:27.336282.336282 lmp.py:1632] decode step 4 time: 0.21876215934753418 seconds
INFO 01-17 11:03:27.521624.521624 lmp.py:1632] decode step 5 time: 0.1845085620880127 seconds
INFO 01-17 11:03:27.706913.706913 lmp.py:1632] decode step 6 time: 0.18400883674621582 seconds
INFO 01-17 11:03:27.891114.891114 lmp.py:1632] decode step 7 time: 0.18485093116760254 seconds
INFO 01-17 11:03:28.076810.076810 lmp.py:1632] decode step 8 time: 0.18393659591674805 seconds
INFO 01-17 11:03:28.259466.259466 lmp.py:1632] decode step 9 time: 0.18291258811950684 seconds
INFO 01-17 11:03:28.443167.443167 lmp.py:1632] decode step 10 time: 0.1826648712158203 seconds
INFO 01-17 11:03:28.619740.619740 lmp.py:1632] decode step 11 time: 0.1756143569946289 seconds
INFO 01-17 11:03:28.799405.799405 lmp.py:1632] decode step 12 time: 0.18006682395935059 seconds
INFO 01-17 11:03:28.984210.984210 lmp.py:1632] decode step 13 time: 0.18429923057556152 seconds
INFO 01-17 11:03:29.168306.168306 lmp.py:1632] decode step 14 time: 0.18392133712768555 seconds
INFO 01-17 11:03:29.352301.352301 lmp.py:1632] decode step 15 time: 0.18290472030639648 seconds
INFO 01-17 11:03:29.530870.530870 lmp.py:1632] decode step 16 time: 0.17782068252563477 seconds
INFO 01-17 11:03:29.712212.712212 lmp.py:1632] decode step 17 time: 0.18148398399353027 seconds
INFO 01-17 11:03:29.889526.889526 lmp.py:1632] decode step 18 time: 0.17689847946166992 seconds
INFO 01-17 11:03:30.069310.069310 lmp.py:1632] decode step 19 time: 0.17909812927246094 seconds
INFO 01-17 11:03:30.244656.244656 lmp.py:1632] decode step 20 time: 0.1742112636566162 seconds
INFO 01-17 11:03:30.424498.424498 lmp.py:1632] decode step 21 time: 0.17983126640319824 seconds
INFO 01-17 11:03:30.603043.603043 lmp.py:1632] decode step 22 time: 0.17854738235473633 seconds
INFO 01-17 11:03:30.788332.788332 lmp.py:1632] decode step 23 time: 0.18391680717468262 seconds
INFO 01-17 11:03:30.962711.962711 lmp.py:1632] decode step 24 time: 0.1738886833190918 seconds
INFO 01-17 11:03:31.141216.141216 lmp.py:1632] decode step 25 time: 0.17904281616210938 seconds
INFO 01-17 11:03:31.318145.318145 lmp.py:1632] decode step 26 time: 0.1763319969177246 seconds
INFO 01-17 11:03:31.498549.498549 lmp.py:1632] decode step 27 time: 0.1789391040802002 seconds
INFO 01-17 11:03:31.676808.676808 lmp.py:1632] decode step 28 time: 0.17786860466003418 seconds
INFO 01-17 11:03:31.855924.855924 lmp.py:1632] decode step 29 time: 0.17850971221923828 seconds
INFO 01-17 11:03:32.030948.030948 lmp.py:1632] decode step 30 time: 0.17421317100524902 seconds
INFO 01-17 11:03:32.030434.030434 lmp.py:1634] average decode time: 0.21805118745373142 seconds
generate input ids cost 0.09384369850158691 s
INFO 01-17 11:03:39.891560.891560 lmp.py:1565] prefill time: 1.3190147876739502 seconds
INFO 01-17 11:03:40.466838.466838 lmp.py:1632] decode step 0 time: 0.5409893989562988 seconds
INFO 01-17 11:03:40.908028.908028 lmp.py:1632] decode step 1 time: 0.4416675567626953 seconds
INFO 01-17 11:03:41.303274.303274 lmp.py:1632] decode step 2 time: 0.3944265842437744 seconds
INFO 01-17 11:03:41.655445.655445 lmp.py:1632] decode step 3 time: 0.3516252040863037 seconds
INFO 01-17 11:03:41.897377.897377 lmp.py:1632] decode step 4 time: 0.2420358657836914 seconds
INFO 01-17 11:03:42.078083.078083 lmp.py:1632] decode step 5 time: 0.18048954010009766 seconds
INFO 01-17 11:03:42.262162.262162 lmp.py:1632] decode step 6 time: 0.18304705619812012 seconds
INFO 01-17 11:03:42.459867.459867 lmp.py:1632] decode step 7 time: 0.1966114044189453 seconds
INFO 01-17 11:03:42.637072.637072 lmp.py:1632] decode step 8 time: 0.17751741409301758 seconds
INFO 01-17 11:03:42.818055.818055 lmp.py:1632] decode step 9 time: 0.18012452125549316 seconds
INFO 01-17 11:03:43.001406.001406 lmp.py:1632] decode step 10 time: 0.18315649032592773 seconds
INFO 01-17 11:03:43.194055.194055 lmp.py:1632] decode step 11 time: 0.1923809051513672 seconds
INFO 01-17 11:03:43.385557.385557 lmp.py:1632] decode step 12 time: 0.19034385681152344 seconds
INFO 01-17 11:03:43.563459.563459 lmp.py:1632] decode step 13 time: 0.1776719093322754 seconds
INFO 01-17 11:03:43.747900.747900 lmp.py:1632] decode step 14 time: 0.18311643600463867 seconds
INFO 01-17 11:03:43.926231.926231 lmp.py:1632] decode step 15 time: 0.178727388381958 seconds
INFO 01-17 11:03:44.103932.103932 lmp.py:1632] decode step 16 time: 0.1761789321899414 seconds
INFO 01-17 11:03:44.290652.290652 lmp.py:1632] decode step 17 time: 0.1859297752380371 seconds
INFO 01-17 11:03:44.467464.467464 lmp.py:1632] decode step 18 time: 0.17696642875671387 seconds
INFO 01-17 11:03:44.647737.647737 lmp.py:1632] decode step 19 time: 0.17968368530273438 seconds
INFO 01-17 11:03:44.820914.820914 lmp.py:1632] decode step 20 time: 0.17247796058654785 seconds
INFO 01-17 11:03:44.991519.991519 lmp.py:1632] decode step 21 time: 0.17083024978637695 seconds
INFO 01-17 11:03:45.168141.168141 lmp.py:1632] decode step 22 time: 0.17681074142456055 seconds
INFO 01-17 11:03:45.353698.353698 lmp.py:1632] decode step 23 time: 0.1843862533569336 seconds
INFO 01-17 11:03:45.538734.538734 lmp.py:1632] decode step 24 time: 0.1844630241394043 seconds
INFO 01-17 11:03:45.721472.721472 lmp.py:1632] decode step 25 time: 0.18197917938232422 seconds
INFO 01-17 11:03:45.902434.902434 lmp.py:1632] decode step 26 time: 0.1803901195526123 seconds
INFO 01-17 11:03:46.080695.080695 lmp.py:1632] decode step 27 time: 0.17766237258911133 seconds
INFO 01-17 11:03:46.258774.258774 lmp.py:1632] decode step 28 time: 0.17779254913330078 seconds
INFO 01-17 11:03:46.443167.443167 lmp.py:1632] decode step 29 time: 0.18465375900268555 seconds
INFO 01-17 11:03:46.622139.622139 lmp.py:1632] decode step 30 time: 0.17816376686096191 seconds
INFO 01-17 11:03:46.622064.622064 lmp.py:1634] average decode time: 0.215558075135754 seconds
generate input ids cost 0.08660531044006348 s
INFO 01-17 11:03:55.149677.149677 lmp.py:1565] prefill time: 1.3167717456817627 seconds
INFO 01-17 11:03:55.661046.661046 lmp.py:1632] decode step 0 time: 0.47864294052124023 seconds
INFO 01-17 11:03:56.078234.078234 lmp.py:1632] decode step 1 time: 0.4158012866973877 seconds
INFO 01-17 11:03:56.416884.416884 lmp.py:1632] decode step 2 time: 0.3378324508666992 seconds
INFO 01-17 11:03:56.766365.766365 lmp.py:1632] decode step 3 time: 0.3487837314605713 seconds
INFO 01-17 11:03:57.041032.041032 lmp.py:1632] decode step 4 time: 0.2747533321380615 seconds
INFO 01-17 11:03:57.243539.243539 lmp.py:1632] decode step 5 time: 0.2018871307373047 seconds
INFO 01-17 11:03:57.430999.430999 lmp.py:1632] decode step 6 time: 0.18639326095581055 seconds
INFO 01-17 11:03:57.620424.620424 lmp.py:1632] decode step 7 time: 0.18920469284057617 seconds
INFO 01-17 11:03:57.810626.810626 lmp.py:1632] decode step 8 time: 0.18920612335205078 seconds
INFO 01-17 11:03:57.995703.995703 lmp.py:1632] decode step 9 time: 0.1840503215789795 seconds
INFO 01-17 11:03:58.178774.178774 lmp.py:1632] decode step 10 time: 0.1829380989074707 seconds
INFO 01-17 11:03:58.363154.363154 lmp.py:1632] decode step 11 time: 0.18396663665771484 seconds
INFO 01-17 11:03:58.548641.548641 lmp.py:1632] decode step 12 time: 0.18436336517333984 seconds
INFO 01-17 11:03:58.731537.731537 lmp.py:1632] decode step 13 time: 0.18236851692199707 seconds
INFO 01-17 11:03:58.915731.915731 lmp.py:1632] decode step 14 time: 0.18369817733764648 seconds
INFO 01-17 11:03:59.098516.098516 lmp.py:1632] decode step 15 time: 0.18228530883789062 seconds
INFO 01-17 11:03:59.279226.279226 lmp.py:1632] decode step 16 time: 0.1807267665863037 seconds
INFO 01-17 11:03:59.460296.460296 lmp.py:1632] decode step 17 time: 0.18061208724975586 seconds
INFO 01-17 11:03:59.641373.641373 lmp.py:1632] decode step 18 time: 0.18099284172058105 seconds
INFO 01-17 11:03:59.820414.820414 lmp.py:1632] decode step 19 time: 0.17778635025024414 seconds
INFO 01-17 11:04:00.002107.002107 lmp.py:1632] decode step 20 time: 0.1817188262939453 seconds
INFO 01-17 11:04:00.184219.184219 lmp.py:1632] decode step 21 time: 0.1815807819366455 seconds
INFO 01-17 11:04:00.359719.359719 lmp.py:1632] decode step 22 time: 0.17443323135375977 seconds
INFO 01-17 11:04:00.538571.538571 lmp.py:1632] decode step 23 time: 0.17821121215820312 seconds
INFO 01-17 11:04:00.721306.721306 lmp.py:1632] decode step 24 time: 0.18278932571411133 seconds
INFO 01-17 11:04:00.902991.902991 lmp.py:1632] decode step 25 time: 0.1811838150024414 seconds
INFO 01-17 11:04:01.080214.080214 lmp.py:1632] decode step 26 time: 0.17681288719177246 seconds
INFO 01-17 11:04:01.259456.259456 lmp.py:1632] decode step 27 time: 0.17890572547912598 seconds
INFO 01-17 11:04:01.436343.436343 lmp.py:1632] decode step 28 time: 0.1762087345123291 seconds
INFO 01-17 11:04:01.615603.615603 lmp.py:1632] decode step 29 time: 0.17894768714904785 seconds
INFO 01-17 11:04:01.798508.798508 lmp.py:1632] decode step 30 time: 0.18230724334716797 seconds
INFO 01-17 11:04:01.799268.799268 lmp.py:1634] average decode time: 0.2128836416429089 seconds
